-----Sampling-----
=====> after trim_chrom:  长度是22---[['R00728', 'C00082', 'C00022'], ['R01784', 'C00022', 'C00684'], ['R02522', 'C00684', 'C00545'], ['R02526', 'C00545', 'C01114'], ['R10787', 'C01114', 'C00259'], ['R01762', 'C00259', 'C02474'], ['R03078', 'C02474', 'C18094'], ['R09009', 'C18094', 'C00935'], ['R02636', 'C00935', 'C00617'], ['R00501', 'C00617', 'C00052'], ['R00502', 'C00052', 'C00446'], ['R00955', 'C00446', 'C00103'], ['R00959', 'C00103', 'C00668'], ['R02738', 'C00668', 'C04261'], ['R05132', 'C04261', 'C06187'], ['R05132', 'C06187', 'C06186'], ['R05769', 'C06186', 'C00530'], ['R05482', 'C00530', 'C02372'], ['R02562', 'C02372', 'C00568'], ['R05280', 'C00568', 'C00230'], ['R10136', 'C00230', 'C06672'], ['R05273', 'C06672', 'C00755']]<=====
=====> after trim_chrom:  长度是14---[['R11917', 'C00082', 'C03765'], ['R02695', 'C03765', 'C00642'], ['R02698', 'C00642', 'C01161'], ['R03299', 'C01161', 'C05593'], ['R02515', 'C05593', 'C00544'], ['R02521', 'C00544', 'C01179'], ['R06757', 'C01179', 'C12456'], ['R06757', 'C12456', 'C00235'], ['R01658', 'C00235', 'C00341'], ['R09040', 'C00341', 'C18131'], ['R09040', 'C18131', 'C00156'], ['R01298', 'C00156', 'C00230'], ['R07668', 'C00230', 'C06672'], ['R05273', 'C06672', 'C00755']]<=====
=====> after trim_chrom:  长度是8---[['R10246', 'C00082', 'C01468'], ['R07663', 'C01468', 'C06677'], ['R05281', 'C06677', 'C06678'], ['R05271', 'C06678', 'C06679'], ['R05272', 'C06679', 'C02236'], ['R01636', 'C02236', 'C00230'], ['R10136', 'C00230', 'C06672'], ['R05699', 'C06672', 'C00755']]<=====
--This is the 1th chromsome---
=====> after trim_chrom:  长度是5---[['R12759', 'C00082', 'C00146'], ['R10043', 'C00146', 'C00090'], ['R00822', 'C00090', 'C00230'], ['R05274', 'C00230', 'C06672'], ['R05273', 'C06672', 'C00755']]<=====
--This is the 2th chromsome---
=====> after trim_chrom:  长度是8---[['R00737', 'C00082', 'C00811'], ['R02950', 'C00811', 'C01197'], ['R11206', 'C01197', 'C00323'], ['R07931', 'C00323', 'C16372'], ['R07931', 'C16372', 'C08639'], ['R10261', 'C08639', 'C08604'], ['R10259', 'C08604', 'C06672'], ['R05273', 'C06672', 'C00755']]<=====
=====> after trim_chrom:  长度是5---[['R12759', 'C00082', 'C00146'], ['R11653', 'C00146', 'C00090'], ['R00822', 'C00090', 'C00230'], ['R07668', 'C00230', 'C06672'], ['R05273', 'C06672', 'C00755']]<=====
--This is the 3th chromsome---
=====> after trim_chrom:  长度是20---[['R12540', 'C00082', 'C00079'], ['R00697', 'C00079', 'C00423'], ['R02253', 'C00423', 'C00811'], ['R07826', 'C00811', 'C01197'], ['R01943', 'C01197', 'C00323'], ['R01942', 'C00323', 'C00406'], ['R12566', 'C00406', 'C00024'], ['R00743', 'C00024', 'C00083'], ['R10967', 'C00083', 'C02183'], ['R13085', 'C02183', 'C22552'], ['R13083', 'C22552', 'C01617'], ['R03124', 'C01617', 'C00974'], ['R02444', 'C00974', 'C00509'], ['R02443', 'C00509', 'C05911'], ['R05039', 'C05911', 'C02906'], ['R05038', 'C02906', 'C05909'], ['R05037', 'C05909', 'C05908'], ['R06536', 'C05908', 'C12138'], ['R10297', 'C12138', 'C06672'], ['R05699', 'C06672', 'C00755']]<=====
=====> after trim_chrom:  长度是9---[['R06626', 'C00082', 'C01179'], ['R06632', 'C01179', 'C03198'], ['R02673', 'C03198', 'C00633'], ['R01293', 'C00633', 'C00156'], ['R01238', 'C00156', 'C00146'], ['R10043', 'C00146', 'C00090'], ['R00822', 'C00090', 'C00230'], ['R05274', 'C00230', 'C06672'], ['R05699', 'C06672', 'C00755']]<=====
--This is the 4th chromsome---
=====> after trim_chrom:  长度是16---[['R12540', 'C00082', 'C00079'], ['R11068', 'C00079', 'C00166'], ['R01372', 'C00166', 'C05852'], ['R05487', 'C05852', 'C07086'], ['R06791', 'C07086', 'C05593'], ['R02517', 'C05593', 'C00544'], ['R02514', 'C00544', 'C00642'], ['R07312', 'C00642', 'C01468'], ['R03568', 'C01468', 'C06730'], ['R05294', 'C06730', 'C06677'], ['R05281', 'C06677', 'C06678'], ['R05271', 'C06678', 'C06679'], ['R05272', 'C06679', 'C02236'], ['R01636', 'C02236', 'C00230'], ['R10136', 'C00230', 'C06672'], ['R05699', 'C06672', 'C00755']]<=====
=====> after trim_chrom:  长度是8---[['R06626', 'C00082', 'C01179'], ['R02521', 'C01179', 'C00544'], ['R02518', 'C00544', 'C05585'], ['R02655', 'C05585', 'C00628'], ['R02589', 'C00628', 'C00587'], ['R01628', 'C00587', 'C00230'], ['R10136', 'C00230', 'C06672'], ['R05699', 'C06672', 'C00755']]<=====
--This is the 5th chromsome---
=====> after trim_chrom:  长度是17---[['R01815', 'C00082', 'C00355'], ['R03672', 'C00355', 'C05604'], ['R08816', 'C05604', 'C17751'], ['R08817', 'C17751', 'C17752'], ['R08818', 'C17752', 'C08537'], ['R08819', 'C08537', 'C00031'], ['R03323', 'C00031', 'C01175'], ['R10299', 'C01175', 'C00482'], ['R10298', 'C00482', 'C12137'], ['R06534', 'C12137', 'C05904'], ['R04276', 'C05904', 'C00026'], ['R04234', 'C00026', 'C03590'], ['R02672', 'C03590', 'C00633'], ['R01303', 'C00633', 'C00156'], ['R01296', 'C00156', 'C00230'], ['R10136', 'C00230', 'C06672'], ['R05273', 'C06672', 'C00755']]<=====
=====> after trim_chrom:  长度是9---[['R12540', 'C00082', 'C00079'], ['R08463', 'C00079', 'C08301'], ['R09089', 'C08301', 'C17268'], ['R09088', 'C17268', 'C00022'], ['R05553', 'C00022', 'C11355'], ['R05553', 'C11355', 'C00568'], ['R05280', 'C00568', 'C00230'], ['R10136', 'C00230', 'C06672'], ['R05699', 'C06672', 'C00755']]<=====
=====> after trim_chrom:  长度是8---[['R09254', 'C00082', 'C01179'], ['R02521', 'C01179', 'C00544'], ['R02518', 'C00544', 'C05585'], ['R02655', 'C05585', 'C00628'], ['R02589', 'C00628', 'C00587'], ['R01628', 'C00587', 'C00230'], ['R05274', 'C00230', 'C06672'], ['R05273', 'C06672', 'C00755']]<=====
--This is the 6th chromsome---
=====> after trim_chrom:  长度是9---[['R12541', 'C00082', 'C00355'], ['R08920', 'C00355', 'C04045'], ['R02077', 'C04045', 'C00026'], ['R09511', 'C00026', 'C00067'], ['R12301', 'C00067', 'C01502'], ['R12301', 'C01502', 'C00090'], ['R00822', 'C00090', 'C00230'], ['R07668', 'C00230', 'C06672'], ['R05699', 'C06672', 'C00755']]<=====
=====> after trim_chrom:  长度是20---[['R07212', 'C00082', 'C00355'], ['R08920', 'C00355', 'C04045'], ['R02077', 'C04045', 'C00026'], ['R04029', 'C00026', 'C00025'], ['R11297', 'C00025', 'C17704'], ['R11302', 'C17704', 'C00908'], ['R03056', 'C00908', 'C03524'], ['R03056', 'C03524', 'C00024'], ['R01978', 'C00024', 'C00356'], ['R01978', 'C00356', 'C00332'], ['R09527', 'C00332', 'C00083'], ['R07251', 'C00083', 'C00021'], ['R09872', 'C00021', 'C03582'], ['R01614', 'C03582', 'C00223'], ['R08807', 'C00223', 'C17743'], ['R08811', 'C17743', 'C17742'], ['R08812', 'C17742', 'C10443'], ['R08810', 'C10443', 'C17741'], ['R08806', 'C17741', 'C00406'], ['R12566', 'C00406', 'C00755']]<=====
=====> after trim_chrom:  长度是12---[['R12541', 'C00082', 'C00355'], ['R08846', 'C00355', 'C10447'], ['R13082', 'C10447', 'C22567'], ['R13072', 'C22567', 'C05631'], ['R03640', 'C05631', 'C00042'], ['R06551', 'C00042', 'C05911'], ['R05039', 'C05911', 'C02906'], ['R05038', 'C02906', 'C05909'], ['R05037', 'C05909', 'C05908'], ['R06536', 'C05908', 'C12138'], ['R10297', 'C12138', 'C06672'], ['R05699', 'C06672', 'C00755']]<=====
--This is the 7th chromsome---
=====> after trim_chrom:  长度是9---[['R00729', 'C00082', 'C01179'], ['R03339', 'C01179', 'C03964'], ['R12492', 'C03964', 'C00811'], ['R01308', 'C00811', 'C00156'], ['R01238', 'C00156', 'C00146'], ['R11653', 'C00146', 'C00090'], ['R00822', 'C00090', 'C00230'], ['R05274', 'C00230', 'C06672'], ['R05273', 'C06672', 'C00755']]<=====
--This is the 8th chromsome---
=====> after trim_chrom:  长度是15---[['R00732', 'C00082', 'C00826'], ['R01731', 'C00826', 'C00049'], ['R08478', 'C00049', 'C10733'], ['R08477', 'C10733', 'C00108'], ['R00989', 'C00108', 'C03147'], ['R00989', 'C03147', 'C00083'], ['R06800', 'C00083', 'C12647'], ['R06800', 'C12647', 'C12641'], ['R06799', 'C12641', 'C12640'], ['R07876', 'C12640', 'C00323'], ['R07944', 'C00323', 'C16313'], ['R07944', 'C16313', 'C16312'], ['R10299', 'C16312', 'C12138'], ['R10297', 'C12138', 'C06672'], ['R05699', 'C06672', 'C00755']]<=====
=====> after trim_chrom:  长度是8---[['R00734', 'C00082', 'C01179'], ['R06626', 'C01179', 'C03590'], ['R04160', 'C03590', 'C03198'], ['R02673', 'C03198', 'C00633'], ['R01303', 'C00633', 'C00156'], ['R01296', 'C00156', 'C00230'], ['R10136', 'C00230', 'C06672'], ['R05273', 'C06672', 'C00755']]<=====
--This is the 9th chromsome---
=====> after trim_chrom:  长度是14---[['R00730', 'C00082', 'C03004'], ['R04460', 'C03004', 'C15503'], ['R07190', 'C15503', 'C04350'], ['R05728', 'C04350', 'C03742'], ['R02676', 'C03742', 'C00633'], ['R02675', 'C00633', 'C01468'], ['R03568', 'C01468', 'C06730'], ['R05294', 'C06730', 'C06677'], ['R05281', 'C06677', 'C06678'], ['R05271', 'C06678', 'C06679'], ['R05272', 'C06679', 'C02236'], ['R01636', 'C02236', 'C00230'], ['R07668', 'C00230', 'C06672'], ['R05699', 'C06672', 'C00755']]<=====
Path length exceeds 10, regenerating.
=====> after trim_chrom:  长度是4---[['R10246', 'C00082', 'C05198'], ['R08873', 'C05198', 'C06453'], ['R07668', 'C06453', 'C06672'], ['R05273', 'C06672', 'C00755']]<=====
--This is the 10th chromsome---
=====> after trim_chrom:  长度是11---[['R00031', 'C00082', 'C00355'], ['R07212', 'C00355', 'C00272'], ['R08208', 'C00272', 'C03684'], ['R04286', 'C03684', 'C04895'], ['R09959', 'C04895', 'C00084'], ['R00326', 'C00084', 'C00033'], ['R00458', 'C00033', 'C02727'], ['R00454', 'C02727', 'C00047'], ['R00453', 'C00047', 'C00041'], ['R12622', 'C00041', 'C16666'], ['R12622', 'C16666', 'C00755']]<=====
=====> after trim_chrom:  长度是5---[['R00737', 'C00082', 'C00811'], ['R01308', 'C00811', 'C00156'], ['R01298', 'C00156', 'C00230'], ['R05274', 'C00230', 'C06672'], ['R05699', 'C06672', 'C00755']]<=====
--This is the 11th chromsome---
=====> after trim_chrom:  长度是5---[['R00737', 'C00082', 'C00811'], ['R01308', 'C00811', 'C00156'], ['R01298', 'C00156', 'C00230'], ['R07668', 'C00230', 'C06672'], ['R05273', 'C06672', 'C00755']]<=====
--This is the 12th chromsome---
=====> after trim_chrom:  长度是9---[['R10246', 'C00082', 'C01468'], ['R03568', 'C01468', 'C06730'], ['R05294', 'C06730', 'C06677'], ['R05281', 'C06677', 'C06678'], ['R05271', 'C06678', 'C06679'], ['R05272', 'C06679', 'C02236'], ['R01636', 'C02236', 'C00230'], ['R07668', 'C00230', 'C06672'], ['R05273', 'C06672', 'C00755']]<=====
--This is the 13th chromsome---
=====> after trim_chrom:  长度是27---[['R10246', 'C00082', 'C01468'], ['R02675', 'C01468', 'C00633'], ['R01294', 'C00633', 'C00156'], ['R05000', 'C00156', 'C05848'], ['R05000', 'C05848', 'C05847'], ['R10757', 'C05847', 'C19847'], ['R09736', 'C19847', 'C05819'], ['R10149', 'C05819', 'C00828'], ['R12238', 'C00828', 'C05198'], ['R11494', 'C05198', 'C04536'], ['R06268', 'C04536', 'C00073'], ['R02821', 'C00073', 'C00155'], ['R01290', 'C00155', 'C02291'], ['R01001', 'C02291', 'C00109'], ['R10991', 'C00109', 'C00026'], ['R11593', 'C00026', 'C00022'], ['R01447', 'C00022', 'C00186'], ['R05508', 'C00186', 'C00033'], ['R07832', 'C00033', 'C16272'], ['R07831', 'C16272', 'C06719'], ['R05308', 'C06719', 'C02183'], ['R04297', 'C02183', 'C03743'], ['R04297', 'C03743', 'C01108'], ['R03247', 'C01108', 'C01424'], ['R01637', 'C01424', 'C00230'], ['R07668', 'C00230', 'C06672'], ['R05699', 'C06672', 'C00755']]<=====
=====> after trim_chrom:  长度是18---[['R10246', 'C00082', 'C15809'], ['R07463', 'C15809', 'C00037'], ['R00588', 'C00037', 'C00048'], ['R00466', 'C00048', 'C00209'], ['R01559', 'C00209', 'C00042'], ['R10413', 'C00042', 'C00026'], ['R05052', 'C00026', 'C00025'], ['R01072', 'C00025', 'C00064'], ['R00986', 'C00064', 'C00022'], ['R07692', 'C00022', 'C16210'], ['R07692', 'C16210', 'C16212'], ['R07696', 'C16212', 'C16213'], ['R07695', 'C16213', 'C00805'], ['R07709', 'C00805', 'C00628'], ['R02589', 'C00628', 'C00587'], ['R01628', 'C00587', 'C00230'], ['R05274', 'C00230', 'C06672'], ['R05273', 'C06672', 'C00755']]<=====
=====> after trim_chrom:  长度是10---[['R12759', 'C00082', 'C00146'], ['R01241', 'C00146', 'C00548'], ['R01241', 'C00548', 'C00033'], ['R00338', 'C00033', 'C00036'], ['R00350', 'C00036', 'C04115'], ['R04399', 'C04115', 'C04324'], ['R03550', 'C04324', 'C01424'], ['R01637', 'C01424', 'C00230'], ['R10136', 'C00230', 'C06672'], ['R05699', 'C06672', 'C00755']]<=====
=====> after trim_chrom:  长度是31---[['R00737', 'C00082', 'C00811'], ['R07826', 'C00811', 'C01197'], ['R11206', 'C01197', 'C10447'], ['R13082', 'C10447', 'C22567'], ['R13072', 'C22567', 'C05631'], ['R03640', 'C05631', 'C01617'], ['R03639', 'C01617', 'C02906'], ['R06539', 'C02906', 'C10107'], ['R10258', 'C10107', 'C00389'], ['R02436', 'C00389', 'C01750'], ['R09803', 'C01750', 'C02199'], ['R09754', 'C02199', 'C08983'], ['R09754', 'C08983', 'C19865'], ['R09753', 'C19865', 'C00052'], ['R00504', 'C00052', 'C04739'], ['R00504', 'C04739', 'C00043'], ['R02654', 'C00043', 'C01288'], ['R02654', 'C01288', 'C01194'], ['R03364', 'C01194', 'C04299'], ['R03333', 'C04299', 'C01177'], ['R03331', 'C01177', 'C01225'], ['R03331', 'C01225', 'C00116'], ['R00850', 'C00116', 'C00031'], ['R03075', 'C00031', 'C01175'], ['R02380', 'C01175', 'C00482'], ['R02379', 'C00482', 'C05619'], ['R02379', 'C05619', 'C00021'], ['R06578', 'C00021', 'C12203'], ['R06584', 'C12203', 'C00406'], ['R05772', 'C00406', 'C07303'], ['R05773', 'C07303', 'C00755']]<=====
=====> after trim_chrom:  长度是11---[['R01795', 'C00082', 'C00272'], ['R01813', 'C00272', 'C04244'], ['R04285', 'C04244', 'C03684'], ['R04286', 'C03684', 'C04895'], ['R04638', 'C04895', 'C05925'], ['R11718', 'C05925', 'C01300'], ['R03066', 'C01300', 'C00921'], ['R03066', 'C00921', 'C00568'], ['R05280', 'C00568', 'C00230'], ['R10136', 'C00230', 'C06672'], ['R05699', 'C06672', 'C00755']]<=====
=====> after trim_chrom:  长度是9---[['R12541', 'C00082', 'C00355'], ['R08846', 'C00355', 'C10447'], ['R13082', 'C10447', 'C22567'], ['R13082', 'C22567', 'C02183'], ['R04297', 'C02183', 'C01108'], ['R03247', 'C01108', 'C01424'], ['R01637', 'C01424', 'C00230'], ['R10136', 'C00230', 'C06672'], ['R05273', 'C06672', 'C00755']]<=====
=====> after trim_chrom:  长度是12---[['R10671', 'C00082', 'C04350'], ['R05728', 'C04350', 'C03742'], ['R02676', 'C03742', 'C00633'], ['R01303', 'C00633', 'C00156'], ['R01298', 'C00156', 'C00230'], ['R07668', 'C00230', 'C06672'], ['R10296', 'C06672', 'C12137'], ['R06801', 'C12137', 'C12642'], ['R06801', 'C12642', 'C00083'], ['R00742', 'C00083', 'C00024'], ['R12566', 'C00024', 'C00406'], ['R12566', 'C00406', 'C00755']]<=====
=====> after trim_chrom:  长度是16---[['R12540', 'C00082', 'C00079'], ['R08690', 'C00079', 'C17235'], ['R10503', 'C17235', 'C00151'], ['R08643', 'C00151', 'C17229'], ['R08643', 'C17229', 'C17228'], ['R08644', 'C17228', 'C17230'], ['R08644', 'C17230', 'C00024'], ['R00928', 'C00024', 'C00100'], ['R00930', 'C00100', 'C00683'], ['R06458', 'C00683', 'C11993'], ['R06460', 'C11993', 'C00363'], ['R06450', 'C00363', 'C11933'], ['R06439', 'C11933', 'C11925'], ['R06439', 'C11925', 'C00021'], ['R07240', 'C00021', 'C10469'], ['R12302', 'C10469', 'C00755']]<=====
=====> after trim_chrom:  长度是8---[['R00729', 'C00082', 'C01179'], ['R03337', 'C01179', 'C03964'], ['R12492', 'C03964', 'C00811'], ['R01616', 'C00811', 'C00223'], ['R07929', 'C00223', 'C16370'], ['R07929', 'C16370', 'C12138'], ['R10297', 'C12138', 'C06672'], ['R05273', 'C06672', 'C00755']]<=====
=====> after trim_chrom:  长度是20---[['R09830', 'C00082', 'C01179'], ['R09254', 'C01179', 'C00022'], ['R00221', 'C00022', 'C00740'], ['R00589', 'C00740', 'C00065'], ['R00585', 'C00065', 'C00041'], ['R02293', 'C00041', 'C03283'], ['R06977', 'C03283', 'C00025'], ['R05225', 'C00025', 'C06506'], ['R05225', 'C06506', 'C06507'], ['R06529', 'C06507', 'C06509'], ['R06558', 'C06509', 'C06508'], ['R07268', 'C06508', 'C05774'], ['R04975', 'C05774', 'C05773'], ['R05814', 'C05773', 'C11545'], ['R07775', 'C11545', 'C16244'], ['R07775', 'C16244', 'C00021'], ['R06578', 'C00021', 'C12203'], ['R06584', 'C12203', 'C00406'], ['R05772', 'C00406', 'C07303'], ['R05773', 'C07303', 'C00755']]<=====
=====> after trim_chrom:  长度是29---[['R02078', 'C00082', 'C00822'], ['R02962', 'C00822', 'C05604'], ['R13032', 'C05604', 'C00355'], ['R11916', 'C00355', 'C04043'], ['R03300', 'C04043', 'C01161'], ['R03304', 'C01161', 'C05582'], ['R04889', 'C05582', 'C05581'], ['R04890', 'C05581', 'C05587'], ['R08831', 'C05587', 'C17754'], ['R08831', 'C17754', 'C08538'], ['R08818', 'C08538', 'C08537'], ['R08824', 'C08537', 'C00167'], ['R07932', 'C00167', 'C16373'], ['R07932', 'C16373', 'C12643'], ['R07885', 'C12643', 'C16289'], ['R07885', 'C16289', 'C00083'], ['R00989', 'C00083', 'C03147'], ['R00989', 'C03147', 'C00108'], ['R00990', 'C00108', 'C00292'], ['R01860', 'C00292', 'C00568'], ['R02561', 'C00568', 'C02372'], ['R05482', 'C02372', 'C00530'], ['R06851', 'C00530', 'C02814'], ['R11347', 'C02814', 'C01751'], ['R05250', 'C01751', 'C01108'], ['R03247', 'C01108', 'C01424'], ['R01637', 'C01424', 'C00230'], ['R10136', 'C00230', 'C06672'], ['R05273', 'C06672', 'C00755']]<=====
=====> after trim_chrom:  长度是9---[['R10246', 'C00082', 'C01468'], ['R03568', 'C01468', 'C06730'], ['R05294', 'C06730', 'C06677'], ['R05281', 'C06677', 'C06678'], ['R05271', 'C06678', 'C06679'], ['R05272', 'C06679', 'C02236'], ['R01636', 'C02236', 'C00230'], ['R05274', 'C00230', 'C06672'], ['R05699', 'C06672', 'C00755']]<=====
--This is the 14th chromsome---
=====> after trim_chrom:  长度是12---[['R07212', 'C00082', 'C15522'], ['R07211', 'C15522', 'C00272'], ['R01794', 'C00272', 'C00268'], ['R11767', 'C00268', 'C02953'], ['R02975', 'C02953', 'C00835'], ['R11766', 'C00835', 'C04244'], ['R04285', 'C04244', 'C03684'], ['R04286', 'C03684', 'C04895'], ['R04639', 'C04895', 'C06148'], ['R05122', 'C06148', 'C00021'], ['R07240', 'C00021', 'C10469'], ['R12302', 'C10469', 'C00755']]<=====
--This is the 15th chromsome---
-----Sampling Done-----
开始计算理论产率（不进行网络扩展）...
The current solver interface glpk doesn't support setting the optimality tolerance.
The current solver interface glpk doesn't support setting the optimality tolerance.
Compartment `e` sounds like an external compartment. Using this one without counting boundary reactions.
Compartment `e` sounds like an external compartment. Using this one without counting boundary reactions.
反应 R10246 缺少 'direction' 键，使用默认值 0（不可逆）
添加反应：R10246
反应 R07663 缺少 'direction' 键，使用默认值 0（不可逆）
添加反应：R07663
反应 R05281 缺少 'direction' 键，使用默认值 0（不可逆）
添加反应：R05281
反应 R05271 缺少 'direction' 键，使用默认值 0（不可逆）
添加反应：R05271
反应 R05272 缺少 'direction' 键，使用默认值 0（不可逆）
添加反应：R05272
反应 R01636 缺少 'direction' 键，使用默认值 0（不可逆）
添加反应：R01636
反应 R10136 缺少 'direction' 键，使用默认值 0（不可逆）
添加反应：R10136
反应 R05699 缺少 'direction' 键，使用默认值 0（不可逆）
添加反应：R05699 VNDH
路径不可行（生物量低于阈值）！
Network_yield: -999

开始计算理论产率（不进行网络扩展）...
The current solver interface glpk doesn't support setting the optimality tolerance.
The current solver interface glpk doesn't support setting the optimality tolerance.
Compartment `e` sounds like an external compartment. Using this one without counting boundary reactions.
Compartment `e` sounds like an external compartment. Using this one without counting boundary reactions.
反应 R12759 缺少 'direction' 键，使用默认值 0（不可逆）
添加反应：R12759
反应 R10043 缺少 'direction' 键，使用默认值 0（不可逆）
添加反应：R10043
反应 R00822 缺少 'direction' 键，使用默认值 0（不可逆）
添加反应：R00822
反应 R05274 缺少 'direction' 键，使用默认值 0（不可逆）
添加反应：R05274 VNTDM
反应 R05273 缺少 'direction' 键，使用默认值 0（不可逆）
添加反应：R05273
路径不可行（生物量低于阈值）！
Network_yield: -999

开始计算理论产率（不进行网络扩展）...
The current solver interface glpk doesn't support setting the optimality tolerance.
The current solver interface glpk doesn't support setting the optimality tolerance.
Compartment `e` sounds like an external compartment. Using this one without counting boundary reactions.
Compartment `e` sounds like an external compartment. Using this one without counting boundary reactions.
反应 R12759 缺少 'direction' 键，使用默认值 0（不可逆）
添加反应：R12759
反应 R11653 缺少 'direction' 键，使用默认值 0（不可逆）
添加反应：R11653
反应 R00822 缺少 'direction' 键，使用默认值 0（不可逆）
添加反应：R00822
反应 R07668 缺少 'direction' 键，使用默认值 0（不可逆）
添加反应：R07668
反应 R05273 缺少 'direction' 键，使用默认值 0（不可逆）
添加反应：R05273
路径不可行（生物量低于阈值）！
Network_yield: -999

