-----Sampling-----
=====> after trim_chrom:  长度是6---[['R10246', 'C00082', 'C01468'], ['R02675', 'C01468', 'C00633'], ['R01293', 'C00633', 'C00156'], ['R01296', 'C00156', 'C00230'], ['R10136', 'C00230', 'C06672'], ['R05273', 'C06672', 'C00755']]<=====
--This is the 1th chromsome---
=====> after trim_chrom:  长度是13---[['R07212', 'C00082', 'C00355'], ['R08846', 'C00355', 'C10447'], ['R13082', 'C10447', 'C22567'], ['R13072', 'C22567', 'C05631'], ['R04902', 'C05631', 'C05911'], ['R05039', 'C05911', 'C02906'], ['R03125', 'C02906', 'C00974'], ['R03124', 'C00974', 'C01617'], ['R03636', 'C01617', 'C05906'], ['R05036', 'C05906', 'C05905'], ['R06535', 'C05905', 'C08604'], ['R10259', 'C08604', 'C06672'], ['R05273', 'C06672', 'C00755']]<=====
Path length exceeds 10, regenerating.
=====> after trim_chrom:  长度是12---[['R11917', 'C00082', 'C03765'], ['R02697', 'C03765', 'C00642'], ['R06790', 'C00642', 'C07086'], ['R12504', 'C07086', 'C01455'], ['R02550', 'C01455', 'C00556'], ['R09528', 'C00556', 'C12537'], ['R09528', 'C12537', 'C00512'], ['R05316', 'C00512', 'C02949'], ['R08767', 'C02949', 'C00223'], ['R08767', 'C00223', 'C00024'], ['R12566', 'C00024', 'C00406'], ['R12566', 'C00406', 'C00755']]<=====
=====> after trim_chrom:  长度是5---[['R00737', 'C00082', 'C00811'], ['R01308', 'C00811', 'C00156'], ['R01296', 'C00156', 'C00230'], ['R05274', 'C00230', 'C06672'], ['R05273', 'C06672', 'C00755']]<=====
--This is the 2th chromsome---
=====> after trim_chrom:  长度是9---[['R00736', 'C00082', 'C00483'], ['R02382', 'C00483', 'C03765'], ['R03341', 'C03765', 'C01179'], ['R03339', 'C01179', 'C03964'], ['R08766', 'C03964', 'C00811'], ['R01308', 'C00811', 'C00156'], ['R01298', 'C00156', 'C00230'], ['R05274', 'C00230', 'C06672'], ['R05699', 'C06672', 'C00755']]<=====
--This is the 3th chromsome---
=====> after trim_chrom:  长度是6---[['R00737', 'C00082', 'C00811'], ['R01616', 'C00811', 'C00223'], ['R07927', 'C00223', 'C16368'], ['R07927', 'C16368', 'C12137'], ['R10296', 'C12137', 'C06672'], ['R05699', 'C06672', 'C00755']]<=====
=====> after trim_chrom:  长度是10---[['R06626', 'C00082', 'C01179'], ['R02521', 'C01179', 'C00544'], ['R02518', 'C00544', 'C05585'], ['R02657', 'C05585', 'C00628'], ['R07709', 'C00628', 'C00805'], ['R09539', 'C00805', 'C00146'], ['R00815', 'C00146', 'C00090'], ['R00822', 'C00090', 'C00230'], ['R10136', 'C00230', 'C06672'], ['R05273', 'C06672', 'C00755']]<=====
--This is the 4th chromsome---
=====> after trim_chrom:  长度是8---[['R00729', 'C00082', 'C01179'], ['R06632', 'C01179', 'C03198'], ['R04160', 'C03198', 'C03590'], ['R02672', 'C03590', 'C00633'], ['R01303', 'C00633', 'C00156'], ['R01298', 'C00156', 'C00230'], ['R05274', 'C00230', 'C06672'], ['R05699', 'C06672', 'C00755']]<=====
--This is the 5th chromsome---
=====> after trim_chrom:  长度是17---[['R13031', 'C00082', 'C00355'], ['R11916', 'C00355', 'C04043'], ['R03300', 'C04043', 'C01161'], ['R03299', 'C01161', 'C05593'], ['R06791', 'C05593', 'C07086'], ['R06790', 'C07086', 'C00642'], ['R07312', 'C00642', 'C01468'], ['R12133', 'C01468', 'C17467'], ['R12134', 'C17467', 'C00633'], ['R01293', 'C00633', 'C00156'], ['R01304', 'C00156', 'C03993'], ['R09039', 'C03993', 'C00031'], ['R02595', 'C00031', 'C00761'], ['R02594', 'C00761', 'C00590'], ['R02593', 'C00590', 'C02666'], ['R02193', 'C02666', 'C00406'], ['R12566', 'C00406', 'C00755']]<=====
=====> after trim_chrom:  长度是27---[['R00737', 'C00082', 'C00811'], ['R07826', 'C00811', 'C01197'], ['R01943', 'C01197', 'C00323'], ['R07876', 'C00323', 'C12640'], ['R07876', 'C12640', 'C08725'], ['R10298', 'C08725', 'C01175'], ['R03075', 'C01175', 'C00031'], ['R10411', 'C00031', 'C00198'], ['R00874', 'C00198', 'C00095'], ['R00865', 'C00095', 'C00392'], ['R02167', 'C00392', 'C00644'], ['R01817', 'C00644', 'C00275'], ['R01327', 'C00275', 'C00159'], ['R08405', 'C00159', 'C00060'], ['R00635', 'C00060', 'C00071'], ['R10912', 'C00071', 'C00162'], ['R02250', 'C00162', 'C00422'], ['R02250', 'C00422', 'C00641'], ['R03838', 'C00641', 'C02112'], ['R01368', 'C02112', 'C00165'], ['R11557', 'C00165', 'C00350'], ['R07376', 'C00350', 'C02737'], ['R09035', 'C02737', 'C00040'], ['R09419', 'C00040', 'C00264'], ['R00391', 'C00264', 'C00024'], ['R05773', 'C00024', 'C07303'], ['R05773', 'C07303', 'C00755']]<=====
=====> after trim_chrom:  长度是12---[['R00731', 'C00082', 'C00355'], ['R08846', 'C00355', 'C10447'], ['R13082', 'C10447', 'C22567'], ['R13072', 'C22567', 'C05631'], ['R02442', 'C05631', 'C00509'], ['R09791', 'C00509', 'C00021'], ['R00594', 'C00021', 'C01764'], ['R12548', 'C01764', 'C03446'], ['R03704', 'C03446', 'C00143'], ['R01224', 'C00143', 'C00440'], ['R10136', 'C00440', 'C06672'], ['R05699', 'C06672', 'C00755']]<=====
--This is the 6th chromsome---
=====> after trim_chrom:  长度是11---[['R07211', 'C00082', 'C00079'], ['R01375', 'C00079', 'C00064'], ['R00986', 'C00064', 'C00108'], ['R05365', 'C00108', 'C08062'], ['R05365', 'C08062', 'C00596'], ['R02606', 'C00596', 'C01273'], ['R02606', 'C01273', 'C00180'], ['R01295', 'C00180', 'C00156'], ['R01298', 'C00156', 'C00230'], ['R07668', 'C00230', 'C06672'], ['R05699', 'C06672', 'C00755']]<=====
=====> after trim_chrom:  长度是14---[['R12161', 'C00082', 'C00073'], ['R08873', 'C00073', 'C17949'], ['R08872', 'C17949', 'C17950'], ['R08872', 'C17950', 'C00041'], ['R00258', 'C00041', 'C00025'], ['R02282', 'C00025', 'C00077'], ['R05547', 'C00077', 'C00062'], ['R05465', 'C00062', 'C06655'], ['R05465', 'C06655', 'C00118'], ['R01830', 'C00118', 'C00231'], ['R01440', 'C00231', 'C00184'], ['R06862', 'C00184', 'C00067'], ['R05274', 'C00067', 'C06672'], ['R05699', 'C06672', 'C00755']]<=====
=====> after trim_chrom:  长度是13---[['R09254', 'C00082', 'C00041'], ['R09048', 'C00041', 'C00022'], ['R10552', 'C00022', 'C00073'], ['R07396', 'C00073', 'C00025'], ['R11607', 'C00025', 'C00026'], ['R13036', 'C00026', 'C01087'], ['R03225', 'C01087', 'C03197'], ['R03225', 'C03197', 'C00164'], ['R01360', 'C00164', 'C00356'], ['R01978', 'C00356', 'C00024'], ['R05773', 'C00024', 'C07303'], ['R05772', 'C07303', 'C00406'], ['R12566', 'C00406', 'C00755']]<=====
=====> after trim_chrom:  长度是8---[['R07212', 'C00082', 'C00355'], ['R01815', 'C00355', 'C00272'], ['R07213', 'C00272', 'C00643'], ['R02701', 'C00643', 'C00780'], ['R02912', 'C00780', 'C05659'], ['R02912', 'C05659', 'C00440'], ['R10136', 'C00440', 'C06672'], ['R05273', 'C06672', 'C00755']]<=====
=====> after trim_chrom:  长度是7---[['R09830', 'C00082', 'C01179'], ['R03337', 'C01179', 'C03964'], ['R08766', 'C03964', 'C00811'], ['R01308', 'C00811', 'C00156'], ['R01298', 'C00156', 'C00230'], ['R05274', 'C00230', 'C06672'], ['R05699', 'C06672', 'C00755']]<=====
--This is the 7th chromsome---
=====> after trim_chrom:  长度是13---[['R00736', 'C00082', 'C00483'], ['R02383', 'C00483', 'C03758'], ['R04300', 'C03758', 'C04043'], ['R03302', 'C04043', 'C01161'], ['R03306', 'C01161', 'C03077'], ['R05474', 'C03077', 'C06646'], ['R05480', 'C06646', 'C06647'], ['R05344', 'C06647', 'C06648'], ['R05252', 'C06648', 'C02370'], ['R01307', 'C02370', 'C00156'], ['R01296', 'C00156', 'C00230'], ['R05274', 'C00230', 'C06672'], ['R05273', 'C06672', 'C00755']]<=====
Path length exceeds 10, regenerating.
=====> after trim_chrom:  长度是9---[['R00737', 'C00082', 'C00811'], ['R12534', 'C00811', 'C01744'], ['R02901', 'C01744', 'C00774'], ['R02901', 'C00774', 'C02183'], ['R04297', 'C02183', 'C01108'], ['R03247', 'C01108', 'C01424'], ['R01637', 'C01424', 'C00230'], ['R10136', 'C00230', 'C06672'], ['R05699', 'C06672', 'C00755']]<=====
=====> after trim_chrom:  长度是16---[['R06626', 'C00082', 'C01179'], ['R00042', 'C01179', 'C00642'], ['R07312', 'C00642', 'C01468'], ['R02675', 'C01468', 'C00633'], ['R01303', 'C00633', 'C00156'], ['R01307', 'C00156', 'C02370'], ['R03932', 'C02370', 'C06387'], ['R04101', 'C06387', 'C02949'], ['R08767', 'C02949', 'C00223'], ['R07882', 'C00223', 'C16350'], ['R07882', 'C16350', 'C08639'], ['R06545', 'C08639', 'C12096'], ['R06547', 'C12096', 'C12095'], ['R06544', 'C12095', 'C08604'], ['R10259', 'C08604', 'C06672'], ['R05273', 'C06672', 'C00755']]<=====
=====> after trim_chrom:  长度是9---[['R01815', 'C00082', 'C00355'], ['R08846', 'C00355', 'C10447'], ['R11206', 'C10447', 'C01197'], ['R01943', 'C01197', 'C00323'], ['R07944', 'C00323', 'C16313'], ['R07944', 'C16313', 'C16312'], ['R10299', 'C16312', 'C12138'], ['R10297', 'C12138', 'C06672'], ['R05273', 'C06672', 'C00755']]<=====
=====> after trim_chrom:  长度是25---[['R05671', 'C00082', 'C07027'], ['R05672', 'C07027', 'C07028'], ['R05672', 'C07028', 'C00024'], ['R03064', 'C00024', 'C00916'], ['R03064', 'C00916', 'C03112'], ['R05229', 'C03112', 'C06565'], ['R05229', 'C06565', 'C00042'], ['R03126', 'C00042', 'C00026'], ['R00355', 'C00026', 'C00036'], ['R00931', 'C00036', 'C02225'], ['R00931', 'C02225', 'C00100'], ['R03719', 'C00100', 'C05467'], ['R04812', 'C05467', 'C15614'], ['R04813', 'C15614', 'C05460'], ['R04592', 'C05460', 'C00016'], ['R08553', 'C00016', 'C00224'], ['R05717', 'C00224', 'C00127'], ['R01292', 'C00127', 'C01817'], ['R01292', 'C01817', 'C00155'], ['R00946', 'C00155', 'C00073'], ['R08873', 'C00073', 'C17949'], ['R08873', 'C17949', 'C17952'], ['R08873', 'C17952', 'C06453'], ['R07668', 'C06453', 'C06672'], ['R05273', 'C06672', 'C00755']]<=====
=====> after trim_chrom:  长度是7---[['R10246', 'C00082', 'C01468'], ['R12133', 'C01468', 'C17467'], ['R12134', 'C17467', 'C00633'], ['R01293', 'C00633', 'C00156'], ['R01298', 'C00156', 'C00230'], ['R10136', 'C00230', 'C06672'], ['R05273', 'C06672', 'C00755']]<=====
--This is the 8th chromsome---
=====> after trim_chrom:  长度是8---[['R13031', 'C00082', 'C00355'], ['R08846', 'C00355', 'C10447'], ['R13082', 'C10447', 'C22567'], ['R13072', 'C22567', 'C05631'], ['R07991', 'C05631', 'C15525'], ['R08031', 'C15525', 'C16405'], ['R07989', 'C16405', 'C00406'], ['R12566', 'C00406', 'C00755']]<=====
--This is the 9th chromsome---
=====> after trim_chrom:  长度是23---[['R09830', 'C00082', 'C01179'], ['R03337', 'C01179', 'C03964'], ['R12492', 'C03964', 'C00811'], ['R12492', 'C00811', 'C00223'], ['R07880', 'C00223', 'C16349'], ['R07880', 'C16349', 'C08725'], ['R07876', 'C08725', 'C12640'], ['R07876', 'C12640', 'C00323'], ['R01942', 'C00323', 'C00021'], ['R04711', 'C00021', 'C05200'], ['R06865', 'C05200', 'C13425'], ['R05616', 'C13425', 'C00156'], ['R01297', 'C00156', 'C00530'], ['R06851', 'C00530', 'C02814'], ['R05265', 'C02814', 'C02235'], ['R03023', 'C02235', 'C00870'], ['R05421', 'C00870', 'C06604'], ['R05346', 'C06604', 'C06605'], ['R05485', 'C06605', 'C02372'], ['R02561', 'C02372', 'C00568'], ['R05280', 'C00568', 'C00230'], ['R07668', 'C00230', 'C06672'], ['R05273', 'C06672', 'C00755']]<=====
=====> after trim_chrom:  长度是6---[['R00733', 'C00082', 'C00826'], ['R01731', 'C00826', 'C00049'], ['R00487', 'C00049', 'C01042'], ['R00487', 'C01042', 'C00024'], ['R05773', 'C00024', 'C07303'], ['R05773', 'C07303', 'C00755']]<=====
=====> after trim_chrom:  长度是34---[['R12759', 'C00082', 'C02218'], ['R12758', 'C02218', 'C00078'], ['R01376', 'C00078', 'C00331'], ['R10181', 'C00331', 'C00954'], ['R03093', 'C00954', 'C02938'], ['R04093', 'C02938', 'C02937'], ['R08605', 'C02937', 'C17203'], ['R08604', 'C17203', 'C00398'], ['R12659', 'C00398', 'C00780'], ['R02912', 'C00780', 'C05659'], ['R02912', 'C05659', 'C00440'], ['R01224', 'C00440', 'C00143'], ['R01670', 'C00143', 'C03495'], ['R01670', 'C03495', 'C00239'], ['R02321', 'C00239', 'C00881'], ['R02485', 'C00881', 'C00526'], ['R02102', 'C00526', 'C00365'], ['R06613', 'C00365', 'C00364'], ['R02094', 'C00364', 'C00363'], ['R06455', 'C00363', 'C11920'], ['R06455', 'C11920', 'C11991'], ['R06456', 'C11991', 'C00021'], ['R09063', 'C00021', 'C18160'], ['R09063', 'C18160', 'C18161'], ['R09064', 'C18161', 'C18163'], ['R09064', 'C18163', 'C00448'], ['R02003', 'C00448', 'C00341'], ['R09250', 'C00341', 'C04145'], ['R07267', 'C04145', 'C04146'], ['R05615', 'C04146', 'C05809'], ['R05615', 'C05809', 'C00156'], ['R01296', 'C00156', 'C00230'], ['R05274', 'C00230', 'C06672'], ['R05699', 'C06672', 'C00755']]<=====
=====> after trim_chrom:  长度是5---[['R00728', 'C00082', 'C00146'], ['R10043', 'C00146', 'C00090'], ['R00822', 'C00090', 'C00230'], ['R05274', 'C00230', 'C06672'], ['R05273', 'C06672', 'C00755']]<=====
--This is the 10th chromsome---
=====> after trim_chrom:  长度是14---[['R01815', 'C00082', 'C00268'], ['R01795', 'C00268', 'C00079'], ['R00692', 'C00079', 'C00166'], ['R00695', 'C00166', 'C00036'], ['R00347', 'C00036', 'C03961'], ['R00478', 'C03961', 'C00048'], ['R00369', 'C00048', 'C00022'], ['R10542', 'C00022', 'C00026'], ['R07185', 'C00026', 'C00042'], ['R02407', 'C00042', 'C00490'], ['R02407', 'C00490', 'C00531'], ['R10600', 'C00531', 'C00024'], ['R12566', 'C00024', 'C00406'], ['R12566', 'C00406', 'C00755']]<=====
=====> after trim_chrom:  长度是9---[['R09254', 'C00082', 'C01179'], ['R02521', 'C01179', 'C00544'], ['R02520', 'C00544', 'C05585'], ['R02657', 'C05585', 'C00628'], ['R07710', 'C00628', 'C00805'], ['R00818', 'C00805', 'C00090'], ['R00822', 'C00090', 'C00230'], ['R05274', 'C00230', 'C06672'], ['R05699', 'C06672', 'C00755']]<=====
--This is the 11th chromsome---
=====> after trim_chrom:  长度是7---[['R06626', 'C00082', 'C01179'], ['R06632', 'C01179', 'C03198'], ['R02673', 'C03198', 'C00633'], ['R01294', 'C00633', 'C00156'], ['R01296', 'C00156', 'C00230'], ['R05274', 'C00230', 'C06672'], ['R05699', 'C06672', 'C00755']]<=====
--This is the 12th chromsome---
=====> after trim_chrom:  长度是17---[['R12540', 'C00082', 'C00079'], ['R00694', 'C00079', 'C00025'], ['R05507', 'C00025', 'C00026'], ['R02486', 'C00026', 'C00042'], ['R02990', 'C00042', 'C00846'], ['R02989', 'C00846', 'C02222'], ['R03892', 'C02222', 'C03676'], ['R04061', 'C03676', 'C02814'], ['R05265', 'C02814', 'C02235'], ['R03023', 'C02235', 'C00870'], ['R05421', 'C00870', 'C06604'], ['R05346', 'C06604', 'C06605'], ['R05485', 'C06605', 'C02372'], ['R02561', 'C02372', 'C00568'], ['R05280', 'C00568', 'C00230'], ['R10136', 'C00230', 'C06672'], ['R05273', 'C06672', 'C00755']]<=====
=====> after trim_chrom:  长度是15---[['R09254', 'C00082', 'C01179'], ['R03341', 'C01179', 'C03765'], ['R02382', 'C03765', 'C00483'], ['R02383', 'C00483', 'C03758'], ['R05749', 'C03758', 'C07307'], ['R05749', 'C07307', 'C01852'], ['R05750', 'C01852', 'C07304'], ['R11681', 'C07304', 'C00021'], ['R10606', 'C00021', 'C05178'], ['R04696', 'C05178', 'C05179'], ['R04697', 'C05179', 'C05220'], ['R04723', 'C05220', 'C05322'], ['R04723', 'C05322', 'C00024'], ['R05773', 'C00024', 'C07303'], ['R05773', 'C07303', 'C00755']]<=====
=====> after trim_chrom:  长度是6---[['R10246', 'C00082', 'C01468'], ['R02675', 'C01468', 'C00633'], ['R01303', 'C00633', 'C00156'], ['R01298', 'C00156', 'C00230'], ['R10136', 'C00230', 'C06672'], ['R05273', 'C06672', 'C00755']]<=====
--This is the 13th chromsome---
=====> after trim_chrom:  长度是12---[['R07212', 'C00082', 'C00355'], ['R02080', 'C00355', 'C03758'], ['R02383', 'C03758', 'C00483'], ['R02382', 'C00483', 'C03765'], ['R02695', 'C03765', 'C00642'], ['R02516', 'C00642', 'C00544'], ['R02520', 'C00544', 'C05585'], ['R02657', 'C05585', 'C00628'], ['R02589', 'C00628', 'C00587'], ['R01628', 'C00587', 'C00230'], ['R07668', 'C00230', 'C06672'], ['R05699', 'C06672', 'C00755']]<=====
--This is the 14th chromsome---
=====> after trim_chrom:  长度是7---[['R10671', 'C00082', 'C04350'], ['R05728', 'C04350', 'C03742'], ['R02676', 'C03742', 'C00633'], ['R01294', 'C00633', 'C00156'], ['R01298', 'C00156', 'C00230'], ['R07668', 'C00230', 'C06672'], ['R05699', 'C06672', 'C00755']]<=====
--This is the 15th chromsome---
-----Sampling Done-----
开始计算理论产率（不进行网络扩展）...
The current solver interface glpk doesn't support setting the optimality tolerance.
The current solver interface glpk doesn't support setting the optimality tolerance.
Compartment `e` sounds like an external compartment. Using this one without counting boundary reactions.
Compartment `e` sounds like an external compartment. Using this one without counting boundary reactions.
反应 R10246 缺少 'direction' 键，使用默认值 0（不可逆）
添加反应：R10246
反应 R02675 缺少 'direction' 键，使用默认值 0（不可逆）
添加反应：R02675
反应 R01293 缺少 'direction' 键，使用默认值 0（不可逆）
添加反应：R01293 VNDH_2
反应 R01296 缺少 'direction' 键，使用默认值 0（不可逆）
添加反应：R01296
反应 R10136 缺少 'direction' 键，使用默认值 0（不可逆）
添加反应：R10136
反应 R05273 缺少 'direction' 键，使用默认值 0（不可逆）
添加反应：R05273
路径不可行（生物量低于阈值）！
Network_yield: -999

开始计算理论产率（不进行网络扩展）...
The current solver interface glpk doesn't support setting the optimality tolerance.
The current solver interface glpk doesn't support setting the optimality tolerance.
Compartment `e` sounds like an external compartment. Using this one without counting boundary reactions.
Compartment `e` sounds like an external compartment. Using this one without counting boundary reactions.
反应 R00737 缺少 'direction' 键，使用默认值 0（不可逆）
添加反应：R00737
反应 R01308 缺少 'direction' 键，使用默认值 0（不可逆）
添加反应：R01308
反应 R01296 缺少 'direction' 键，使用默认值 0（不可逆）
添加反应：R01296
反应 R05274 缺少 'direction' 键，使用默认值 0（不可逆）
添加反应：R05274 VNTDM
反应 R05273 缺少 'direction' 键，使用默认值 0（不可逆）
添加反应：R05273
路径不可行（生物量低于阈值）！
Network_yield: -999

开始计算理论产率（不进行网络扩展）...
The current solver interface glpk doesn't support setting the optimality tolerance.
The current solver interface glpk doesn't support setting the optimality tolerance.
Compartment `e` sounds like an external compartment. Using this one without counting boundary reactions.
Compartment `e` sounds like an external compartment. Using this one without counting boundary reactions.
反应 R00736 缺少 'direction' 键，使用默认值 0（不可逆）
添加反应：R00736 TYRCBOX
反应 R02382 缺少 'direction' 键，使用默认值 0（不可逆）
反应已存在：R02382 TYROXDApp
反应 R03341 缺少 'direction' 键，使用默认值 0（不可逆）
添加反应：R03341
反应 R03339 缺少 'direction' 键，使用默认值 0（不可逆）
添加反应：R03339
反应 R08766 缺少 'direction' 键，使用默认值 0（不可逆）
添加反应：R08766 T4HCINNMFM
反应 R01308 缺少 'direction' 键，使用默认值 0（不可逆）
添加反应：R01308
反应 R01298 缺少 'direction' 键，使用默认值 0（不可逆）
添加反应：R01298 4HBHYOX
反应 R05274 缺少 'direction' 键，使用默认值 0（不可逆）
添加反应：R05274 VNTDM
反应 R05699 缺少 'direction' 键，使用默认值 0（不可逆）
添加反应：R05699 VNDH
路径不可行（生物量低于阈值）！
Network_yield: -999

开始计算理论产率（不进行网络扩展）...
The current solver interface glpk doesn't support setting the optimality tolerance.
The current solver interface glpk doesn't support setting the optimality tolerance.
Compartment `e` sounds like an external compartment. Using this one without counting boundary reactions.
Compartment `e` sounds like an external compartment. Using this one without counting boundary reactions.
反应 R06626 缺少 'direction' 键，使用默认值 0（不可逆）
添加反应：R06626
反应 R02521 缺少 'direction' 键，使用默认值 0（不可逆）
添加反应：R02521 34HPPOR
反应 R02518 缺少 'direction' 键，使用默认值 0（不可逆）
添加反应：R02518
反应 R02657 缺少 'direction' 键，使用默认值 0（不可逆）
添加反应：R02657 r0559
反应 R07709 缺少 'direction' 键，使用默认值 0（不可逆）
添加反应：R07709
反应 R09539 缺少 'direction' 键，使用默认值 0（不可逆）
添加反应：R09539
反应 R00815 缺少 'direction' 键，使用默认值 0（不可逆）
添加反应：R00815
反应 R00822 缺少 'direction' 键，使用默认值 0（不可逆）
添加反应：R00822
反应 R10136 缺少 'direction' 键，使用默认值 0（不可逆）
添加反应：R10136
反应 R05273 缺少 'direction' 键，使用默认值 0（不可逆）
添加反应：R05273
路径不可行（生物量低于阈值）！
Network_yield: -999

开始计算理论产率（不进行网络扩展）...
The current solver interface glpk doesn't support setting the optimality tolerance.
The current solver interface glpk doesn't support setting the optimality tolerance.
Compartment `e` sounds like an external compartment. Using this one without counting boundary reactions.
Compartment `e` sounds like an external compartment. Using this one without counting boundary reactions.
反应 R00729 缺少 'direction' 键，使用默认值 0（不可逆）
添加反应：R00729 TYROX
反应 R06632 缺少 'direction' 键，使用默认值 0（不可逆）
添加反应：R06632
反应 R04160 缺少 'direction' 键，使用默认值 0（不可逆）
添加反应：R04160
反应 R02672 缺少 'direction' 键，使用默认值 0（不可逆）
添加反应：R02672
反应 R01303 缺少 'direction' 键，使用默认值 0（不可逆）
添加反应：R01303
反应 R01298 缺少 'direction' 键，使用默认值 0（不可逆）
添加反应：R01298 4HBHYOX
反应 R05274 缺少 'direction' 键，使用默认值 0（不可逆）
添加反应：R05274 VNTDM
反应 R05699 缺少 'direction' 键，使用默认值 0（不可逆）
添加反应：R05699 VNDH
路径不可行（生物量低于阈值）！
Network_yield: -999

开始计算理论产率（不进行网络扩展）...
The current solver interface glpk doesn't support setting the optimality tolerance.
