-----Sampling-----
=====> after trim_chrom:  长度是8---[['R07212', 'C00082', 'C00355'], ['R08846', 'C00355', 'C10447'], ['R11206', 'C10447', 'C01197'], ['R07826', 'C01197', 'C00811'], ['R01308', 'C00811', 'C00156'], ['R01296', 'C00156', 'C00230'], ['R10136', 'C00230', 'C06672'], ['R05273', 'C06672', 'C00755']]<=====
--This is the 1th chromsome---
=====> after trim_chrom:  长度是11---[['R01795', 'C00082', 'C00079'], ['R11918', 'C00079', 'C00601'], ['R02537', 'C00601', 'C07086'], ['R06791', 'C07086', 'C05593'], ['R02515', 'C05593', 'C00544'], ['R02520', 'C00544', 'C05585'], ['R02657', 'C05585', 'C00628'], ['R02589', 'C00628', 'C00587'], ['R01628', 'C00587', 'C00230'], ['R07668', 'C00230', 'C06672'], ['R05699', 'C06672', 'C00755']]<=====
--This is the 2th chromsome---
=====> after trim_chrom:  长度是5---[['R00737', 'C00082', 'C00811'], ['R01616', 'C00811', 'C00223'], ['R08767', 'C00223', 'C00024'], ['R05773', 'C00024', 'C07303'], ['R05773', 'C07303', 'C00755']]<=====
=====> after trim_chrom:  长度是16---[['R07211', 'C00082', 'C00272'], ['R07212', 'C00272', 'C15522'], ['R10729', 'C15522', 'C00079'], ['R00699', 'C00079', 'C05332'], ['R02613', 'C05332', 'C00601'], ['R02537', 'C00601', 'C07086'], ['R05487', 'C07086', 'C05852'], ['R01372', 'C05852', 'C00166'], ['R01371', 'C00166', 'C05607'], ['R07796', 'C05607', 'C00423'], ['R01426', 'C00423', 'C00180'], ['R08838', 'C00180', 'C00805'], ['R00818', 'C00805', 'C00090'], ['R00822', 'C00090', 'C00230'], ['R05274', 'C00230', 'C06672'], ['R05273', 'C06672', 'C00755']]<=====
=====> after trim_chrom:  长度是6---[['R10246', 'C00082', 'C05198'], ['R08875', 'C05198', 'C17950'], ['R08875', 'C17950', 'C17951'], ['R08875', 'C17951', 'C06453'], ['R07668', 'C06453', 'C06672'], ['R05699', 'C06672', 'C00755']]<=====
=====> after trim_chrom:  长度是8---[['R00737', 'C00082', 'C00811'], ['R07826', 'C00811', 'C01197'], ['R01943', 'C01197', 'C00323'], ['R07873', 'C00323', 'C16297'], ['R07875', 'C16297', 'C12640'], ['R06798', 'C12640', 'C12137'], ['R10296', 'C12137', 'C06672'], ['R05273', 'C06672', 'C00755']]<=====
--This is the 3th chromsome---
=====> after trim_chrom:  长度是14---[['R09830', 'C00082', 'C01179'], ['R02521', 'C01179', 'C00544'], ['R05450', 'C00544', 'C05852'], ['R05487', 'C05852', 'C07086'], ['R07855', 'C07086', 'C16074'], ['R11733', 'C16074', 'C00561'], ['R01767', 'C00561', 'C00261'], ['R01420', 'C00261', 'C00180'], ['R01295', 'C00180', 'C00156'], ['R01297', 'C00156', 'C00530'], ['R06851', 'C00530', 'C02814'], ['R01629', 'C02814', 'C00230'], ['R10136', 'C00230', 'C06672'], ['R05273', 'C06672', 'C00755']]<=====
Path length exceeds 10, regenerating.
=====> after trim_chrom:  长度是9---[['R06626', 'C00082', 'C12323'], ['R10880', 'C12323', 'C17355'], ['R10881', 'C17355', 'C00170'], ['R10529', 'C00170', 'C00223'], ['R08809', 'C00223', 'C17742'], ['R08809', 'C17742', 'C17741'], ['R08806', 'C17741', 'C00406'], ['R05772', 'C00406', 'C07303'], ['R05773', 'C07303', 'C00755']]<=====
=====> after trim_chrom:  长度是12---[['R00734', 'C00082', 'C01179'], ['R00042', 'C01179', 'C00642'], ['R02698', 'C00642', 'C01161'], ['R03306', 'C01161', 'C03077'], ['R05474', 'C03077', 'C06646'], ['R05480', 'C06646', 'C06647'], ['R05344', 'C06647', 'C06648'], ['R05252', 'C06648', 'C02370'], ['R01307', 'C02370', 'C00156'], ['R01296', 'C00156', 'C00230'], ['R10136', 'C00230', 'C06672'], ['R05273', 'C06672', 'C00755']]<=====
--This is the 4th chromsome---
=====> after trim_chrom:  长度是12---[['R09254', 'C00082', 'C00041'], ['R01261', 'C00041', 'C00151'], ['R08626', 'C00151', 'C17217'], ['R08626', 'C17217', 'C17216'], ['R08625', 'C17216', 'C17215'], ['R08624', 'C17215', 'C17214'], ['R08623', 'C17214', 'C17211'], ['R08621', 'C17211', 'C17212'], ['R08620', 'C17212', 'C17210'], ['R08619', 'C17210', 'C00024'], ['R12566', 'C00024', 'C00406'], ['R12566', 'C00406', 'C00755']]<=====
=====> after trim_chrom:  长度是7---[['R00734', 'C00082', 'C01179'], ['R03339', 'C01179', 'C03964'], ['R12492', 'C03964', 'C00811'], ['R01308', 'C00811', 'C00156'], ['R01298', 'C00156', 'C00230'], ['R05274', 'C00230', 'C06672'], ['R05699', 'C06672', 'C00755']]<=====
--This is the 5th chromsome---
=====> after trim_chrom:  长度是8---[['R09830', 'C00082', 'C01179'], ['R06632', 'C01179', 'C03198'], ['R06633', 'C03198', 'C03590'], ['R02672', 'C03590', 'C00633'], ['R01303', 'C00633', 'C00156'], ['R01298', 'C00156', 'C00230'], ['R10136', 'C00230', 'C06672'], ['R05699', 'C06672', 'C00755']]<=====
--This is the 6th chromsome---
=====> after trim_chrom:  长度是5---[['R00737', 'C00082', 'C00811'], ['R01308', 'C00811', 'C00156'], ['R01296', 'C00156', 'C00230'], ['R05274', 'C00230', 'C06672'], ['R05273', 'C06672', 'C00755']]<=====
--This is the 7th chromsome---
=====> after trim_chrom:  长度是11---[['R00737', 'C00082', 'C00811'], ['R07826', 'C00811', 'C01197'], ['R03366', 'C01197', 'C01494'], ['R05700', 'C01494', 'C02666'], ['R06574', 'C02666', 'C10945'], ['R01941', 'C10945', 'C00323'], ['R07931', 'C00323', 'C16372'], ['R07931', 'C16372', 'C08639'], ['R10261', 'C08639', 'C08604'], ['R10259', 'C08604', 'C06672'], ['R05699', 'C06672', 'C00755']]<=====
=====> after trim_chrom:  长度是25---[['R00737', 'C00082', 'C00811'], ['R02253', 'C00811', 'C00423'], ['R12535', 'C00423', 'C05629'], ['R04899', 'C05629', 'C01198'], ['R05537', 'C01198', 'C00805'], ['R06925', 'C00805', 'C14097'], ['R06924', 'C14097', 'C14096'], ['R06923', 'C14096', 'C14095'], ['R06923', 'C14095', 'C00022'], ['R00930', 'C00022', 'C00036'], ['R01257', 'C00036', 'C00149'], ['R01447', 'C00149', 'C00186'], ['R05508', 'C00186', 'C00033'], ['R10305', 'C00033', 'C00155'], ['R01292', 'C00155', 'C01817'], ['R01292', 'C01817', 'C00127'], ['R01875', 'C00127', 'C00320'], ['R01931', 'C00320', 'C00094'], ['R10206', 'C00094', 'C11145'], ['R10206', 'C11145', 'C00067'], ['R01306', 'C00067', 'C02519'], ['R01306', 'C02519', 'C00156'], ['R01298', 'C00156', 'C00230'], ['R10136', 'C00230', 'C06672'], ['R05273', 'C06672', 'C00755']]<=====
=====> after trim_chrom:  长度是5---[['R00728', 'C00082', 'C00146'], ['R11653', 'C00146', 'C00090'], ['R00822', 'C00090', 'C00230'], ['R07668', 'C00230', 'C06672'], ['R05699', 'C06672', 'C00755']]<=====
--This is the 8th chromsome---
=====> after trim_chrom:  长度是16---[['R13031', 'C00082', 'C00355'], ['R08846', 'C00355', 'C10447'], ['R11206', 'C10447', 'C01197'], ['R07826', 'C01197', 'C00811'], ['R02253', 'C00811', 'C00423'], ['R06781', 'C00423', 'C12621'], ['R06787', 'C12621', 'C12623'], ['R06788', 'C12623', 'C12624'], ['R06789', 'C12624', 'C00596'], ['R02606', 'C00596', 'C01273'], ['R02606', 'C01273', 'C00180'], ['R07835', 'C00180', 'C06337'], ['R05148', 'C06337', 'C06318'], ['R01633', 'C06318', 'C00230'], ['R10136', 'C00230', 'C06672'], ['R05273', 'C06672', 'C00755']]<=====
=====> after trim_chrom:  长度是20---[['R07211', 'C00082', 'C00272'], ['R07213', 'C00272', 'C15522'], ['R07213', 'C15522', 'C00078'], ['R09570', 'C00078', 'C19687'], ['R12034', 'C19687', 'C00016'], ['R04754', 'C00016', 'C05275'], ['R04753', 'C05275', 'C05274'], ['R04742', 'C05274', 'C05263'], ['R04742', 'C05263', 'C00024'], ['R04057', 'C00024', 'C03237'], ['R04057', 'C03237', 'C02804'], ['R04057', 'C02804', 'C00033'], ['R01241', 'C00033', 'C00548'], ['R01241', 'C00548', 'C00146'], ['R09539', 'C00146', 'C00805'], ['R07709', 'C00805', 'C00628'], ['R02589', 'C00628', 'C00587'], ['R01628', 'C00587', 'C00230'], ['R07668', 'C00230', 'C06672'], ['R05273', 'C06672', 'C00755']]<=====
=====> after trim_chrom:  长度是13---[['R07211', 'C00082', 'C00079'], ['R11068', 'C00079', 'C00166'], ['R00695', 'C00166', 'C00036'], ['R00353', 'C00036', 'C00022'], ['R00986', 'C00022', 'C00251'], ['R08956', 'C00251', 'C18054'], ['R12938', 'C18054', 'C11355'], ['R05553', 'C11355', 'C00568'], ['R01860', 'C00568', 'C00292'], ['R07700', 'C00292', 'C00090'], ['R00822', 'C00090', 'C00230'], ['R07668', 'C00230', 'C06672'], ['R05699', 'C06672', 'C00755']]<=====
Path length exceeds 10, regenerating.
=====> after trim_chrom:  长度是5---[['R12759', 'C00082', 'C00146'], ['R10043', 'C00146', 'C00090'], ['R00822', 'C00090', 'C00230'], ['R05274', 'C00230', 'C06672'], ['R05273', 'C06672', 'C00755']]<=====
--This is the 9th chromsome---
=====> after trim_chrom:  长度是40---[['R12611', 'C00082', 'C00355'], ['R11916', 'C00355', 'C04043'], ['R03300', 'C04043', 'C01161'], ['R13085', 'C01161', 'C22552'], ['R13083', 'C22552', 'C01617'], ['R03124', 'C01617', 'C00974'], ['R02444', 'C00974', 'C00026'], ['R11768', 'C00026', 'C00433'], ['R02278', 'C00433', 'C00684'], ['R12761', 'C00684', 'C05412'], ['R04784', 'C05412', 'C04575'], ['R04785', 'C04575', 'C05422'], ['R07679', 'C05422', 'C00072'], ['R00640', 'C00072', 'C00125'], ['R05062', 'C00125', 'C00126'], ['R00640', 'C00126', 'C01115'], ['R07675', 'C01115', 'C01825'], ['R07674', 'C01825', 'C15926'], ['R07678', 'C15926', 'C02280'], ['R00889', 'C02280', 'C00096'], ['R12607', 'C00096', 'C00636'], ['R01818', 'C00636', 'C00275'], ['R01817', 'C00275', 'C00644'], ['R00758', 'C00644', 'C00085'], ['R00768', 'C00085', 'C00352'], ['R02060', 'C00352', 'C06156'], ['R05332', 'C06156', 'C04501'], ['R08968', 'C04501', 'C00140'], ['R09673', 'C00140', 'C19804'], ['R09677', 'C19804', 'C00043'], ['R08856', 'C00043', 'C01289'], ['R08856', 'C01289', 'C17556'], ['R05627', 'C17556', 'C04574'], ['R07269', 'C04574', 'C00129'], ['R01658', 'C00129', 'C00341'], ['R09040', 'C00341', 'C18131'], ['R09040', 'C18131', 'C00156'], ['R01296', 'C00156', 'C00230'], ['R05274', 'C00230', 'C06672'], ['R05699', 'C06672', 'C00755']]<=====
=====> after trim_chrom:  长度是4---[['R12540', 'C00082', 'C00079'], ['R00692', 'C00079', 'C00041'], ['R12622', 'C00041', 'C16666'], ['R12622', 'C16666', 'C00755']]<=====
=====> after trim_chrom:  长度是16---[['R09830', 'C00082', 'C01179'], ['R02521', 'C01179', 'C00544'], ['R05450', 'C00544', 'C05852'], ['R01372', 'C05852', 'C00166'], ['R00692', 'C00166', 'C00079'], ['R01376', 'C00079', 'C00078'], ['R12032', 'C00078', 'C00016'], ['R01175', 'C00016', 'C00877'], ['R09738', 'C00877', 'C00136'], ['R01177', 'C00136', 'C05269'], ['R01177', 'C05269', 'C00024'], ['R00353', 'C00024', 'C00083'], ['R08806', 'C00083', 'C17741'], ['R08806', 'C17741', 'C00406'], ['R05772', 'C00406', 'C07303'], ['R05773', 'C07303', 'C00755']]<=====
=====> after trim_chrom:  长度是8---[['R13031', 'C00082', 'C00355'], ['R08846', 'C00355', 'C10447'], ['R13082', 'C10447', 'C22567'], ['R13072', 'C22567', 'C05631'], ['R08012', 'C05631', 'C09756'], ['R07992', 'C09756', 'C16405'], ['R07989', 'C16405', 'C00406'], ['R12566', 'C00406', 'C00755']]<=====
--This is the 10th chromsome---
=====> after trim_chrom:  长度是27---[['R00730', 'C00082', 'C03004'], ['R04460', 'C03004', 'C15503'], ['R07190', 'C15503', 'C04350'], ['R11442', 'C04350', 'C04353'], ['R08659', 'C04353', 'C17238'], ['R08659', 'C17238', 'C00097'], ['R07460', 'C00097', 'C00041'], ['R05652', 'C00041', 'C00022'], ['R01576', 'C00022', 'C01187'], ['R03350', 'C01187', 'C04478'], ['R03254', 'C04478', 'C01112'], ['R01530', 'C01112', 'C00199'], ['R01056', 'C00199', 'C00117'], ['R01049', 'C00117', 'C00119'], ['R08245', 'C00119', 'C16619'], ['R08246', 'C16619', 'C00021'], ['R09791', 'C00021', 'C00509'], ['R13073', 'C00509', 'C00774'], ['R02901', 'C00774', 'C01744'], ['R12534', 'C01744', 'C00811'], ['R02253', 'C00811', 'C00423'], ['R06745', 'C00423', 'C01416'], ['R06728', 'C01416', 'C00180'], ['R01427', 'C00180', 'C00587'], ['R01628', 'C00587', 'C00230'], ['R07668', 'C00230', 'C06672'], ['R05273', 'C06672', 'C00755']]<=====
=====> after trim_chrom:  长度是6---[['R12540', 'C00082', 'C00079'], ['R00688', 'C00079', 'C00166'], ['R00694', 'C00166', 'C00026'], ['R00908', 'C00026', 'C00222'], ['R00907', 'C00222', 'C00022'], ['R12622', 'C00022', 'C00755']]<=====
--This is the 11th chromsome---
=====> after trim_chrom:  长度是7---[['R06626', 'C00082', 'C01179'], ['R03337', 'C01179', 'C03964'], ['R12492', 'C03964', 'C00811'], ['R01308', 'C00811', 'C00156'], ['R01296', 'C00156', 'C00230'], ['R07668', 'C00230', 'C06672'], ['R05273', 'C06672', 'C00755']]<=====
--This is the 12th chromsome---
=====> after trim_chrom:  长度是12---[['R00734', 'C00082', 'C01179'], ['R09254', 'C01179', 'C00022'], ['R00400', 'C00022', 'C00036'], ['R00350', 'C00036', 'C04115'], ['R04478', 'C04115', 'C04434'], ['R09565', 'C04434', 'C01424'], ['R03247', 'C01424', 'C01108'], ['R05250', 'C01108', 'C01751'], ['R11348', 'C01751', 'C02814'], ['R01630', 'C02814', 'C00230'], ['R07668', 'C00230', 'C06672'], ['R05699', 'C06672', 'C00755']]<=====
--This is the 13th chromsome---
=====> after trim_chrom:  长度是12---[['R01815', 'C00082', 'C00355'], ['R08846', 'C00355', 'C10447'], ['R13082', 'C10447', 'C22567'], ['R13082', 'C22567', 'C02183'], ['R02901', 'C02183', 'C00774'], ['R12117', 'C00774', 'C00083'], ['R07910', 'C00083', 'C16299'], ['R07910', 'C16299', 'C12096'], ['R06545', 'C12096', 'C08639'], ['R10261', 'C08639', 'C08604'], ['R10259', 'C08604', 'C06672'], ['R05699', 'C06672', 'C00755']]<=====
=====> after trim_chrom:  长度是11---[['R01815', 'C00082', 'C00355'], ['R02077', 'C00355', 'C00025'], ['R09599', 'C00025', 'C00064'], ['R08890', 'C00064', 'C17580'], ['R08893', 'C17580', 'C05198'], ['R11293', 'C05198', 'C06453'], ['R08862', 'C06453', 'C00541'], ['R00099', 'C00541', 'C00853'], ['R07668', 'C00853', 'C00230'], ['R07668', 'C00230', 'C06672'], ['R05699', 'C06672', 'C00755']]<=====
=====> after trim_chrom:  长度是17---[['R09521', 'C00082', 'C02515'], ['R09522', 'C02515', 'C01060'], ['R03207', 'C01060', 'C01244'], ['R03207', 'C01244', 'C00026'], ['R12936', 'C00026', 'C00025'], ['R01231', 'C00025', 'C00655'], ['R02142', 'C00655', 'C00119'], ['R08238', 'C00119', 'C16615'], ['R08239', 'C16615', 'C04646'], ['R08240', 'C04646', 'C16618'], ['R08244', 'C16618', 'C16619'], ['R08246', 'C16619', 'C00021'], ['R08804', 'C00021', 'C17748'], ['R08804', 'C17748', 'C10462'], ['R08800', 'C10462', 'C17746'], ['R08797', 'C17746', 'C00406'], ['R12566', 'C00406', 'C00755']]<=====
=====> after trim_chrom:  长度是9---[['R12540', 'C00082', 'C00079'], ['R00689', 'C00079', 'C00166'], ['R01370', 'C00166', 'C05607'], ['R07796', 'C05607', 'C00423'], ['R02253', 'C00423', 'C00811'], ['R07826', 'C00811', 'C01197'], ['R03366', 'C01197', 'C01494'], ['R02194', 'C01494', 'C00406'], ['R12566', 'C00406', 'C00755']]<=====
--This is the 14th chromsome---
=====> after trim_chrom:  长度是19---[['R08825', 'C00082', 'C08565'], ['R08826', 'C08565', 'C08543'], ['R08827', 'C08543', 'C00355'], ['R07212', 'C00355', 'C00272'], ['R07213', 'C00272', 'C00643'], ['R07213', 'C00643', 'C00078'], ['R01376', 'C00078', 'C00331'], ['R10181', 'C00331', 'C00954'], ['R03094', 'C00954', 'C04197'], ['R04333', 'C04197', 'C00031'], ['R03604', 'C00031', 'C01533'], ['R03605', 'C01533', 'C02325'], ['R03918', 'C02325', 'C05610'], ['R07441', 'C05610', 'C00482'], ['R10261', 'C00482', 'C01175'], ['R10261', 'C01175', 'C08639'], ['R06546', 'C08639', 'C08604'], ['R10259', 'C08604', 'C06672'], ['R05273', 'C06672', 'C00755']]<=====
=====> after trim_chrom:  长度是13---[['R00031', 'C00082', 'C00355'], ['R03672', 'C00355', 'C05604'], ['R08816', 'C05604', 'C17751'], ['R08817', 'C17751', 'C17752'], ['R08817', 'C17752', 'C00167'], ['R03589', 'C00167', 'C03515'], ['R03589', 'C03515', 'C01514'], ['R12279', 'C01514', 'C05631'], ['R08012', 'C05631', 'C09756'], ['R07992', 'C09756', 'C16405'], ['R07989', 'C16405', 'C00406'], ['R05772', 'C00406', 'C07303'], ['R05773', 'C07303', 'C00755']]<=====
=====> after trim_chrom:  长度是3---[['R09254', 'C00082', 'C00041'], ['R12622', 'C00041', 'C16666'], ['R12622', 'C16666', 'C00755']]<=====
=====> after trim_chrom:  长度是12---[['R10246', 'C00082', 'C00073'], ['R08635', 'C00073', 'C00409'], ['R11546', 'C00409', 'C00580'], ['R12319', 'C00580', 'C11143'], ['R12320', 'C11143', 'C11142'], ['R10203', 'C11142', 'C11145'], ['R09513', 'C11145', 'C00067'], ['R01306', 'C00067', 'C02519'], ['R01306', 'C02519', 'C00156'], ['R01296', 'C00156', 'C00230'], ['R07668', 'C00230', 'C06672'], ['R05699', 'C06672', 'C00755']]<=====
=====> after trim_chrom:  长度是12---[['R07211', 'C00082', 'C00079'], ['R00690', 'C00079', 'C02505'], ['R07854', 'C02505', 'C16074'], ['R07855', 'C16074', 'C07086'], ['R12504', 'C07086', 'C01455'], ['R03562', 'C01455', 'C01467'], ['R07665', 'C01467', 'C03351'], ['R04136', 'C03351', 'C03067'], ['R07667', 'C03067', 'C00587'], ['R01628', 'C00587', 'C00230'], ['R10136', 'C00230', 'C06672'], ['R05273', 'C06672', 'C00755']]<=====
--This is the 15th chromsome---
-----Sampling Done-----
get_network_totalReactions -> original-rxn_list:
['R07212', 'R08846', 'R11206', 'R07826', 'R01308', 'R01296', 'R10136', 'R05273']
get_network_totalReactions -> original-cpd_list:
['C00082', 'C00355', 'C10447', 'C01197', 'C00811', 'C00156', 'C00230', 'C06672', 'C00755']
--- 0 expanding the path into a network
For this path,best_enzyme_pool:
['1.14.16.2', '4.3.1.22', '2.8.3.23', '1.14.13.-', '1.14.13.33', '2.1.1.341', '1.2.3.9']
Min-count: 10
开始代谢网络分支评估:
开始计算理论产率...
The current solver interface glpk doesn't support setting the optimality tolerance.
The current solver interface glpk doesn't support setting the optimality tolerance.
Compartment `e` sounds like an external compartment. Using this one without counting boundary reactions.
Compartment `e` sounds like an external compartment. Using this one without counting boundary reactions.
添加反应：R07212
添加反应：R08846
添加反应：R11206
添加反应：R07826
添加反应：R01308
添加反应：R01296
添加反应：R10136
添加反应：R05273
最大生物量：12.368604651162785
理论产率 = 0.6184302325581392 mmol-Dgly/mmol-glc
Length: 8
Net_count: 5.3
Net_Tox: 12.230821356599382
Network_yield: 0.6184302325581392
Gibbs: -1.3666607397570374
Fitness: 0.6184302325581392

get_network_totalReactions -> original-rxn_list:
['R01795', 'R11918', 'R02537', 'R06791', 'R02515', 'R02520', 'R02657', 'R02589', 'R01628', 'R07668', 'R05699']
get_network_totalReactions -> original-cpd_list:
['C00082', 'C00079', 'C00601', 'C07086', 'C05593', 'C00544', 'C05585', 'C00628', 'C00587', 'C00230', 'C06672', 'C00755']
--- 0 expanding the path into a network
For this path,best_enzyme_pool:
['1.14.16.1', '4.1.1.109', '1.2.1.5', '1.14.13.63', '1.13.12.-', '1.2.3.1', '1.14.13.24', '1.14.13.23', '2.1.1.382', '1.2.1.67']
Min-count: 14
开始代谢网络分支评估:
开始计算理论产率...
The current solver interface glpk doesn't support setting the optimality tolerance.
The current solver interface glpk doesn't support setting the optimality tolerance.
Compartment `e` sounds like an external compartment. Using this one without counting boundary reactions.
Compartment `e` sounds like an external compartment. Using this one without counting boundary reactions.
添加反应：R01795
添加反应：R11918
添加反应：R02537 ALDD19x_P
添加反应：R06791
添加反应：R02515
添加反应：R02520
添加反应：R02657 r0559
添加反应：R02589
添加反应：R01628
添加反应：R07668
添加反应：R05699 VNDH
最大生物量：0.0
This pathway is not feasible!
Length: 11
Net_count: 7.15
Net_Tox: 11.540317660885774
Network_yield: -999
Gibbs: 10.519800278571115
Fitness: -999

get_network_totalReactions -> original-rxn_list:
['R00737', 'R07826', 'R01943', 'R07873', 'R07875', 'R06798', 'R10296', 'R05273']
get_network_totalReactions -> original-cpd_list:
['C00082', 'C00811', 'C01197', 'C00323', 'C16297', 'C12640', 'C12137', 'C06672', 'C00755']
--- 0 expanding the path into a network
--- 1 expanding the path into a network
For this path,best_enzyme_pool:
['4.3.1.23', '1.14.13.-', '6.2.1.12', '2.3.1.215', '2.4.1.-', '2.4.1.300', '1.2.3.9']
Min-count: 12
开始代谢网络分支评估:
开始计算理论产率...
The current solver interface glpk doesn't support setting the optimality tolerance.
The current solver interface glpk doesn't support setting the optimality tolerance.
Compartment `e` sounds like an external compartment. Using this one without counting boundary reactions.
Compartment `e` sounds like an external compartment. Using this one without counting boundary reactions.
添加反应：R00737
添加反应：R07826
添加反应：R01943 CAFFCOA
添加反应：R07873
添加反应：R07875
添加反应：R06798
添加反应：R10296
添加反应：R05273
最大生物量：0.0
This pathway is not feasible!
Length: 8
Net_count: 6.242857142857143
Net_Tox: 2.2825309535619027
Network_yield: -999
Gibbs: 11.728026136371156
Fitness: -999

get_network_totalReactions -> original-rxn_list:
['R00734', 'R00042', 'R02698', 'R03306', 'R05474', 'R05480', 'R05344', 'R05252', 'R01307', 'R01296', 'R10136', 'R05273']
get_network_totalReactions -> original-cpd_list:
['C00082', 'C01179', 'C00642', 'C01161', 'C03077', 'C06646', 'C06647', 'C06648', 'C02370', 'C00156', 'C00230', 'C06672', 'C00755']
--- 0 expanding the path into a network
--- 1 expanding the path into a network
--- 2 expanding the path into a network
--- 3 expanding the path into a network
For this path,best_enzyme_pool:
['2.6.1.1', '1.2.3.13', '1.14.14.9', '1.14.12.9', '1.2.-.-', '3.8.1.6', '1.14.13.33', '2.1.1.341', '1.2.3.9']
Min-count: 13
开始代谢网络分支评估:
开始计算理论产率...
The current solver interface glpk doesn't support setting the optimality tolerance.
The current solver interface glpk doesn't support setting the optimality tolerance.
Compartment `e` sounds like an external compartment. Using this one without counting boundary reactions.
Compartment `e` sounds like an external compartment. Using this one without counting boundary reactions.
反应已存在：R00734 TYRTA
添加反应：R00042
添加反应：R02698 4HOXPACMON
添加反应：R03306
添加反应：R05474
添加反应：R05480
添加反应：R05344
添加反应：R05252
添加反应：R01307
添加反应：R01296
添加反应：R10136
添加反应：R05273
最大生物量：12.368604651162814
理论产率 = 0.6184302325581407 mmol-Dgly/mmol-glc
Length: 12
Net_count: 6.575
Net_Tox: 6.860388233758022
Network_yield: 0.6184302325581407
Gibbs: 45.7931628626846
Fitness: 0.6184302325581407

get_network_totalReactions -> original-rxn_list:
['R00734', 'R03339', 'R12492', 'R01308', 'R01298', 'R05274', 'R05699']
get_network_totalReactions -> original-cpd_list:
['C00082', 'C01179', 'C03964', 'C00811', 'C00156', 'C00230', 'C06672', 'C00755']
--- 0 expanding the path into a network
--- 1 expanding the path into a network
--- 2 expanding the path into a network
--- 3 expanding the path into a network
--- 4 expanding the path into a network
--- 5 expanding the path into a network
--- 6 expanding the path into a network
--- 7 expanding the path into a network
For this path,best_enzyme_pool:
['2.6.1.1', '1.1.1.237', '2.8.3.17', '1.14.13.2', '1.14.13.82', '1.2.1.67']
Min-count: 8
开始代谢网络分支评估:
开始计算理论产率...
The current solver interface glpk doesn't support setting the optimality tolerance.
The current solver interface glpk doesn't support setting the optimality tolerance.
Compartment `e` sounds like an external compartment. Using this one without counting boundary reactions.
Compartment `e` sounds like an external compartment. Using this one without counting boundary reactions.
反应已存在：R00734 TYRTA
添加反应：R03339
添加反应：R12492
添加反应：R01308
添加反应：R01298 4HBHYOX
添加反应：R05274 VNTDM
添加反应：R05699 VNDH
最大生物量：0.0
This pathway is not feasible!
Length: 7
Net_count: 4.0
Net_Tox: 2.065221903387576
Network_yield: -999
Gibbs: -1.3666607397570374
Fitness: -999

get_network_totalReactions -> original-rxn_list:
['R09830', 'R06632', 'R06633', 'R02672', 'R01303', 'R01298', 'R10136', 'R05699']
get_network_totalReactions -> original-cpd_list:
['C00082', 'C01179', 'C03198', 'C03590', 'C00633', 'C00156', 'C00230', 'C06672', 'C00755']
--- 0 expanding the path into a network
--- 1 expanding the path into a network
For this path,best_enzyme_pool:
['1.4.1.20', '1.13.11.46', '1.1.3.46', '4.1.1.7', '1.14.99.-', '1.14.13.2', '2.1.1.341', '1.2.1.67']
Min-count: 9
开始代谢网络分支评估:
开始计算理论产率...
