-----Sampling-----
=====> after trim_chrom:  长度是13---[['R01519', 'C00257', 'C00198'], ['R00300', 'C00198', 'C00031'], ['R00874', 'C00031', 'C00794'], ['R02866', 'C00794', 'C01096'], ['R05607', 'C01096', 'C05345'], ['R01819', 'C05345', 'C00275'], ['R00772', 'C00275', 'C00085'], ['R01067', 'C00085', 'C00231'], ['R01529', 'C00231', 'C00199'], ['R01056', 'C00199', 'C00117'], ['R01641', 'C00117', 'C00118'], ['R01063', 'C00118', 'C00236'], ['R02188', 'C00236', 'C00197']]<=====
--This is the 1th chromsome---
=====> after trim_chrom:  长度是4---[['R01737', 'C00257', 'C00345'], ['R01528', 'C00345', 'C00199'], ['R01523', 'C00199', 'C01182'], ['R03140', 'C01182', 'C00197']]<=====
--This is the 2th chromsome---
=====> after trim_chrom:  长度是4---[['R01737', 'C00257', 'C00345'], ['R01528', 'C00345', 'C00199'], ['R01523', 'C00199', 'C01182'], ['R03140', 'C01182', 'C00197']]<=====
--This is the 3th chromsome---
=====> after trim_chrom:  长度是11---[['R01739', 'C00257', 'C06473'], ['R02658', 'C06473', 'C01218'], ['R02032', 'C01218', 'C00345'], ['R10221', 'C00345', 'C00199'], ['R07281', 'C00199', 'C00058'], ['R12451', 'C00058', 'C06455'], ['R08865', 'C06455', 'C17943'], ['R08866', 'C17943', 'C06456'], ['R08867', 'C06456', 'C17945'], ['R08887', 'C17945', 'C06367'], ['R08887', 'C06367', 'C00197']]<=====
=====> after trim_chrom:  长度是8---[['R01538', 'C00257', 'C00204'], ['R01541', 'C00204', 'C04442'], ['R02036', 'C04442', 'C00345'], ['R01528', 'C00345', 'C00199'], ['R01529', 'C00199', 'C00231'], ['R13000', 'C00231', 'C00118'], ['R01063', 'C00118', 'C00236'], ['R01660', 'C00236', 'C00197']]<=====
--This is the 4th chromsome---
=====> after trim_chrom:  长度是5---[['R01737', 'C00257', 'C00345'], ['R10221', 'C00345', 'C00199'], ['R01529', 'C00199', 'C00231'], ['R12668', 'C00231', 'C00118'], ['R10860', 'C00118', 'C00197']]<=====
--This is the 5th chromsome---
=====> after trim_chrom:  长度是11---[['R01519', 'C00257', 'C00198'], ['R00874', 'C00198', 'C00095'], ['R12349', 'C00095', 'C00372'], ['R11309', 'C00372', 'C00252'], ['R11791', 'C00252', 'C00221'], ['R01600', 'C00221', 'C01172'], ['R05134', 'C01172', 'C06188'], ['R05134', 'C06188', 'C02323'], ['R03558', 'C02323', 'C01451'], ['R04394', 'C01451', 'C00615'], ['R01516', 'C00615', 'C00197']]<=====
=====> after trim_chrom:  长度是16---[['R01538', 'C00257', 'C00204'], ['R01544', 'C00204', 'C03752'], ['R01962', 'C03752', 'C00329'], ['R01200', 'C00329', 'C00140'], ['R05199', 'C00140', 'C00357'], ['R02087', 'C00357', 'C04257'], ['R02706', 'C04257', 'C00645'], ['R01811', 'C00645', 'C00270'], ['R05117', 'C00270', 'C06140'], ['R05116', 'C06140', 'C00128'], ['R04656', 'C00128', 'C04936'], ['R04656', 'C04936', 'C04922'], ['R09755', 'C04922', 'C00052'], ['R00955', 'C00052', 'C00446'], ['R00955', 'C00446', 'C00103'], ['R01660', 'C00103', 'C00197']]<=====
=====> after trim_chrom:  长度是13---[['R01740', 'C00257', 'C01062'], ['R08879', 'C01062', 'C02780'], ['R05823', 'C02780', 'C06473'], ['R02658', 'C06473', 'C01218'], ['R02034', 'C01218', 'C00345'], ['R02035', 'C00345', 'C01236'], ['R10520', 'C01236', 'C00092'], ['R00839', 'C00092', 'C04534'], ['R01441', 'C04534', 'C00185'], ['R00952', 'C00185', 'C00103'], ['R01660', 'C00103', 'C01231'], ['R01660', 'C01231', 'C00236'], ['R01512', 'C00236', 'C00197']]<=====
=====> after trim_chrom:  长度是10---[['R01519', 'C00257', 'C00198'], ['R07147', 'C00198', 'C00031'], ['R00874', 'C00031', 'C00794'], ['R00875', 'C00794', 'C00095'], ['R00801', 'C00095', 'C00089'], ['R01823', 'C00089', 'C00718'], ['R02421', 'C00718', 'C00498'], ['R09665', 'C00498', 'C19792'], ['R11959', 'C19792', 'C00258'], ['R01514', 'C00258', 'C00197']]<=====
--This is the 6th chromsome---
=====> after trim_chrom:  长度是4---[['R01538', 'C00257', 'C00204'], ['R01541', 'C00204', 'C04442'], ['R05605', 'C04442', 'C00118'], ['R01058', 'C00118', 'C00197']]<=====
--This is the 7th chromsome---
=====> after trim_chrom:  长度是6---[['R01538', 'C00257', 'C00204'], ['R01541', 'C00204', 'C04442'], ['R02036', 'C04442', 'C00345'], ['R01528', 'C00345', 'C00199'], ['R01523', 'C00199', 'C01182'], ['R03140', 'C01182', 'C00197']]<=====
--This is the 8th chromsome---
=====> after trim_chrom:  长度是18---[['R01741', 'C00257', 'C06473'], ['R02658', 'C06473', 'C01218'], ['R02032', 'C01218', 'C00345'], ['R02035', 'C00345', 'C01236'], ['R10907', 'C01236', 'C01172'], ['R03321', 'C01172', 'C05345'], ['R02703', 'C05345', 'C00644'], ['R00758', 'C00644', 'C00085'], ['R08406', 'C00085', 'C00095'], ['R01823', 'C00095', 'C00718'], ['R02111', 'C00718', 'C00369'], ['R09995', 'C00369', 'C01083'], ['R02780', 'C01083', 'C00689'], ['R02737', 'C00689', 'C00668'], ['R01788', 'C00668', 'C00267'], ['R03115', 'C00267', 'C00965'], ['R03116', 'C00965', 'C00103'], ['R01660', 'C00103', 'C00197']]<=====
=====> after trim_chrom:  长度是14---[['R01737', 'C00257', 'C00345'], ['R02035', 'C00345', 'C01236'], ['R09550', 'C01236', 'C00092'], ['R07324', 'C00092', 'C04006'], ['R07279', 'C04006', 'C00137'], ['R01194', 'C00137', 'C01235'], ['R01194', 'C01235', 'C00124'], ['R01329', 'C00124', 'C05400'], ['R01329', 'C05400', 'C00159'], ['R00877', 'C00159', 'C00095'], ['R00867', 'C00095', 'C05345'], ['R12731', 'C05345', 'C00118'], ['R01063', 'C00118', 'C00236'], ['R01515', 'C00236', 'C00197']]<=====
=====> after trim_chrom:  长度是5---[['R01737', 'C00257', 'C00345'], ['R10221', 'C00345', 'C00199'], ['R01529', 'C00199', 'C00231'], ['R12668', 'C00231', 'C00118'], ['R01058', 'C00118', 'C00197']]<=====
--This is the 9th chromsome---
=====> after trim_chrom:  长度是18---[['R01538', 'C00257', 'C00204'], ['R05606', 'C00204', 'C00514'], ['R02454', 'C00514', 'C00905'], ['R01482', 'C00905', 'C00191'], ['R01476', 'C00191', 'C05385'], ['R01381', 'C05385', 'C00167'], ['R01385', 'C00167', 'C00617'], ['R00501', 'C00617', 'C00052'], ['R04531', 'C00052', 'C04847'], ['R04531', 'C04847', 'C00611'], ['R01205', 'C00611', 'C00140'], ['R01207', 'C00140', 'C00645'], ['R00414', 'C00645', 'C00043'], ['R00660', 'C00043', 'C04631'], ['R00660', 'C04631', 'C00074'], ['R00658', 'C00074', 'C00631'], ['R02664', 'C00631', 'C01159'], ['R01516', 'C01159', 'C00197']]<=====
=====> after trim_chrom:  长度是4---[['R01538', 'C00257', 'C00204'], ['R01541', 'C00204', 'C04442'], ['R05605', 'C04442', 'C00118'], ['R01058', 'C00118', 'C00197']]<=====
--This is the 10th chromsome---
=====> after trim_chrom:  长度是12---[['R01538', 'C00257', 'C00204'], ['R01540', 'C00204', 'C00817'], ['R02555', 'C00817', 'C00558'], ['R11624', 'C00558', 'C00905'], ['R10848', 'C00905', 'C00800'], ['R02933', 'C00800', 'C01040'], ['R03183', 'C01040', 'C02670'], ['R02957', 'C02670', 'C00818'], ['R08056', 'C00818', 'C03921'], ['R03277', 'C03921', 'C01146'], ['R01745', 'C01146', 'C00258'], ['R01511', 'C00258', 'C00197']]<=====
--This is the 11th chromsome---
=====> after trim_chrom:  长度是9---[['R01737', 'C00257', 'C00345'], ['R10221', 'C00345', 'C00199'], ['R01530', 'C00199', 'C01112'], ['R03254', 'C01112', 'C04478'], ['R03350', 'C04478', 'C01187'], ['R01576', 'C01187', 'C00022'], ['R01064', 'C00022', 'C01286'], ['R01064', 'C01286', 'C00118'], ['R01058', 'C00118', 'C00197']]<=====
=====> after trim_chrom:  长度是9---[['R01519', 'C00257', 'C00198'], ['R01522', 'C00198', 'C00221'], ['R12983', 'C00221', 'C15548'], ['R07264', 'C15548', 'C00663'], ['R02727', 'C00663', 'C01083'], ['R07265', 'C01083', 'C00103'], ['R00949', 'C00103', 'C01231'], ['R01660', 'C01231', 'C00236'], ['R02188', 'C00236', 'C00197']]<=====
--This is the 12th chromsome---
=====> after trim_chrom:  长度是5---[['R01737', 'C00257', 'C00345'], ['R01528', 'C00345', 'C00199'], ['R01529', 'C00199', 'C00231'], ['R13000', 'C00231', 'C00118'], ['R01058', 'C00118', 'C00197']]<=====
--This is the 13th chromsome---
=====> after trim_chrom:  长度是4---[['R01538', 'C00257', 'C00204'], ['R01541', 'C00204', 'C04442'], ['R05605', 'C04442', 'C00118'], ['R01058', 'C00118', 'C00197']]<=====
--This is the 14th chromsome---
=====> after trim_chrom:  长度是11---[['R01737', 'C00257', 'C00345'], ['R02036', 'C00345', 'C04442'], ['R05605', 'C04442', 'C00118'], ['R01069', 'C00118', 'C03785'], ['R03236', 'C03785', 'C01097'], ['R03240', 'C01097', 'C01113'], ['R11171', 'C01113', 'C04261'], ['R05132', 'C04261', 'C00615'], ['R02626', 'C00615', 'C04262'], ['R01516', 'C04262', 'C01159'], ['R01516', 'C01159', 'C00197']]<=====
=====> after trim_chrom:  长度是7---[['R01742', 'C00257', 'C06473'], ['R02658', 'C06473', 'C01218'], ['R02034', 'C01218', 'C00345'], ['R02036', 'C00345', 'C04442'], ['R05605', 'C04442', 'C00118'], ['R01061', 'C00118', 'C00236'], ['R01517', 'C00236', 'C00197']]<=====
--This is the 15th chromsome---
-----Sampling Done-----
get_network_totalReactions -> original-rxn_list:
['R01519', 'R00300', 'R00874', 'R02866', 'R05607', 'R01819', 'R00772', 'R01067', 'R01529', 'R01056', 'R01641', 'R01063', 'R02188']
get_network_totalReactions -> original-cpd_list:
['C00257', 'C00198', 'C00031', 'C00794', 'C01096', 'C05345', 'C00275', 'C00085', 'C00231', 'C00199', 'C00117', 'C00118', 'C00236', 'C00197']
--- 0 expanding the path into a network
--- 1 expanding the path into a network
--- 2 expanding the path into a network
--- 3 expanding the path into a network
For this path,best_enzyme_pool:
['3.1.1.17', '1.1.1.118', '1.1.99.28', '3.1.3.50', '1.1.1.140', '5.3.1.8', '5.3.1.8', '2.2.1.1', '5.1.3.1', '5.3.1.6', '2.2.1.1', '1.2.1.13', '2.7.4.17']
Min-count: 16
开始代谢网络分支评估:
开始计算理论产率...
The current solver interface glpk doesn't support setting the optimality tolerance.
The current solver interface glpk doesn't support setting the optimality tolerance.
Compartment `e` sounds like an external compartment. Using this one without counting boundary reactions.
Compartment `e` sounds like an external compartment. Using this one without counting boundary reactions.
添加反应：R01519
添加反应：R00300 G1Dx
添加反应：R00874
添加反应：R02866
反应已存在：R05607 SBTPD
反应已存在：R01819 MAN6PI
添加反应：R00772
添加反应：R01067
反应已存在：R01529 RPE
添加反应：R01056
添加反应：R01641
添加反应：R01063 GAPDH_nadp_hi
添加反应：R02188
最大生物量：43.8061538461538
理论产率 = 2.1120824175824153 mmol-Dgly/mmol-glc
Length: 13
Net_count: 10.621428571428572
Net_Tox: 7.987264675569227
Network_yield: 2.1120824175824153
Gibbs: -1.503104687046691
Fitness: 10.621428571428572

get_network_totalReactions -> original-rxn_list:
['R01737', 'R01528', 'R01523', 'R03140']
get_network_totalReactions -> original-cpd_list:
['C00257', 'C00345', 'C00199', 'C01182', 'C00197']
--- 0 expanding the path into a network
--- 1 expanding the path into a network
For this path,best_enzyme_pool:
['2.7.1.12', '1.1.1.44', '2.7.1.19', '4.1.1.39']
Min-count: 6
开始代谢网络分支评估:
开始计算理论产率...
The current solver interface glpk doesn't support setting the optimality tolerance.
The current solver interface glpk doesn't support setting the optimality tolerance.
Compartment `e` sounds like an external compartment. Using this one without counting boundary reactions.
Compartment `e` sounds like an external compartment. Using this one without counting boundary reactions.
反应已存在：R01737 GNK
反应已存在：R01528 GND
添加反应：R01523 PRUK
添加反应：R03140 RBCh
最大生物量：42.17402597402595
理论产率 = 1.8978311688311678 mmol-Dgly/mmol-glc
Length: 4
Net_count: 3.8600000000000003
Net_Tox: 1.7348761542649975
Network_yield: 1.8978311688311678
Gibbs: -14.179015041856319
Fitness: 3.8600000000000003

get_network_totalReactions -> original-rxn_list:
['R01737', 'R01528', 'R01523', 'R03140']
get_network_totalReactions -> original-cpd_list:
['C00257', 'C00345', 'C00199', 'C01182', 'C00197']
--- 0 expanding the path into a network
--- 1 expanding the path into a network
For this path,best_enzyme_pool:
['2.7.1.12', '1.1.1.44', '2.7.1.19', '4.1.1.39']
Min-count: 6
开始代谢网络分支评估:
