-----Sampling-----
=====> after trim_chrom:  长度是16---[['R05671', 'C00082', 'C07027'], ['R05672', 'C07027', 'C07028'], ['R05673', 'C07028', 'C00021'], ['R00192', 'C00021', 'C00212'], ['R01561', 'C00212', 'C00620'], ['R01057', 'C00620', 'C00117'], ['R01051', 'C00117', 'C00121'], ['R02137', 'C00121', 'C00475'], ['R01878', 'C00475', 'C00299'], ['R01879', 'C00299', 'C00526'], ['R02102', 'C00526', 'C00365'], ['R02101', 'C00365', 'C00364'], ['R06613', 'C00364', 'C00143'], ['R07168', 'C00143', 'C00440'], ['R10136', 'C00440', 'C06672'], ['R05273', 'C06672', 'C00755']]<=====
=====> after trim_chrom:  长度是8---[['R07211', 'C00082', 'C00079'], ['R00686', 'C00079', 'C02265'], ['R01582', 'C02265', 'C00217'], ['R00260', 'C00217', 'C00025'], ['R00908', 'C00025', 'C00099'], ['R00907', 'C00099', 'C00041'], ['R00396', 'C00041', 'C00022'], ['R12622', 'C00022', 'C00755']]<=====
--This is the 1th chromsome---
=====> after trim_chrom:  长度是9---[['R02078', 'C00082', 'C00355'], ['R08836', 'C00355', 'C17758'], ['R08837', 'C17758', 'C08538'], ['R08835', 'C08538', 'C08557'], ['R08835', 'C08557', 'C03758'], ['R02383', 'C03758', 'C00483'], ['R02385', 'C00483', 'C02717'], ['R02385', 'C02717', 'C00406'], ['R12566', 'C00406', 'C00755']]<=====
=====> after trim_chrom:  长度是4---[['R10246', 'C00082', 'C05198'], ['R11293', 'C05198', 'C06453'], ['R07668', 'C06453', 'C06672'], ['R05699', 'C06672', 'C00755']]<=====
--This is the 2th chromsome---
=====> after trim_chrom:  长度是16---[['R00732', 'C00082', 'C00826'], ['R01731', 'C00826', 'C00049'], ['R00400', 'C00049', 'C00036'], ['R00361', 'C00036', 'C00149'], ['R03323', 'C00149', 'C00031'], ['R03703', 'C00031', 'C02074'], ['R05882', 'C02074', 'C01761'], ['R05877', 'C01761', 'C11807'], ['R05876', 'C11807', 'C00024'], ['R10219', 'C00024', 'C18799'], ['R12291', 'C18799', 'C18802'], ['R10385', 'C18802', 'C06021'], ['R12999', 'C06021', 'C06020'], ['R02289', 'C06020', 'C00440'], ['R10136', 'C00440', 'C06672'], ['R05273', 'C06672', 'C00755']]<=====
=====> after trim_chrom:  长度是6---[['R10246', 'C00082', 'C01468'], ['R02675', 'C01468', 'C00633'], ['R01293', 'C00633', 'C00156'], ['R01296', 'C00156', 'C00230'], ['R05274', 'C00230', 'C06672'], ['R05273', 'C06672', 'C00755']]<=====
--This is the 3th chromsome---
=====> after trim_chrom:  长度是11---[['R10246', 'C00082', 'C01468'], ['R12133', 'C01468', 'C17467'], ['R12134', 'C17467', 'C00633'], ['R01303', 'C00633', 'C00156'], ['R01297', 'C00156', 'C00530'], ['R02363', 'C00530', 'C00472'], ['R06854', 'C00472', 'C07103'], ['R06853', 'C07103', 'C02814'], ['R01630', 'C02814', 'C00230'], ['R07668', 'C00230', 'C06672'], ['R05273', 'C06672', 'C00755']]<=====
--This is the 4th chromsome---
=====> after trim_chrom:  长度是15---[['R02078', 'C00082', 'C00355'], ['R02080', 'C00355', 'C03758'], ['R04301', 'C03758', 'C05587'], ['R04890', 'C05587', 'C05581'], ['R04888', 'C05581', 'C05582'], ['R03304', 'C05582', 'C01161'], ['R03306', 'C01161', 'C03077'], ['R05474', 'C03077', 'C06646'], ['R05480', 'C06646', 'C06647'], ['R05344', 'C06647', 'C06648'], ['R05252', 'C06648', 'C02370'], ['R01307', 'C02370', 'C00156'], ['R01296', 'C00156', 'C00230'], ['R10136', 'C00230', 'C06672'], ['R05273', 'C06672', 'C00755']]<=====
=====> after trim_chrom:  长度是8---[['R07212', 'C00082', 'C00355'], ['R08846', 'C00355', 'C10447'], ['R11206', 'C10447', 'C01197'], ['R02950', 'C01197', 'C00811'], ['R01308', 'C00811', 'C00156'], ['R01298', 'C00156', 'C00230'], ['R05274', 'C00230', 'C06672'], ['R05273', 'C06672', 'C00755']]<=====
--This is the 5th chromsome---
=====> after trim_chrom:  长度是7---[['R00728', 'C00082', 'C00146'], ['R11653', 'C00146', 'C00090'], ['R00821', 'C00090', 'C00196'], ['R01508', 'C00196', 'C00587'], ['R01628', 'C00587', 'C00230'], ['R07668', 'C00230', 'C06672'], ['R05273', 'C06672', 'C00755']]<=====
--This is the 6th chromsome---
=====> after trim_chrom:  长度是8---[['R10246', 'C00082', 'C01468'], ['R07663', 'C01468', 'C06677'], ['R05281', 'C06677', 'C06678'], ['R05271', 'C06678', 'C06679'], ['R05272', 'C06679', 'C02236'], ['R01636', 'C02236', 'C00230'], ['R05274', 'C00230', 'C06672'], ['R05273', 'C06672', 'C00755']]<=====
--This is the 7th chromsome---
=====> after trim_chrom:  长度是8---[['R00737', 'C00082', 'C00811'], ['R07826', 'C00811', 'C01197'], ['R03366', 'C01197', 'C01494'], ['R07440', 'C01494', 'C05619'], ['R02379', 'C05619', 'C00482'], ['R10261', 'C00482', 'C08604'], ['R10259', 'C08604', 'C06672'], ['R05699', 'C06672', 'C00755']]<=====
--This is the 8th chromsome---
=====> after trim_chrom:  长度是8---[['R11917', 'C00082', 'C03765'], ['R03341', 'C03765', 'C01179'], ['R06626', 'C01179', 'C03590'], ['R02672', 'C03590', 'C00633'], ['R01294', 'C00633', 'C00156'], ['R01298', 'C00156', 'C00230'], ['R05274', 'C00230', 'C06672'], ['R05699', 'C06672', 'C00755']]<=====
--This is the 9th chromsome---
=====> after trim_chrom:  长度是7---[['R00728', 'C00082', 'C00146'], ['R10043', 'C00146', 'C00090'], ['R07700', 'C00090', 'C00292'], ['R01860', 'C00292', 'C00568'], ['R05280', 'C00568', 'C00230'], ['R07668', 'C00230', 'C06672'], ['R05273', 'C06672', 'C00755']]<=====
--This is the 10th chromsome---
=====> after trim_chrom:  长度是12---[['R11917', 'C00082', 'C03765'], ['R02697', 'C03765', 'C00642'], ['R06790', 'C00642', 'C07086'], ['R12504', 'C07086', 'C01455'], ['R05666', 'C01455', 'C01468'], ['R07663', 'C01468', 'C06677'], ['R05281', 'C06677', 'C06678'], ['R05271', 'C06678', 'C06679'], ['R05272', 'C06679', 'C02236'], ['R01636', 'C02236', 'C00230'], ['R05274', 'C00230', 'C06672'], ['R05273', 'C06672', 'C00755']]<=====
--This is the 11th chromsome---
=====> after trim_chrom:  长度是9---[['R10246', 'C00082', 'C01468'], ['R03568', 'C01468', 'C06730'], ['R05294', 'C06730', 'C06677'], ['R05281', 'C06677', 'C06678'], ['R05271', 'C06678', 'C06679'], ['R05272', 'C06679', 'C02236'], ['R01636', 'C02236', 'C00230'], ['R07668', 'C00230', 'C06672'], ['R05273', 'C06672', 'C00755']]<=====
--This is the 12th chromsome---
=====> after trim_chrom:  长度是8---[['R10246', 'C00082', 'C01468'], ['R07663', 'C01468', 'C06677'], ['R05281', 'C06677', 'C06678'], ['R05271', 'C06678', 'C06679'], ['R05272', 'C06679', 'C02236'], ['R01636', 'C02236', 'C00230'], ['R05274', 'C00230', 'C06672'], ['R05699', 'C06672', 'C00755']]<=====
--This is the 13th chromsome---
=====> after trim_chrom:  长度是13---[['R09830', 'C00082', 'C01179'], ['R03339', 'C01179', 'C03964'], ['R08766', 'C03964', 'C00811'], ['R01616', 'C00811', 'C00223'], ['R07929', 'C00223', 'C16370'], ['R07929', 'C16370', 'C12138'], ['R07926', 'C12138', 'C16367'], ['R07926', 'C16367', 'C00323'], ['R07873', 'C00323', 'C16297'], ['R07875', 'C16297', 'C12640'], ['R06798', 'C12640', 'C12137'], ['R10296', 'C12137', 'C06672'], ['R05273', 'C06672', 'C00755']]<=====
=====> after trim_chrom:  长度是11---[['R09830', 'C00082', 'C01179'], ['R00042', 'C01179', 'C00642'], ['R07312', 'C00642', 'C01468'], ['R05666', 'C01468', 'C01455'], ['R03562', 'C01455', 'C01467'], ['R07665', 'C01467', 'C03351'], ['R04136', 'C03351', 'C03067'], ['R07667', 'C03067', 'C00587'], ['R01628', 'C00587', 'C00230'], ['R07668', 'C00230', 'C06672'], ['R05273', 'C06672', 'C00755']]<=====
--This is the 14th chromsome---
=====> after trim_chrom:  长度是13---[['R09254', 'C00082', 'C01179'], ['R03339', 'C01179', 'C03964'], ['R12492', 'C03964', 'C00811'], ['R07826', 'C00811', 'C01197'], ['R10701', 'C01197', 'C10434'], ['R10701', 'C10434', 'C00493'], ['R06847', 'C00493', 'C02637'], ['R03084', 'C02637', 'C00944'], ['R01873', 'C00944', 'C00296'], ['R01945', 'C00296', 'C00852'], ['R01945', 'C00852', 'C00323'], ['R01942', 'C00323', 'C00406'], ['R12566', 'C00406', 'C00755']]<=====
=====> after trim_chrom:  长度是5---[['R00728', 'C00082', 'C00146'], ['R00815', 'C00146', 'C00090'], ['R00822', 'C00090', 'C00230'], ['R07668', 'C00230', 'C06672'], ['R05699', 'C06672', 'C00755']]<=====
--This is the 15th chromsome---
-----Sampling Done-----
开始计算理论产率（不进行网络扩展）...
The current solver interface glpk doesn't support setting the optimality tolerance.
The current solver interface glpk doesn't support setting the optimality tolerance.
Compartment `e` sounds like an external compartment. Using this one without counting boundary reactions.
Compartment `e` sounds like an external compartment. Using this one without counting boundary reactions.
