-----Sampling-----
=====> after trim_chrom:  长度是20---[['R09254', 'C00082', 'C01179'], ['R03341', 'C01179', 'C03765'], ['R04305', 'C03765', 'C06160'], ['R05123', 'C06160', 'C06161'], ['R04692', 'C06161', 'C05176'], ['R04693', 'C05176', 'C05202'], ['R08794', 'C05202', 'C06517'], ['R05212', 'C06517', 'C06520'], ['R05211', 'C06520', 'C02105'], ['R03831', 'C02105', 'C02106'], ['R03835', 'C02106', 'C04118'], ['R04400', 'C04118', 'C03329'], ['R08789', 'C03329', 'C00021'], ['R01942', 'C00021', 'C00323'], ['R01945', 'C00323', 'C00852'], ['R02998', 'C00852', 'C00296'], ['R02195', 'C00296', 'C02572'], ['R02195', 'C02572', 'C00406'], ['R05772', 'C00406', 'C07303'], ['R05773', 'C07303', 'C00755']]<=====
=====> after trim_chrom:  长度是10---[['R09254', 'C00082', 'C01179'], ['R02521', 'C01179', 'C00544'], ['R02518', 'C00544', 'C05585'], ['R02655', 'C05585', 'C00628'], ['R07710', 'C00628', 'C00805'], ['R09539', 'C00805', 'C00146'], ['R10043', 'C00146', 'C00090'], ['R00822', 'C00090', 'C00230'], ['R05274', 'C00230', 'C06672'], ['R05699', 'C06672', 'C00755']]<=====
--This is the 1th chromsome---
=====> after trim_chrom:  长度是4---[['R07211', 'C00082', 'C00079'], ['R00692', 'C00079', 'C00041'], ['R12622', 'C00041', 'C00022'], ['R12622', 'C00022', 'C00755']]<=====
=====> after trim_chrom:  长度是11---[['R10059', 'C00082', 'C01060'], ['R03953', 'C01060', 'C02218'], ['R12758', 'C02218', 'C00078'], ['R00678', 'C00078', 'C02700'], ['R03936', 'C02700', 'C05653'], ['R00988', 'C05653', 'C00108'], ['R00980', 'C00108', 'C00196'], ['R01508', 'C00196', 'C00587'], ['R01628', 'C00587', 'C00230'], ['R05274', 'C00230', 'C06672'], ['R05699', 'C06672', 'C00755']]<=====
--This is the 2th chromsome---
=====> after trim_chrom:  长度是16---[['R12540', 'C00082', 'C00079'], ['R00688', 'C00079', 'C00166'], ['R01582', 'C00166', 'C00026'], ['R01648', 'C00026', 'C00232'], ['R01648', 'C00232', 'C00334'], ['R02549', 'C00334', 'C00555'], ['R08714', 'C00555', 'C00134'], ['R01153', 'C00134', 'C02723'], ['R05334', 'C02723', 'C10974'], ['R05335', 'C10974', 'C06178'], ['R06727', 'C06178', 'C01416'], ['R06728', 'C01416', 'C00180'], ['R01295', 'C00180', 'C00156'], ['R01296', 'C00156', 'C00230'], ['R07668', 'C00230', 'C06672'], ['R05273', 'C06672', 'C00755']]<=====
=====> after trim_chrom:  长度是10---[['R00737', 'C00082', 'C00811'], ['R02253', 'C00811', 'C00423'], ['R02252', 'C00423', 'C05629'], ['R04899', 'C05629', 'C01198'], ['R05537', 'C01198', 'C00805'], ['R07709', 'C00805', 'C00628'], ['R02589', 'C00628', 'C00587'], ['R01628', 'C00587', 'C00230'], ['R05274', 'C00230', 'C06672'], ['R05273', 'C06672', 'C00755']]<=====
--This is the 3th chromsome---
=====> after trim_chrom:  长度是19---[['R07211', 'C00082', 'C00079'], ['R00699', 'C00079', 'C05332'], ['R02612', 'C05332', 'C00601'], ['R02536', 'C00601', 'C07086'], ['R07855', 'C07086', 'C16074'], ['R11733', 'C16074', 'C00561'], ['R01767', 'C00561', 'C00261'], ['R01420', 'C00261', 'C00180'], ['R01425', 'C00180', 'C02253'], ['R01425', 'C02253', 'C00179'], ['R01416', 'C00179', 'C00436'], ['R01152', 'C00436', 'C00134'], ['R12304', 'C00134', 'C00515'], ['R02461', 'C00515', 'C03943'], ['R04201', 'C03943', 'C03341'], ['R00399', 'C03341', 'C00133'], ['R00401', 'C00133', 'C00041'], ['R12622', 'C00041', 'C16666'], ['R12622', 'C16666', 'C00755']]<=====
=====> after trim_chrom:  长度是18---[['R00736', 'C00082', 'C00483'], ['R02382', 'C00483', 'C03765'], ['R02697', 'C03765', 'C00642'], ['R02698', 'C00642', 'C01161'], ['R03306', 'C01161', 'C03077'], ['R05474', 'C03077', 'C06646'], ['R05480', 'C06646', 'C06647'], ['R05344', 'C06647', 'C06648'], ['R05252', 'C06648', 'C02370'], ['R05359', 'C02370', 'C06587'], ['R05359', 'C06587', 'C00596'], ['R02604', 'C00596', 'C00682'], ['R02763', 'C00682', 'C04480'], ['R01507', 'C04480', 'C00196'], ['R00821', 'C00196', 'C00090'], ['R00822', 'C00090', 'C00230'], ['R05274', 'C00230', 'C06672'], ['R05273', 'C06672', 'C00755']]<=====
=====> after trim_chrom:  长度是24---[['R06626', 'C00082', 'C12323'], ['R06626', 'C12323', 'C03590'], ['R04234', 'C03590', 'C03493'], ['R04234', 'C03493', 'C00025'], ['R00895', 'C00025', 'C00026'], ['R04276', 'C00026', 'C05904'], ['R06534', 'C05904', 'C12137'], ['R06801', 'C12137', 'C12642'], ['R06801', 'C12642', 'C00083'], ['R07989', 'C00083', 'C16405'], ['R07989', 'C16405', 'C00406'], ['R08797', 'C00406', 'C17746'], ['R08797', 'C17746', 'C05270'], ['R04751', 'C05270', 'C05271'], ['R04751', 'C05271', 'C00016'], ['R08553', 'C00016', 'C00224'], ['R00529', 'C00224', 'C00059'], ['R07663', 'C00059', 'C06677'], ['R05281', 'C06677', 'C06678'], ['R05271', 'C06678', 'C06679'], ['R05272', 'C06679', 'C02236'], ['R01636', 'C02236', 'C00230'], ['R10136', 'C00230', 'C06672'], ['R05273', 'C06672', 'C00755']]<=====
=====> after trim_chrom:  长度是8---[['R00729', 'C00082', 'C01179'], ['R06632', 'C01179', 'C03198'], ['R04160', 'C03198', 'C03590'], ['R02672', 'C03590', 'C00633'], ['R01303', 'C00633', 'C00156'], ['R01298', 'C00156', 'C00230'], ['R10136', 'C00230', 'C06672'], ['R05699', 'C06672', 'C00755']]<=====
--This is the 4th chromsome---
=====> after trim_chrom:  长度是14---[['R07211', 'C00082', 'C00272'], ['R11765', 'C00272', 'C02953'], ['R02975', 'C02953', 'C00835'], ['R11766', 'C00835', 'C04244'], ['R04285', 'C04244', 'C03684'], ['R04286', 'C03684', 'C04895'], ['R11719', 'C04895', 'C01300'], ['R03503', 'C01300', 'C04807'], ['R03067', 'C04807', 'C00921'], ['R02237', 'C00921', 'C00415'], ['R02101', 'C00415', 'C00143'], ['R07168', 'C00143', 'C00440'], ['R10136', 'C00440', 'C06672'], ['R05699', 'C06672', 'C00755']]<=====
Path length exceeds 10, regenerating.
=====> after trim_chrom:  长度是9---[['R00734', 'C00082', 'C01179'], ['R00042', 'C01179', 'C00642'], ['R02516', 'C00642', 'C00544'], ['R02520', 'C00544', 'C05585'], ['R02657', 'C05585', 'C00628'], ['R02589', 'C00628', 'C00587'], ['R01628', 'C00587', 'C00230'], ['R07668', 'C00230', 'C06672'], ['R05273', 'C06672', 'C00755']]<=====
--This is the 5th chromsome---
=====> after trim_chrom:  长度是5---[['R00728', 'C00082', 'C00146'], ['R10043', 'C00146', 'C00090'], ['R00822', 'C00090', 'C00230'], ['R10136', 'C00230', 'C06672'], ['R05273', 'C06672', 'C00755']]<=====
--This is the 6th chromsome---
=====> after trim_chrom:  长度是6---[['R12759', 'C00082', 'C00146'], ['R05625', 'C00146', 'C02734'], ['R05603', 'C02734', 'C00156'], ['R01298', 'C00156', 'C00230'], ['R07668', 'C00230', 'C06672'], ['R05273', 'C06672', 'C00755']]<=====
--This is the 7th chromsome---
=====> after trim_chrom:  长度是6---[['R10246', 'C00082', 'C01468'], ['R02675', 'C01468', 'C00633'], ['R01303', 'C00633', 'C00156'], ['R01298', 'C00156', 'C00230'], ['R10136', 'C00230', 'C06672'], ['R05699', 'C06672', 'C00755']]<=====
--This is the 8th chromsome---
=====> after trim_chrom:  长度是7---[['R06626', 'C00082', 'C12323'], ['R06626', 'C12323', 'C03590'], ['R02672', 'C03590', 'C00633'], ['R01303', 'C00633', 'C00156'], ['R01296', 'C00156', 'C00230'], ['R05274', 'C00230', 'C06672'], ['R05273', 'C06672', 'C00755']]<=====
=====> after trim_chrom:  长度是9---[['R06626', 'C00082', 'C01179'], ['R03339', 'C01179', 'C03964'], ['R08766', 'C03964', 'C00811'], ['R02950', 'C00811', 'C01197'], ['R01943', 'C01197', 'C00323'], ['R07926', 'C00323', 'C16367'], ['R07926', 'C16367', 'C12138'], ['R10297', 'C12138', 'C06672'], ['R05699', 'C06672', 'C00755']]<=====
=====> after trim_chrom:  长度是7---[['R01795', 'C00082', 'C00079'], ['R00697', 'C00079', 'C00423'], ['R02253', 'C00423', 'C00811'], ['R01308', 'C00811', 'C00156'], ['R01296', 'C00156', 'C00230'], ['R10136', 'C00230', 'C06672'], ['R05699', 'C06672', 'C00755']]<=====
--This is the 9th chromsome---
=====> after trim_chrom:  长度是5---[['R00728', 'C00082', 'C00146'], ['R10043', 'C00146', 'C00090'], ['R00822', 'C00090', 'C00230'], ['R05274', 'C00230', 'C06672'], ['R05273', 'C06672', 'C00755']]<=====
--This is the 10th chromsome---
=====> after trim_chrom:  长度是4---[['R00736', 'C00082', 'C00483'], ['R02385', 'C00483', 'C02717'], ['R02385', 'C02717', 'C00406'], ['R12566', 'C00406', 'C00755']]<=====
=====> after trim_chrom:  长度是12---[['R05671', 'C00082', 'C07027'], ['R05672', 'C07027', 'C07028'], ['R05673', 'C07028', 'C00021'], ['R00594', 'C00021', 'C01764'], ['R00594', 'C01764', 'C03446'], ['R03704', 'C03446', 'C00143'], ['R01217', 'C00143', 'C00440'], ['R09271', 'C00440', 'C05616'], ['R09271', 'C05616', 'C01424'], ['R01637', 'C01424', 'C00230'], ['R05274', 'C00230', 'C06672'], ['R05699', 'C06672', 'C00755']]<=====
=====> after trim_chrom:  长度是19---[['R12611', 'C00082', 'C00355'], ['R03672', 'C00355', 'C05604'], ['R08821', 'C05604', 'C08539'], ['R08829', 'C08539', 'C17753'], ['R08826', 'C17753', 'C08565'], ['R08825', 'C08565', 'C08538'], ['R08820', 'C08538', 'C08540'], ['R08820', 'C08540', 'C17751'], ['R08817', 'C17751', 'C17752'], ['R08818', 'C17752', 'C08537'], ['R08819', 'C08537', 'C08542'], ['R08819', 'C08542', 'C17759'], ['R08839', 'C17759', 'C01494'], ['R05701', 'C01494', 'C02666'], ['R06572', 'C02666', 'C12204'], ['R06569', 'C12204', 'C12203'], ['R06578', 'C12203', 'C00021'], ['R07240', 'C00021', 'C10469'], ['R12302', 'C10469', 'C00755']]<=====
=====> after trim_chrom:  长度是6---[['R00728', 'C00082', 'C00146'], ['R05625', 'C00146', 'C02734'], ['R05603', 'C02734', 'C00156'], ['R01298', 'C00156', 'C00230'], ['R05274', 'C00230', 'C06672'], ['R05273', 'C06672', 'C00755']]<=====
--This is the 11th chromsome---
=====> after trim_chrom:  长度是7---[['R00728', 'C00082', 'C00146'], ['R10043', 'C00146', 'C00090'], ['R07700', 'C00090', 'C00292'], ['R01860', 'C00292', 'C00568'], ['R05280', 'C00568', 'C00230'], ['R05274', 'C00230', 'C06672'], ['R05699', 'C06672', 'C00755']]<=====
--This is the 12th chromsome---
=====> after trim_chrom:  长度是10---[['R09254', 'C00082', 'C01179'], ['R03339', 'C01179', 'C03964'], ['R08766', 'C03964', 'C00811'], ['R08023', 'C00811', 'C16423'], ['R08024', 'C16423', 'C09789'], ['R06820', 'C09789', 'C02199'], ['R06818', 'C02199', 'C08620'], ['R06818', 'C08620', 'C08604'], ['R10259', 'C08604', 'C06672'], ['R05699', 'C06672', 'C00755']]<=====
=====> after trim_chrom:  长度是11---[['R10246', 'C00082', 'C00073'], ['R06269', 'C00073', 'C11829'], ['R06269', 'C11829', 'C11830'], ['R06270', 'C11830', 'C05198'], ['R11484', 'C05198', 'C18161'], ['R09063', 'C18161', 'C18160'], ['R09063', 'C18160', 'C00021'], ['R06578', 'C00021', 'C12203'], ['R06584', 'C12203', 'C00406'], ['R05772', 'C00406', 'C07303'], ['R05773', 'C07303', 'C00755']]<=====
=====> after trim_chrom:  长度是8---[['R12759', 'C00082', 'C00146'], ['R00815', 'C00146', 'C00090'], ['R00818', 'C00090', 'C00805'], ['R08838', 'C00805', 'C00180'], ['R01427', 'C00180', 'C00587'], ['R01628', 'C00587', 'C00230'], ['R10136', 'C00230', 'C06672'], ['R05273', 'C06672', 'C00755']]<=====
--This is the 13th chromsome---
=====> after trim_chrom:  长度是15---[['R12759', 'C00082', 'C00146'], ['R11653', 'C00146', 'C00090'], ['R05361', 'C00090', 'C07734'], ['R05361', 'C07734', 'C02501'], ['R02762', 'C02501', 'C00682'], ['R02604', 'C00682', 'C00596'], ['R02603', 'C00596', 'C04479'], ['R04376', 'C04479', 'C04044'], ['R03369', 'C04044', 'C01198'], ['R05537', 'C01198', 'C00805'], ['R08838', 'C00805', 'C00180'], ['R01427', 'C00180', 'C00587'], ['R01628', 'C00587', 'C00230'], ['R10136', 'C00230', 'C06672'], ['R05699', 'C06672', 'C00755']]<=====
=====> after trim_chrom:  长度是5---[['R12759', 'C00082', 'C00146'], ['R01238', 'C00146', 'C00156'], ['R01298', 'C00156', 'C00230'], ['R07668', 'C00230', 'C06672'], ['R05273', 'C06672', 'C00755']]<=====
--This is the 14th chromsome---
=====> after trim_chrom:  长度是4---[['R00736', 'C00082', 'C00483'], ['R02385', 'C00483', 'C02717'], ['R02385', 'C02717', 'C00406'], ['R12566', 'C00406', 'C00755']]<=====
=====> after trim_chrom:  长度是7---[['R09254', 'C00082', 'C01179'], ['R03337', 'C01179', 'C03964'], ['R08766', 'C03964', 'C00811'], ['R01308', 'C00811', 'C00156'], ['R01296', 'C00156', 'C00230'], ['R07668', 'C00230', 'C06672'], ['R05273', 'C06672', 'C00755']]<=====
--This is the 15th chromsome---
-----Sampling Done-----
开始计算理论产率...
