-----Sampling-----
=====> after trim_chrom:  长度是14---[['R07211', 'C00082', 'C00079'], ['R00694', 'C00079', 'C00166'], ['R00692', 'C00166', 'C00022'], ['R10992', 'C00022', 'C00109'], ['R08637', 'C00109', 'C17234'], ['R08635', 'C17234', 'C00073'], ['R11293', 'C00073', 'C01917'], ['R11293', 'C01917', 'C17702'], ['R11294', 'C17702', 'C17703'], ['R11294', 'C17703', 'C06453'], ['R07668', 'C06453', 'C00853'], ['R07668', 'C00853', 'C00230'], ['R07668', 'C00230', 'C06672'], ['R05273', 'C06672', 'C00755']]<=====
=====> after trim_chrom:  长度是18---[['R08825', 'C00082', 'C08565'], ['R08825', 'C08565', 'C08538'], ['R08818', 'C08538', 'C08537'], ['R08819', 'C08537', 'C08542'], ['R08819', 'C08542', 'C17759'], ['R08839', 'C17759', 'C01494'], ['R05744', 'C01494', 'C00406'], ['R06584', 'C00406', 'C12203'], ['R06578', 'C12203', 'C00021'], ['R09791', 'C00021', 'C00509'], ['R02445', 'C00509', 'C01477'], ['R03574', 'C01477', 'C04608'], ['R06826', 'C04608', 'C12627'], ['R06826', 'C12627', 'C02199'], ['R06818', 'C02199', 'C08620'], ['R06818', 'C08620', 'C08604'], ['R10259', 'C08604', 'C06672'], ['R05273', 'C06672', 'C00755']]<=====
=====> after trim_chrom:  长度是5---[['R12759', 'C00082', 'C00146'], ['R10043', 'C00146', 'C00090'], ['R00822', 'C00090', 'C00230'], ['R10136', 'C00230', 'C06672'], ['R05699', 'C06672', 'C00755']]<=====
--This is the 1th chromsome---
=====> after trim_chrom:  长度是7---[['R12759', 'C00082', 'C00146'], ['R09539', 'C00146', 'C00805'], ['R07710', 'C00805', 'C00628'], ['R02589', 'C00628', 'C00587'], ['R01628', 'C00587', 'C00230'], ['R05274', 'C00230', 'C06672'], ['R05699', 'C06672', 'C00755']]<=====
--This is the 2th chromsome---
=====> after trim_chrom:  长度是10---[['R00734', 'C00082', 'C01179'], ['R06632', 'C01179', 'C03198'], ['R03794', 'C03198', 'C01984'], ['R07664', 'C01984', 'C02137'], ['R01764', 'C02137', 'C00261'], ['R01420', 'C00261', 'C00180'], ['R01295', 'C00180', 'C00156'], ['R01298', 'C00156', 'C00230'], ['R10136', 'C00230', 'C06672'], ['R05273', 'C06672', 'C00755']]<=====
--This is the 3th chromsome---
=====> after trim_chrom:  长度是7---[['R12759', 'C00082', 'C00146'], ['R01238', 'C00146', 'C00156'], ['R01299', 'C00156', 'C00530'], ['R06851', 'C00530', 'C02814'], ['R01629', 'C02814', 'C00230'], ['R05274', 'C00230', 'C06672'], ['R05273', 'C06672', 'C00755']]<=====
--This is the 4th chromsome---
=====> after trim_chrom:  长度是13---[['R00737', 'C00082', 'C00811'], ['R02253', 'C00811', 'C00423'], ['R02256', 'C00423', 'C04164'], ['R04409', 'C04164', 'C00031'], ['R01498', 'C00031', 'C01190'], ['R01497', 'C01190', 'C00195'], ['R02541', 'C00195', 'C00550'], ['R02542', 'C00550', 'C00114'], ['R03075', 'C00114', 'C00933'], ['R02381', 'C00933', 'C00482'], ['R10299', 'C00482', 'C12138'], ['R10297', 'C12138', 'C06672'], ['R05273', 'C06672', 'C00755']]<=====
Path length exceeds 10, regenerating.
=====> after trim_chrom:  长度是8---[['R09254', 'C00082', 'C01179'], ['R00042', 'C01179', 'C00642'], ['R07312', 'C00642', 'C01468'], ['R02675', 'C01468', 'C00633'], ['R01294', 'C00633', 'C00156'], ['R01298', 'C00156', 'C00230'], ['R07668', 'C00230', 'C06672'], ['R05699', 'C06672', 'C00755']]<=====
--This is the 5th chromsome---
=====> after trim_chrom:  长度是13---[['R10246', 'C00082', 'C01468'], ['R02675', 'C01468', 'C00633'], ['R01294', 'C00633', 'C00156'], ['R09039', 'C00156', 'C03993'], ['R09039', 'C03993', 'C00031'], ['R03075', 'C00031', 'C01175'], ['R10298', 'C01175', 'C08725'], ['R07930', 'C08725', 'C16371'], ['R07930', 'C16371', 'C00323'], ['R07928', 'C00323', 'C16369'], ['R07928', 'C16369', 'C08604'], ['R10259', 'C08604', 'C06672'], ['R05273', 'C06672', 'C00755']]<=====
=====> after trim_chrom:  长度是17---[['R09521', 'C00082', 'C02515'], ['R03953', 'C02515', 'C02465'], ['R03952', 'C02465', 'C00025'], ['R12663', 'C00025', 'C00042'], ['R00714', 'C00042', 'C00232'], ['R01648', 'C00232', 'C00334'], ['R10179', 'C00334', 'C00037'], ['R00395', 'C00037', 'C02055'], ['R00395', 'C02055', 'C00040'], ['R09419', 'C00040', 'C00264'], ['R09419', 'C00264', 'C00083'], ['R08805', 'C00083', 'C17740'], ['R08805', 'C17740', 'C00223'], ['R07929', 'C00223', 'C16370'], ['R07929', 'C16370', 'C12138'], ['R10297', 'C12138', 'C06672'], ['R05699', 'C06672', 'C00755']]<=====
=====> after trim_chrom:  长度是13---[['R10246', 'C00082', 'C01468'], ['R12133', 'C01468', 'C17467'], ['R12134', 'C17467', 'C00633'], ['R02672', 'C00633', 'C03590'], ['R06626', 'C03590', 'C12323'], ['R10880', 'C12323', 'C17355'], ['R10881', 'C17355', 'C00170'], ['R10529', 'C00170', 'C00223'], ['R07880', 'C00223', 'C16349'], ['R07880', 'C16349', 'C08725'], ['R07874', 'C08725', 'C12137'], ['R10296', 'C12137', 'C06672'], ['R05273', 'C06672', 'C00755']]<=====
=====> after trim_chrom:  长度是7---[['R06626', 'C00082', 'C01179'], ['R03339', 'C01179', 'C03964'], ['R12492', 'C03964', 'C00811'], ['R01308', 'C00811', 'C00156'], ['R01298', 'C00156', 'C00230'], ['R07668', 'C00230', 'C06672'], ['R05273', 'C06672', 'C00755']]<=====
--This is the 6th chromsome---
=====> after trim_chrom:  长度是11---[['R00734', 'C00082', 'C01179'], ['R02521', 'C01179', 'C00544'], ['R02520', 'C00544', 'C05585'], ['R02655', 'C05585', 'C00628'], ['R07710', 'C00628', 'C00805'], ['R00818', 'C00805', 'C00090'], ['R00821', 'C00090', 'C00196'], ['R01508', 'C00196', 'C00587'], ['R01628', 'C00587', 'C00230'], ['R10136', 'C00230', 'C06672'], ['R05699', 'C06672', 'C00755']]<=====
--This is the 7th chromsome---
=====> after trim_chrom:  长度是12---[['R01795', 'C00082', 'C00079'], ['R00686', 'C00079', 'C02265'], ['R01582', 'C02265', 'C00217'], ['R00279', 'C00217', 'C00026'], ['R05320', 'C00026', 'C00042'], ['R01879', 'C00042', 'C00526'], ['R02102', 'C00526', 'C00365'], ['R02101', 'C00365', 'C00415'], ['R01670', 'C00415', 'C00143'], ['R07168', 'C00143', 'C00440'], ['R10136', 'C00440', 'C06672'], ['R05273', 'C06672', 'C00755']]<=====
--This is the 8th chromsome---
=====> after trim_chrom:  长度是7---[['R07211', 'C00082', 'C00272'], ['R08208', 'C00272', 'C03684'], ['R04286', 'C03684', 'C04895'], ['R04639', 'C04895', 'C06148'], ['R05122', 'C06148', 'C00021'], ['R07240', 'C00021', 'C10469'], ['R12302', 'C10469', 'C00755']]<=====
--This is the 9th chromsome---
=====> after trim_chrom:  长度是11---[['R00728', 'C00082', 'C00146'], ['R10043', 'C00146', 'C00090'], ['R05361', 'C00090', 'C07734'], ['R05361', 'C07734', 'C02501'], ['R02762', 'C02501', 'C00682'], ['R02763', 'C00682', 'C04480'], ['R01507', 'C04480', 'C00196'], ['R01508', 'C00196', 'C00587'], ['R01628', 'C00587', 'C00230'], ['R10136', 'C00230', 'C06672'], ['R05699', 'C06672', 'C00755']]<=====
=====> after trim_chrom:  长度是5---[['R12759', 'C00082', 'C00146'], ['R10043', 'C00146', 'C00090'], ['R00822', 'C00090', 'C00230'], ['R07668', 'C00230', 'C06672'], ['R05699', 'C06672', 'C00755']]<=====
--This is the 10th chromsome---
=====> after trim_chrom:  长度是13---[['R00728', 'C00082', 'C00146'], ['R10043', 'C00146', 'C00090'], ['R00818', 'C00090', 'C00805'], ['R07710', 'C00805', 'C00628'], ['R02589', 'C00628', 'C00587'], ['R01628', 'C00587', 'C00230'], ['R01637', 'C00230', 'C01424'], ['R03549', 'C01424', 'C03671'], ['R09274', 'C03671', 'C18345'], ['R09272', 'C18345', 'C05616'], ['R09271', 'C05616', 'C00440'], ['R10136', 'C00440', 'C06672'], ['R05699', 'C06672', 'C00755']]<=====
Path length exceeds 10, regenerating.
=====> after trim_chrom:  长度是5---[['R12759', 'C00082', 'C00146'], ['R00815', 'C00146', 'C00090'], ['R00822', 'C00090', 'C00230'], ['R05274', 'C00230', 'C06672'], ['R05273', 'C06672', 'C00755']]<=====
--This is the 11th chromsome---
=====> after trim_chrom:  长度是12---[['R09254', 'C00082', 'C01179'], ['R06632', 'C01179', 'C03198'], ['R02673', 'C03198', 'C00633'], ['R12134', 'C00633', 'C17467'], ['R12133', 'C17467', 'C01468'], ['R07663', 'C01468', 'C06677'], ['R05281', 'C06677', 'C06678'], ['R05271', 'C06678', 'C06679'], ['R05272', 'C06679', 'C02236'], ['R01636', 'C02236', 'C00230'], ['R05274', 'C00230', 'C06672'], ['R05699', 'C06672', 'C00755']]<=====
--This is the 12th chromsome---
=====> after trim_chrom:  长度是5---[['R00728', 'C00082', 'C00146'], ['R01238', 'C00146', 'C00156'], ['R01296', 'C00156', 'C00230'], ['R10136', 'C00230', 'C06672'], ['R05273', 'C06672', 'C00755']]<=====
--This is the 13th chromsome---
=====> after trim_chrom:  长度是19---[['R01815', 'C00082', 'C00268'], ['R04734', 'C00268', 'C15522'], ['R07211', 'C15522', 'C00272'], ['R08208', 'C00272', 'C03684'], ['R04286', 'C03684', 'C04895'], ['R09959', 'C04895', 'C00536'], ['R05220', 'C00536', 'C06505'], ['R05218', 'C06505', 'C01847'], ['R10551', 'C01847', 'C00061'], ['R00160', 'C00061', 'C00016'], ['R01279', 'C00016', 'C05272'], ['R04738', 'C05272', 'C05258'], ['R04737', 'C05258', 'C05259'], ['R03991', 'C05259', 'C00024'], ['R08767', 'C00024', 'C00223'], ['R08809', 'C00223', 'C17742'], ['R08812', 'C17742', 'C10443'], ['R08810', 'C10443', 'C00406'], ['R12566', 'C00406', 'C00755']]<=====
=====> after trim_chrom:  长度是11---[['R00031', 'C00082', 'C00355'], ['R02080', 'C00355', 'C03758'], ['R05749', 'C03758', 'C07307'], ['R05749', 'C07307', 'C01852'], ['R03738', 'C01852', 'C03470'], ['R03820', 'C03470', 'C00031'], ['R00049', 'C00031', 'C01158'], ['R03297', 'C01158', 'C01424'], ['R01637', 'C01424', 'C00230'], ['R05274', 'C00230', 'C06672'], ['R05273', 'C06672', 'C00755']]<=====
=====> after trim_chrom:  长度是9---[['R00733', 'C00082', 'C00826'], ['R07276', 'C00826', 'C00254'], ['R01728', 'C00254', 'C01179'], ['R06626', 'C01179', 'C03590'], ['R02672', 'C03590', 'C00633'], ['R01303', 'C00633', 'C00156'], ['R01296', 'C00156', 'C00230'], ['R07668', 'C00230', 'C06672'], ['R05273', 'C06672', 'C00755']]<=====
--This is the 14th chromsome---
=====> after trim_chrom:  长度是9---[['R10671', 'C00082', 'C04350'], ['R11442', 'C04350', 'C04353'], ['R04306', 'C04353', 'C03766'], ['R02708', 'C03766', 'C03742'], ['R02676', 'C03742', 'C00633'], ['R01293', 'C00633', 'C00156'], ['R01296', 'C00156', 'C00230'], ['R10136', 'C00230', 'C06672'], ['R05273', 'C06672', 'C00755']]<=====
--This is the 15th chromsome---
-----Sampling Done-----
开始计算理论产率...
