-----Sampling-----
=====> after trim_chrom:  长度是20---[['R12540', 'C00082', 'C00079'], ['R00698', 'C00079', 'C02505'], ['R02540', 'C02505', 'C07086'], ['R05487', 'C07086', 'C05852'], ['R01372', 'C05852', 'C00166'], ['R10499', 'C00166', 'C00161'], ['R00636', 'C00161', 'C00071'], ['R10912', 'C00071', 'C00162'], ['R12796', 'C00162', 'C00416'], ['R02241', 'C00416', 'C00681'], ['R11527', 'C00681', 'C01885'], ['R01351', 'C01885', 'C00116'], ['R00841', 'C00116', 'C00093'], ['R02027', 'C00093', 'C00344'], ['R09036', 'C00344', 'C00040'], ['R00393', 'C00040', 'C00024'], ['R00353', 'C00024', 'C00083'], ['R08806', 'C00083', 'C17741'], ['R08806', 'C17741', 'C00406'], ['R12566', 'C00406', 'C00755']]<=====
=====> after trim_chrom:  长度是7---[['R06626', 'C00082', 'C01179'], ['R06632', 'C01179', 'C03198'], ['R02673', 'C03198', 'C00633'], ['R01294', 'C00633', 'C00156'], ['R01298', 'C00156', 'C00230'], ['R07668', 'C00230', 'C06672'], ['R05273', 'C06672', 'C00755']]<=====
--This is the 1th chromsome---
=====> after trim_chrom:  长度是9---[['R00734', 'C00082', 'C01179'], ['R02521', 'C01179', 'C00544'], ['R02520', 'C00544', 'C05585'], ['R02657', 'C05585', 'C00628'], ['R02489', 'C00628', 'C00530'], ['R06851', 'C00530', 'C02814'], ['R01629', 'C02814', 'C00230'], ['R07668', 'C00230', 'C06672'], ['R05273', 'C06672', 'C00755']]<=====
--This is the 2th chromsome---
=====> after trim_chrom:  长度是10---[['R07212', 'C00082', 'C15522'], ['R10729', 'C15522', 'C00079'], ['R00697', 'C00079', 'C00423'], ['R01426', 'C00423', 'C00033'], ['R01241', 'C00033', 'C00548'], ['R01241', 'C00548', 'C00146'], ['R00815', 'C00146', 'C00090'], ['R00822', 'C00090', 'C00230'], ['R10136', 'C00230', 'C06672'], ['R05699', 'C06672', 'C00755']]<=====
=====> after trim_chrom:  长度是4---[['R12161', 'C00082', 'C05198'], ['R08875', 'C05198', 'C06453'], ['R07668', 'C06453', 'C06672'], ['R05273', 'C06672', 'C00755']]<=====
--This is the 3th chromsome---
=====> after trim_chrom:  长度是8---[['R09830', 'C00082', 'C01179'], ['R06632', 'C01179', 'C03198'], ['R06633', 'C03198', 'C03590'], ['R02672', 'C03590', 'C00633'], ['R01294', 'C00633', 'C00156'], ['R01296', 'C00156', 'C00230'], ['R05274', 'C00230', 'C06672'], ['R05273', 'C06672', 'C00755']]<=====
--This is the 4th chromsome---
=====> after trim_chrom:  长度是3---[['R09254', 'C00082', 'C00041'], ['R12622', 'C00041', 'C16666'], ['R12622', 'C16666', 'C00755']]<=====
=====> after trim_chrom:  长度是20---[['R10059', 'C00082', 'C01060'], ['R03207', 'C01060', 'C00025'], ['R10141', 'C00025', 'C00026'], ['R11593', 'C00026', 'C00022'], ['R00907', 'C00022', 'C00222'], ['R01604', 'C00222', 'C00383'], ['R08944', 'C00383', 'C00033'], ['R10305', 'C00033', 'C00979'], ['R00586', 'C00979', 'C00024'], ['R09839', 'C00024', 'C19945'], ['R09839', 'C19945', 'C14144'], ['R11769', 'C14144', 'C19682'], ['R09554', 'C19682', 'C19683'], ['R09556', 'C19683', 'C19684'], ['R09555', 'C19684', 'C00512'], ['R02449', 'C00512', 'C05195'], ['R09589', 'C05195', 'C00587'], ['R01628', 'C00587', 'C00230'], ['R10136', 'C00230', 'C06672'], ['R05273', 'C06672', 'C00755']]<=====
=====> after trim_chrom:  长度是20---[['R00736', 'C00082', 'C00483'], ['R02382', 'C00483', 'C03765'], ['R02695', 'C03765', 'C00642'], ['R06790', 'C00642', 'C07086'], ['R05487', 'C07086', 'C05852'], ['R05450', 'C05852', 'C00544'], ['R02517', 'C00544', 'C05593'], ['R03299', 'C05593', 'C01161'], ['R03300', 'C01161', 'C04043'], ['R04084', 'C04043', 'C02916'], ['R05214', 'C02916', 'C06517'], ['R08456', 'C06517', 'C06161'], ['R05123', 'C06161', 'C06160'], ['R05123', 'C06160', 'C00021'], ['R07242', 'C00021', 'C08650'], ['R06568', 'C08650', 'C00083'], ['R07938', 'C00083', 'C16301'], ['R07938', 'C16301', 'C12138'], ['R10297', 'C12138', 'C06672'], ['R05273', 'C06672', 'C00755']]<=====
=====> after trim_chrom:  长度是5---[['R11917', 'C00082', 'C03765'], ['R02382', 'C03765', 'C00483'], ['R02385', 'C00483', 'C02717'], ['R02385', 'C02717', 'C00406'], ['R12566', 'C00406', 'C00755']]<=====
=====> after trim_chrom:  长度是25---[['R03539', 'C00082', 'C02515'], ['R09522', 'C02515', 'C01060'], ['R03953', 'C01060', 'C02465'], ['R03952', 'C02465', 'C03832'], ['R03952', 'C03832', 'C00026'], ['R05507', 'C00026', 'C00025'], ['R02199', 'C00025', 'C00407'], ['R02196', 'C00407', 'C00671'], ['R02200', 'C00671', 'C00141'], ['R01215', 'C00141', 'C00022'], ['R03796', 'C00022', 'C02193'], ['R03796', 'C02193', 'C01995'], ['R03796', 'C01995', 'C00207'], ['R09487', 'C00207', 'C16143'], ['R07647', 'C16143', 'C00448'], ['R09247', 'C00448', 'C04216'], ['R05612', 'C04216', 'C00129'], ['R09249', 'C00129', 'C17432'], ['R08747', 'C17432', 'C04145'], ['R09250', 'C04145', 'C00341'], ['R09040', 'C00341', 'C18131'], ['R09040', 'C18131', 'C00156'], ['R01298', 'C00156', 'C00230'], ['R10136', 'C00230', 'C06672'], ['R05699', 'C06672', 'C00755']]<=====
=====> after trim_chrom:  长度是5---[['R00728', 'C00082', 'C00146'], ['R11653', 'C00146', 'C00090'], ['R00822', 'C00090', 'C00230'], ['R07668', 'C00230', 'C06672'], ['R05273', 'C06672', 'C00755']]<=====
--This is the 5th chromsome---
=====> after trim_chrom:  长度是17---[['R00735', 'C00082', 'C02993'], ['R00735', 'C02993', 'C00062'], ['R00557', 'C00062', 'C00327'], ['R00665', 'C00327', 'C00077'], ['R01989', 'C00077', 'C00334'], ['R01648', 'C00334', 'C00232'], ['R00714', 'C00232', 'C00042'], ['R04946', 'C00042', 'C01118'], ['R03260', 'C01118', 'C02291'], ['R01286', 'C02291', 'C00155'], ['R04405', 'C00155', 'C00073'], ['R08873', 'C00073', 'C17949'], ['R08872', 'C17949', 'C17950'], ['R08875', 'C17950', 'C17951'], ['R08875', 'C17951', 'C06453'], ['R07668', 'C06453', 'C06672'], ['R05699', 'C06672', 'C00755']]<=====
=====> after trim_chrom:  长度是11---[['R06626', 'C00082', 'C01179'], ['R03341', 'C01179', 'C03765'], ['R02695', 'C03765', 'C00642'], ['R02698', 'C00642', 'C01161'], ['R03300', 'C01161', 'C04043'], ['R04300', 'C04043', 'C03758'], ['R05750', 'C03758', 'C07304'], ['R11681', 'C07304', 'C00021'], ['R01942', 'C00021', 'C00323'], ['R01942', 'C00323', 'C00406'], ['R12566', 'C00406', 'C00755']]<=====
=====> after trim_chrom:  长度是7---[['R10246', 'C00082', 'C01468'], ['R12133', 'C01468', 'C17467'], ['R12134', 'C17467', 'C00633'], ['R01303', 'C00633', 'C00156'], ['R01298', 'C00156', 'C00230'], ['R05274', 'C00230', 'C06672'], ['R05699', 'C06672', 'C00755']]<=====
--This is the 6th chromsome---
=====> after trim_chrom:  长度是5---[['R11917', 'C00082', 'C03765'], ['R02382', 'C03765', 'C00483'], ['R02385', 'C00483', 'C02717'], ['R02385', 'C02717', 'C00406'], ['R12566', 'C00406', 'C00755']]<=====
=====> after trim_chrom:  长度是8---[['R00737', 'C00082', 'C00811'], ['R02950', 'C00811', 'C01197'], ['R02997', 'C01197', 'C00852'], ['R01945', 'C00852', 'C00323'], ['R07926', 'C00323', 'C16367'], ['R07926', 'C16367', 'C12138'], ['R10297', 'C12138', 'C06672'], ['R05699', 'C06672', 'C00755']]<=====
=====> after trim_chrom:  长度是15---[['R02078', 'C00082', 'C00355'], ['R11916', 'C00355', 'C04043'], ['R03302', 'C04043', 'C01161'], ['R02698', 'C01161', 'C00642'], ['R13086', 'C00642', 'C22553'], ['R13084', 'C22553', 'C00974'], ['R02444', 'C00974', 'C00509'], ['R13081', 'C00509', 'C09099'], ['R06820', 'C09099', 'C09789'], ['R08024', 'C09789', 'C16423'], ['R08023', 'C16423', 'C00811'], ['R01308', 'C00811', 'C00156'], ['R01296', 'C00156', 'C00230'], ['R05274', 'C00230', 'C06672'], ['R05273', 'C06672', 'C00755']]<=====
=====> after trim_chrom:  长度是10---[['R00729', 'C00082', 'C01179'], ['R06632', 'C01179', 'C03198'], ['R03794', 'C03198', 'C01984'], ['R03793', 'C01984', 'C02137'], ['R01764', 'C02137', 'C00261'], ['R01419', 'C00261', 'C00180'], ['R01295', 'C00180', 'C00156'], ['R01298', 'C00156', 'C00230'], ['R10136', 'C00230', 'C06672'], ['R05273', 'C06672', 'C00755']]<=====
--This is the 7th chromsome---
=====> after trim_chrom:  长度是16---[['R08825', 'C00082', 'C08565'], ['R08825', 'C08565', 'C08538'], ['R08818', 'C08538', 'C08537'], ['R08824', 'C08537', 'C08540'], ['R08823', 'C08540', 'C00031'], ['R02738', 'C00031', 'C00668'], ['R02737', 'C00668', 'C00689'], ['R05767', 'C00689', 'C00663'], ['R02728', 'C00663', 'C01172'], ['R02187', 'C01172', 'C00221'], ['R10236', 'C00221', 'C16827'], ['R08534', 'C16827', 'C00811'], ['R07826', 'C00811', 'C01197'], ['R11206', 'C01197', 'C00323'], ['R01942', 'C00323', 'C00406'], ['R12566', 'C00406', 'C00755']]<=====
=====> after trim_chrom:  长度是12---[['R01795', 'C00082', 'C00079'], ['R00692', 'C00079', 'C00041'], ['R05652', 'C00041', 'C00022'], ['R00750', 'C00022', 'C03589'], ['R02601', 'C03589', 'C00596'], ['R05360', 'C00596', 'C07731'], ['R05360', 'C07731', 'C00805'], ['R07710', 'C00805', 'C00628'], ['R02589', 'C00628', 'C00587'], ['R01628', 'C00587', 'C00230'], ['R10136', 'C00230', 'C06672'], ['R05699', 'C06672', 'C00755']]<=====
=====> after trim_chrom:  长度是5---[['R12759', 'C00082', 'C00146'], ['R00815', 'C00146', 'C00090'], ['R00822', 'C00090', 'C00230'], ['R05274', 'C00230', 'C06672'], ['R05273', 'C06672', 'C00755']]<=====
--This is the 8th chromsome---
=====> after trim_chrom:  长度是7---[['R12759', 'C00082', 'C00146'], ['R09539', 'C00146', 'C00805'], ['R07710', 'C00805', 'C00628'], ['R02589', 'C00628', 'C00587'], ['R01628', 'C00587', 'C00230'], ['R10136', 'C00230', 'C06672'], ['R05699', 'C06672', 'C00755']]<=====
--This is the 9th chromsome---
=====> after trim_chrom:  长度是7---[['R06626', 'C00082', 'C01179'], ['R06626', 'C01179', 'C03590'], ['R02672', 'C03590', 'C00633'], ['R01294', 'C00633', 'C00156'], ['R01298', 'C00156', 'C00230'], ['R10136', 'C00230', 'C06672'], ['R05699', 'C06672', 'C00755']]<=====
=====> after trim_chrom:  长度是14---[['R00737', 'C00082', 'C00811'], ['R02950', 'C00811', 'C01197'], ['R03366', 'C01197', 'C01494'], ['R05700', 'C01494', 'C02666'], ['R06572', 'C02666', 'C12204'], ['R06570', 'C12204', 'C12205'], ['R06577', 'C12205', 'C02325'], ['R03918', 'C02325', 'C05610'], ['R07441', 'C05610', 'C00482'], ['R10261', 'C00482', 'C01175'], ['R10299', 'C01175', 'C16312'], ['R10299', 'C16312', 'C12138'], ['R10297', 'C12138', 'C06672'], ['R05273', 'C06672', 'C00755']]<=====
=====> after trim_chrom:  长度是5---[['R10246', 'C00082', 'C00073'], ['R12788', 'C00073', 'C00613'], ['R11219', 'C00613', 'C00021'], ['R07240', 'C00021', 'C10469'], ['R12302', 'C10469', 'C00755']]<=====
--This is the 10th chromsome---
=====> after trim_chrom:  长度是10---[['R01795', 'C00082', 'C00079'], ['R00686', 'C00079', 'C02265'], ['R01374', 'C02265', 'C00166'], ['R01370', 'C00166', 'C05607'], ['R07796', 'C05607', 'C00423'], ['R01426', 'C00423', 'C00180'], ['R01427', 'C00180', 'C00587'], ['R01628', 'C00587', 'C00230'], ['R05274', 'C00230', 'C06672'], ['R05273', 'C06672', 'C00755']]<=====
--This is the 11th chromsome---
=====> after trim_chrom:  长度是7---[['R06626', 'C00082', 'C12323'], ['R06626', 'C12323', 'C03590'], ['R02672', 'C03590', 'C00633'], ['R01303', 'C00633', 'C00156'], ['R01296', 'C00156', 'C00230'], ['R10136', 'C00230', 'C06672'], ['R05699', 'C06672', 'C00755']]<=====
=====> after trim_chrom:  长度是4---[['R10246', 'C00082', 'C05198'], ['R08862', 'C05198', 'C06453'], ['R07668', 'C06453', 'C06672'], ['R05273', 'C06672', 'C00755']]<=====
--This is the 12th chromsome---
=====> after trim_chrom:  长度是7---[['R00728', 'C00082', 'C00146'], ['R10043', 'C00146', 'C00090'], ['R00821', 'C00090', 'C00196'], ['R01508', 'C00196', 'C00587'], ['R01628', 'C00587', 'C00230'], ['R05274', 'C00230', 'C06672'], ['R05699', 'C06672', 'C00755']]<=====
--This is the 13th chromsome---
=====> after trim_chrom:  长度是8---[['R06626', 'C00082', 'C01179'], ['R00042', 'C01179', 'C00642'], ['R07312', 'C00642', 'C01468'], ['R02675', 'C01468', 'C00633'], ['R01294', 'C00633', 'C00156'], ['R01298', 'C00156', 'C00230'], ['R05274', 'C00230', 'C06672'], ['R05699', 'C06672', 'C00755']]<=====
--This is the 14th chromsome---
=====> after trim_chrom:  长度是5---[['R12759', 'C00082', 'C00146'], ['R10043', 'C00146', 'C00090'], ['R00822', 'C00090', 'C00230'], ['R07668', 'C00230', 'C06672'], ['R05699', 'C06672', 'C00755']]<=====
--This is the 15th chromsome---
-----Sampling Done-----
开始计算理论产率（不进行网络扩展）...
The current solver interface glpk doesn't support setting the optimality tolerance.
The current solver interface glpk doesn't support setting the optimality tolerance.
Compartment `e` sounds like an external compartment. Using this one without counting boundary reactions.
Compartment `e` sounds like an external compartment. Using this one without counting boundary reactions.
反应 R06626 缺少 'direction' 键，使用默认值 0（不可逆）
添加反应：R06626
反应 R06632 缺少 'direction' 键，使用默认值 0（不可逆）
添加反应：R06632
反应 R02673 缺少 'direction' 键，使用默认值 0（不可逆）
添加反应：R02673
反应 R01294 缺少 'direction' 键，使用默认值 0（不可逆）
添加反应：R01294
反应 R01298 缺少 'direction' 键，使用默认值 0（不可逆）
添加反应：R01298 4HBHYOX
反应 R07668 缺少 'direction' 键，使用默认值 0（不可逆）
添加反应：R07668
反应 R05273 缺少 'direction' 键，使用默认值 0（不可逆）
添加反应：R05273
路径不可行（生物量低于阈值）！
Network_yield: -999

开始计算理论产率（不进行网络扩展）...
The current solver interface glpk doesn't support setting the optimality tolerance.
The current solver interface glpk doesn't support setting the optimality tolerance.
Compartment `e` sounds like an external compartment. Using this one without counting boundary reactions.
Compartment `e` sounds like an external compartment. Using this one without counting boundary reactions.
反应 R00734 缺少 'direction' 键，使用默认值 0（不可逆）
反应已存在：R00734 TYRTA
反应 R02521 缺少 'direction' 键，使用默认值 0（不可逆）
添加反应：R02521 34HPPOR
反应 R02520 缺少 'direction' 键，使用默认值 0（不可逆）
添加反应：R02520
反应 R02657 缺少 'direction' 键，使用默认值 0（不可逆）
添加反应：R02657 r0559
反应 R02489 缺少 'direction' 键，使用默认值 0（不可逆）
添加反应：R02489
反应 R06851 缺少 'direction' 键，使用默认值 0（不可逆）
添加反应：R06851
反应 R01629 缺少 'direction' 键，使用默认值 0（不可逆）
添加反应：R01629
反应 R07668 缺少 'direction' 键，使用默认值 0（不可逆）
添加反应：R07668
反应 R05273 缺少 'direction' 键，使用默认值 0（不可逆）
添加反应：R05273
路径不可行（生物量低于阈值）！
Network_yield: -999

开始计算理论产率（不进行网络扩展）...
The current solver interface glpk doesn't support setting the optimality tolerance.
The current solver interface glpk doesn't support setting the optimality tolerance.
Compartment `e` sounds like an external compartment. Using this one without counting boundary reactions.
Compartment `e` sounds like an external compartment. Using this one without counting boundary reactions.
反应 R12161 缺少 'direction' 键，使用默认值 0（不可逆）
添加反应：R12161
反应 R08875 缺少 'direction' 键，使用默认值 0（不可逆）
添加反应：R08875
反应 R07668 缺少 'direction' 键，使用默认值 0（不可逆）
添加反应：R07668
反应 R05273 缺少 'direction' 键，使用默认值 0（不可逆）
添加反应：R05273
路径不可行（生物量低于阈值）！
Network_yield: -999

开始计算理论产率（不进行网络扩展）...
The current solver interface glpk doesn't support setting the optimality tolerance.
The current solver interface glpk doesn't support setting the optimality tolerance.
Compartment `e` sounds like an external compartment. Using this one without counting boundary reactions.
Compartment `e` sounds like an external compartment. Using this one without counting boundary reactions.
反应 R09830 缺少 'direction' 键，使用默认值 0（不可逆）
添加反应：R09830
反应 R06632 缺少 'direction' 键，使用默认值 0（不可逆）
添加反应：R06632
反应 R06633 缺少 'direction' 键，使用默认值 0（不可逆）
添加反应：R06633
反应 R02672 缺少 'direction' 键，使用默认值 0（不可逆）
添加反应：R02672
反应 R01294 缺少 'direction' 键，使用默认值 0（不可逆）
添加反应：R01294
反应 R01296 缺少 'direction' 键，使用默认值 0（不可逆）
添加反应：R01296
反应 R05274 缺少 'direction' 键，使用默认值 0（不可逆）
添加反应：R05274 VNTDM
反应 R05273 缺少 'direction' 键，使用默认值 0（不可逆）
添加反应：R05273
路径不可行（生物量低于阈值）！
Network_yield: -999

开始计算理论产率（不进行网络扩展）...
The current solver interface glpk doesn't support setting the optimality tolerance.
