-----Sampling-----
=====> after trim_chrom:  长度是14---[['R09830', 'C00082', 'C01179'], ['R03341', 'C01179', 'C03765'], ['R02697', 'C03765', 'C00642'], ['R07312', 'C00642', 'C01468'], ['R05666', 'C01468', 'C01455'], ['R03562', 'C01455', 'C01467'], ['R07665', 'C01467', 'C03351'], ['R04136', 'C03351', 'C03067'], ['R07667', 'C03067', 'C00587'], ['R01427', 'C00587', 'C00180'], ['R01295', 'C00180', 'C00156'], ['R01296', 'C00156', 'C00230'], ['R10136', 'C00230', 'C06672'], ['R05699', 'C06672', 'C00755']]<=====
Path length exceeds 10, regenerating.
=====> after trim_chrom:  长度是7---[['R00734', 'C00082', 'C01179'], ['R06626', 'C01179', 'C03590'], ['R02672', 'C03590', 'C00633'], ['R01293', 'C00633', 'C00156'], ['R01296', 'C00156', 'C00230'], ['R05274', 'C00230', 'C06672'], ['R05699', 'C06672', 'C00755']]<=====
--This is the 1th chromsome---
=====> after trim_chrom:  长度是12---[['R08825', 'C00082', 'C08565'], ['R08826', 'C08565', 'C08543'], ['R08827', 'C08543', 'C08538'], ['R08820', 'C08538', 'C08540'], ['R08823', 'C08540', 'C08552'], ['R08823', 'C08552', 'C17759'], ['R08839', 'C17759', 'C01494'], ['R07440', 'C01494', 'C05619'], ['R02379', 'C05619', 'C00482'], ['R10261', 'C00482', 'C08604'], ['R10259', 'C08604', 'C06672'], ['R05699', 'C06672', 'C00755']]<=====
=====> after trim_chrom:  长度是22---[['R00733', 'C00082', 'C00826'], ['R01731', 'C00826', 'C00254'], ['R01731', 'C00254', 'C00036'], ['R00361', 'C00036', 'C00149'], ['R00472', 'C00149', 'C00048'], ['R12694', 'C00048', 'C00037'], ['R00367', 'C00037', 'C00213'], ['R07243', 'C00213', 'C00021'], ['R10495', 'C00021', 'C00108'], ['R00991', 'C00108', 'C05835'], ['R03097', 'C05835', 'C00954'], ['R10181', 'C00954', 'C00331'], ['R00677', 'C00331', 'C00078'], ['R00673', 'C00078', 'C00022'], ['R00200', 'C00022', 'C00074'], ['R03460', 'C00074', 'C01269'], ['R03460', 'C01269', 'C03175'], ['R02412', 'C03175', 'C00493'], ['R02413', 'C00493', 'C02637'], ['R01627', 'C02637', 'C00230'], ['R05274', 'C00230', 'C06672'], ['R05699', 'C06672', 'C00755']]<=====
=====> after trim_chrom:  长度是19---[['R00728', 'C00082', 'C00022'], ['R12689', 'C00022', 'C00957'], ['R00895', 'C00957', 'C00026'], ['R12509', 'C00026', 'C00042'], ['R03737', 'C00042', 'C03325'], ['R03812', 'C03325', 'C02046'], ['R03564', 'C02046', 'C00729'], ['R08432', 'C00729', 'C00031'], ['R00550', 'C00031', 'C00255'], ['R00549', 'C00255', 'C00061'], ['R11456', 'C00061', 'C01847'], ['R05218', 'C01847', 'C06505'], ['R05218', 'C06505', 'C06504'], ['R05815', 'C06504', 'C05773'], ['R05814', 'C05773', 'C11545'], ['R05813', 'C11545', 'C11543'], ['R05813', 'C11543', 'C00021'], ['R07240', 'C00021', 'C10469'], ['R12302', 'C10469', 'C00755']]<=====
=====> after trim_chrom:  长度是8---[['R10246', 'C00082', 'C01468'], ['R07663', 'C01468', 'C06677'], ['R05281', 'C06677', 'C06678'], ['R05271', 'C06678', 'C06679'], ['R05272', 'C06679', 'C02236'], ['R01636', 'C02236', 'C00230'], ['R05274', 'C00230', 'C06672'], ['R05273', 'C06672', 'C00755']]<=====
--This is the 2th chromsome---
=====> after trim_chrom:  长度是7---[['R00731', 'C00082', 'C00355'], ['R08846', 'C00355', 'C10447'], ['R11206', 'C10447', 'C01197'], ['R03366', 'C01197', 'C01494'], ['R05700', 'C01494', 'C02666'], ['R02193', 'C02666', 'C00406'], ['R12566', 'C00406', 'C00755']]<=====
--This is the 3th chromsome---
=====> after trim_chrom:  长度是9---[['R10671', 'C00082', 'C04350'], ['R11442', 'C04350', 'C04353'], ['R04306', 'C04353', 'C03766'], ['R02708', 'C03766', 'C03742'], ['R02676', 'C03742', 'C00633'], ['R01293', 'C00633', 'C00156'], ['R01298', 'C00156', 'C00230'], ['R07668', 'C00230', 'C06672'], ['R05699', 'C06672', 'C00755']]<=====
--This is the 4th chromsome---
=====> after trim_chrom:  长度是8---[['R12161', 'C00082', 'C00073'], ['R07396', 'C00073', 'C01180'], ['R07396', 'C01180', 'C00026'], ['R10527', 'C00026', 'C00042'], ['R04946', 'C00042', 'C05688'], ['R04931', 'C05688', 'C00021'], ['R07240', 'C00021', 'C10469'], ['R12302', 'C10469', 'C00755']]<=====
=====> after trim_chrom:  长度是7---[['R09830', 'C00082', 'C01179'], ['R00042', 'C01179', 'C00642'], ['R02697', 'C00642', 'C03765'], ['R02382', 'C03765', 'C00483'], ['R02384', 'C00483', 'C00021'], ['R07240', 'C00021', 'C10469'], ['R12302', 'C10469', 'C00755']]<=====
--This is the 5th chromsome---
=====> after trim_chrom:  长度是8---[['R10246', 'C00082', 'C00073'], ['R11919', 'C00073', 'C03373'], ['R03472', 'C03373', 'C05198'], ['R08862', 'C05198', 'C06453'], ['R07668', 'C06453', 'C00853'], ['R07668', 'C00853', 'C00230'], ['R10136', 'C00230', 'C06672'], ['R05273', 'C06672', 'C00755']]<=====
=====> after trim_chrom:  长度是4---[['R00736', 'C00082', 'C00483'], ['R02385', 'C00483', 'C02717'], ['R02385', 'C02717', 'C00406'], ['R12566', 'C00406', 'C00755']]<=====
=====> after trim_chrom:  长度是4---[['R00736', 'C00082', 'C00483'], ['R02385', 'C00483', 'C02717'], ['R02385', 'C02717', 'C00406'], ['R12566', 'C00406', 'C00755']]<=====
=====> after trim_chrom:  长度是10---[['R12759', 'C00082', 'C00146'], ['R01238', 'C00146', 'C00156'], ['R01299', 'C00156', 'C00530'], ['R06851', 'C00530', 'C02814'], ['R05249', 'C02814', 'C01751'], ['R05250', 'C01751', 'C01108'], ['R03247', 'C01108', 'C01424'], ['R01637', 'C01424', 'C00230'], ['R10136', 'C00230', 'C06672'], ['R05273', 'C06672', 'C00755']]<=====
--This is the 6th chromsome---
=====> after trim_chrom:  长度是10---[['R02078', 'C00082', 'C00355'], ['R08846', 'C00355', 'C10447'], ['R13082', 'C10447', 'C22567'], ['R13082', 'C22567', 'C02183'], ['R04297', 'C02183', 'C01108'], ['R05250', 'C01108', 'C01751'], ['R11348', 'C01751', 'C02814'], ['R01630', 'C02814', 'C00230'], ['R05274', 'C00230', 'C06672'], ['R05273', 'C06672', 'C00755']]<=====
=====> after trim_chrom:  长度是14---[['R01815', 'C00082', 'C00268'], ['R04734', 'C00268', 'C15522'], ['R10729', 'C15522', 'C00272'], ['R01813', 'C00272', 'C04244'], ['R04285', 'C04244', 'C03684'], ['R04286', 'C03684', 'C04895'], ['R11719', 'C04895', 'C01300'], ['R03503', 'C01300', 'C04807'], ['R03067', 'C04807', 'C00921'], ['R02237', 'C00921', 'C00415'], ['R02101', 'C00415', 'C00143'], ['R01217', 'C00143', 'C00440'], ['R10136', 'C00440', 'C06672'], ['R05273', 'C06672', 'C00755']]<=====
Path length exceeds 10, regenerating.
=====> after trim_chrom:  长度是6---[['R00728', 'C00082', 'C00146'], ['R05625', 'C00146', 'C02734'], ['R05603', 'C02734', 'C00156'], ['R01296', 'C00156', 'C00230'], ['R07668', 'C00230', 'C06672'], ['R05699', 'C06672', 'C00755']]<=====
--This is the 7th chromsome---
=====> after trim_chrom:  长度是9---[['R10246', 'C00082', 'C01468'], ['R05666', 'C01468', 'C01455'], ['R03562', 'C01455', 'C01467'], ['R07665', 'C01467', 'C03351'], ['R04136', 'C03351', 'C03067'], ['R07666', 'C03067', 'C00587'], ['R01628', 'C00587', 'C00230'], ['R07668', 'C00230', 'C06672'], ['R05699', 'C06672', 'C00755']]<=====
--This is the 8th chromsome---
=====> after trim_chrom:  长度是12---[['R00734', 'C00082', 'C01179'], ['R02521', 'C01179', 'C00544'], ['R02520', 'C00544', 'C05585'], ['R02657', 'C05585', 'C00628'], ['R02489', 'C00628', 'C00530'], ['R06851', 'C00530', 'C02814'], ['R05249', 'C02814', 'C01751'], ['R05250', 'C01751', 'C01108'], ['R03247', 'C01108', 'C01424'], ['R01637', 'C01424', 'C00230'], ['R10136', 'C00230', 'C06672'], ['R05699', 'C06672', 'C00755']]<=====
--This is the 9th chromsome---
=====> after trim_chrom:  长度是7---[['R12540', 'C00082', 'C00079'], ['R00697', 'C00079', 'C00423'], ['R01426', 'C00423', 'C00180'], ['R01427', 'C00180', 'C00587'], ['R01628', 'C00587', 'C00230'], ['R07668', 'C00230', 'C06672'], ['R05699', 'C06672', 'C00755']]<=====
--This is the 10th chromsome---
=====> after trim_chrom:  长度是10---[['R13031', 'C00082', 'C00355'], ['R01815', 'C00355', 'C00272'], ['R07211', 'C00272', 'C15522'], ['R10729', 'C15522', 'C00079'], ['R00697', 'C00079', 'C00423'], ['R01426', 'C00423', 'C00180'], ['R01427', 'C00180', 'C00587'], ['R01628', 'C00587', 'C00230'], ['R07668', 'C00230', 'C06672'], ['R05699', 'C06672', 'C00755']]<=====
--This is the 11th chromsome---
=====> after trim_chrom:  长度是8---[['R10246', 'C00082', 'C01468'], ['R07663', 'C01468', 'C06677'], ['R05281', 'C06677', 'C06678'], ['R05271', 'C06678', 'C06679'], ['R05272', 'C06679', 'C02236'], ['R01636', 'C02236', 'C00230'], ['R07668', 'C00230', 'C06672'], ['R05273', 'C06672', 'C00755']]<=====
--This is the 12th chromsome---
=====> after trim_chrom:  长度是10---[['R09521', 'C00082', 'C02515'], ['R03973', 'C02515', 'C01060'], ['R03953', 'C01060', 'C02465'], ['R03952', 'C02465', 'C00025'], ['R09594', 'C00025', 'C18802'], ['R10385', 'C18802', 'C06021'], ['R10016', 'C06021', 'C06020'], ['R09317', 'C06020', 'C00024'], ['R05773', 'C00024', 'C07303'], ['R05773', 'C07303', 'C00755']]<=====
=====> after trim_chrom:  长度是8---[['R10246', 'C00082', 'C01468'], ['R07663', 'C01468', 'C06677'], ['R05281', 'C06677', 'C06678'], ['R05271', 'C06678', 'C06679'], ['R05272', 'C06679', 'C02236'], ['R01636', 'C02236', 'C00230'], ['R07668', 'C00230', 'C06672'], ['R05273', 'C06672', 'C00755']]<=====
--This is the 13th chromsome---
=====> after trim_chrom:  长度是4---[['R12161', 'C00082', 'C00073'], ['R00946', 'C00073', 'C00440'], ['R10136', 'C00440', 'C06672'], ['R05273', 'C06672', 'C00755']]<=====
--This is the 14th chromsome---
=====> after trim_chrom:  长度是6---[['R00731', 'C00082', 'C00355'], ['R08846', 'C00355', 'C10447'], ['R11206', 'C10447', 'C01197'], ['R03366', 'C01197', 'C01494'], ['R05744', 'C01494', 'C00406'], ['R12566', 'C00406', 'C00755']]<=====
--This is the 15th chromsome---
-----Sampling Done-----
开始计算理论产率...
