-----Sampling-----
=====> after trim_chrom:  长度是10---[['R08091', 'C00024', 'C16466'], ['R08090', 'C16466', 'C04675'], ['R03493', 'C04675', 'C01291'], ['R03494', 'C01291', 'C01920'], ['R08098', 'C01920', 'C16465'], ['R08097', 'C16465', 'C16461'], ['R08086', 'C16461', 'C01499'], ['R08398', 'C01499', 'C00341'], ['R01658', 'C00341', 'C00129'], ['R01123', 'C00129', 'C00235']]<=====
--This is the 1th chromsome---
=====> after trim_chrom:  长度是11---[['R00352', 'C00024', 'C00158'], ['R01324', 'C00158', 'C00311'], ['R01899', 'C00311', 'C05379'], ['R00268', 'C05379', 'C00026'], ['R00734', 'C00026', 'C01179'], ['R09830', 'C01179', 'C00082'], ['R12540', 'C00082', 'C00079'], ['R07211', 'C00079', 'C15522'], ['R07213', 'C15522', 'C00078'], ['R01657', 'C00078', 'C04290'], ['R01657', 'C04290', 'C00235']]<=====
=====> after trim_chrom:  长度是5---[['R08532', 'C00024', 'C11338'], ['R08532', 'C11338', 'C01765'], ['R08529', 'C01765', 'C03190'], ['R02007', 'C03190', 'C00341'], ['R01658', 'C00341', 'C00235']]<=====
=====> after trim_chrom:  长度是9---[['R01978', 'C00024', 'C00356'], ['R02081', 'C00356', 'C00418'], ['R02245', 'C00418', 'C01107'], ['R03245', 'C01107', 'C01143'], ['R01121', 'C01143', 'C00129'], ['R01658', 'C00129', 'C00341'], ['R08393', 'C00341', 'C09871'], ['R12672', 'C09871', 'C02569'], ['R01659', 'C02569', 'C00235']]<=====
--This is the 2th chromsome---
=====> after trim_chrom:  长度是22---[['R08871', 'C00024', 'C17949'], ['R08873', 'C17949', 'C00541'], ['R11293', 'C00541', 'C01917'], ['R11293', 'C01917', 'C17702'], ['R11294', 'C17702', 'C17703'], ['R11294', 'C17703', 'C06453'], ['R08873', 'C06453', 'C05198'], ['R06270', 'C05198', 'C11830'], ['R06267', 'C11830', 'C11831'], ['R11519', 'C11831', 'C02880'], ['R06282', 'C02880', 'C02139'], ['R05618', 'C02139', 'C05306'], ['R08585', 'C05306', 'C05307'], ['R09067', 'C05307', 'C05427'], ['R08756', 'C05427', 'C17440'], ['R08755', 'C17440', 'C17439'], ['R08754', 'C17439', 'C00353'], ['R07475', 'C00353', 'C04217'], ['R05613', 'C04217', 'C01230'], ['R05613', 'C01230', 'C00129'], ['R05884', 'C00129', 'C11811'], ['R08210', 'C11811', 'C00235']]<=====
=====> after trim_chrom:  长度是13---[['R08767', 'C00024', 'C00223'], ['R10233', 'C00223', 'C17743'], ['R08811', 'C17743', 'C17742'], ['R08812', 'C17742', 'C10443'], ['R08810', 'C10443', 'C00406'], ['R07989', 'C00406', 'C16405'], ['R08031', 'C16405', 'C15525'], ['R08007', 'C15525', 'C16408'], ['R08010', 'C16408', 'C16409'], ['R08008', 'C16409', 'C16407'], ['R08006', 'C16407', 'C06561'], ['R08003', 'C06561', 'C16416'], ['R08003', 'C16416', 'C00235']]<=====
=====> after trim_chrom:  长度是9---[['R08091', 'C00024', 'C16466'], ['R08090', 'C16466', 'C04675'], ['R03493', 'C04675', 'C01291'], ['R03494', 'C01291', 'C01920'], ['R08098', 'C01920', 'C16465'], ['R08097', 'C16465', 'C16461'], ['R08086', 'C16461', 'C01499'], ['R08398', 'C01499', 'C00341'], ['R01658', 'C00341', 'C00235']]<=====
--This is the 3th chromsome---
=====> after trim_chrom:  长度是18---[['R00928', 'C00024', 'C00100'], ['R01199', 'C00100', 'C00109'], ['R00996', 'C00109', 'C00188'], ['R01467', 'C00188', 'C00820'], ['R08195', 'C00820', 'C00037'], ['R00364', 'C00037', 'C00048'], ['R00466', 'C00048', 'C00209'], ['R10614', 'C00209', 'C00033'], ['R08090', 'C00033', 'C04675'], ['R03493', 'C04675', 'C01291'], ['R03494', 'C01291', 'C01920'], ['R08098', 'C01920', 'C16465'], ['R08097', 'C16465', 'C16461'], ['R08086', 'C16461', 'C01499'], ['R03581', 'C01499', 'C01500'], ['R09708', 'C01500', 'C11389'], ['R07631', 'C11389', 'C00341'], ['R01658', 'C00341', 'C00235']]<=====
=====> after trim_chrom:  长度是6---[['R01360', 'C00024', 'C00356'], ['R02082', 'C00356', 'C00418'], ['R02245', 'C00418', 'C01107'], ['R03245', 'C01107', 'C01143'], ['R01121', 'C01143', 'C00129'], ['R01123', 'C00129', 'C00235']]<=====
--This is the 4th chromsome---
=====> after trim_chrom:  长度是7---[['R01360', 'C00024', 'C00356'], ['R02081', 'C00356', 'C00418'], ['R02245', 'C00418', 'C01107'], ['R03245', 'C01107', 'C01143'], ['R01121', 'C01143', 'C00129'], ['R05884', 'C00129', 'C11811'], ['R08210', 'C11811', 'C00235']]<=====
--This is the 5th chromsome---
=====> after trim_chrom:  长度是10---[['R00586', 'C00024', 'C00979'], ['R03133', 'C00979', 'C01513'], ['R03133', 'C01513', 'C00371'], ['R05702', 'C00371', 'C02029'], ['R08074', 'C02029', 'C16447'], ['R08067', 'C16447', 'C16431'], ['R08070', 'C16431', 'C16430'], ['R08064', 'C16430', 'C16429'], ['R08054', 'C16429', 'C16426'], ['R08052', 'C16426', 'C00235']]<=====
=====> after trim_chrom:  长度是10---[['R00743', 'C00024', 'C00083'], ['R07721', 'C00083', 'C16191'], ['R07721', 'C16191', 'C10216'], ['R13051', 'C10216', 'C10208'], ['R06606', 'C10208', 'C02495'], ['R03962', 'C02495', 'C03567'], ['R07728', 'C03567', 'C04271'], ['R03452', 'C04271', 'C01263'], ['R07272', 'C01263', 'C15510'], ['R07272', 'C15510', 'C00235']]<=====
=====> after trim_chrom:  长度是8---[['R12566', 'C00024', 'C00406'], ['R06584', 'C00406', 'C12203'], ['R06578', 'C12203', 'C00021'], ['R10709', 'C00021', 'C17570'], ['R08782', 'C17570', 'C04145'], ['R07267', 'C04145', 'C00129'], ['R12638', 'C00129', 'C19760'], ['R09633', 'C19760', 'C00235']]<=====
--This is the 6th chromsome---
=====> after trim_chrom:  长度是7---[['R04742', 'C00024', 'C05263'], ['R04742', 'C05263', 'C05274'], ['R04754', 'C05274', 'C05275'], ['R04754', 'C05275', 'C00016'], ['R12031', 'C00016', 'C00078'], ['R09638', 'C00078', 'C19767'], ['R09638', 'C19767', 'C00235']]<=====
=====> after trim_chrom:  长度是9---[['R05537', 'C00024', 'C00016'], ['R07653', 'C00016', 'C16145'], ['R07653', 'C16145', 'C16144'], ['R07652', 'C16144', 'C00448'], ['R02003', 'C00448', 'C00341'], ['R01658', 'C00341', 'C00129'], ['R12638', 'C00129', 'C19760'], ['R12638', 'C19760', 'C02569'], ['R01659', 'C02569', 'C00235']]<=====
=====> after trim_chrom:  长度是25---[['R00927', 'C00024', 'C03344'], ['R00927', 'C03344', 'C00100'], ['R05373', 'C00100', 'C02557'], ['R06482', 'C02557', 'C11953'], ['R06482', 'C11953', 'C00630'], ['R02662', 'C00630', 'C15977'], ['R01701', 'C15977', 'C15972'], ['R03270', 'C15972', 'C16255'], ['R01699', 'C16255', 'C00022'], ['R00220', 'C00022', 'C00065'], ['R00585', 'C00065', 'C00168'], ['R01388', 'C00168', 'C00258'], ['R10324', 'C00258', 'C00577'], ['R01041', 'C00577', 'C00116'], ['R00847', 'C00116', 'C00093'], ['R09380', 'C00093', 'C00681'], ['R11527', 'C00681', 'C01885'], ['R02693', 'C01885', 'C00370'], ['R02116', 'C00370', 'C01054'], ['R02874', 'C01054', 'C00751'], ['R02872', 'C00751', 'C03428'], ['R00702', 'C03428', 'C00448'], ['R10733', 'C00448', 'C19736'], ['R09608', 'C19736', 'C19760'], ['R09633', 'C19760', 'C00235']]<=====
=====> after trim_chrom:  长度是8---[['R08532', 'C00024', 'C11338'], ['R08532', 'C11338', 'C01765'], ['R08529', 'C01765', 'C03190'], ['R02007', 'C03190', 'C00341'], ['R01658', 'C00341', 'C00129'], ['R12638', 'C00129', 'C19760'], ['R12638', 'C19760', 'C02569'], ['R01659', 'C02569', 'C00235']]<=====
=====> after trim_chrom:  长度是14---[['R02058', 'C00024', 'C00357'], ['R05199', 'C00357', 'C00140'], ['R01266', 'C00140', 'C04540'], ['R03421', 'C04540', 'C01239'], ['R08707', 'C01239', 'C04375'], ['R00417', 'C04375', 'C00043'], ['R05032', 'C00043', 'C05898'], ['R04519', 'C05898', 'C04574'], ['R07269', 'C04574', 'C00129'], ['R08747', 'C00129', 'C17432'], ['R09249', 'C17432', 'C00448'], ['R08746', 'C00448', 'C16826'], ['R08528', 'C16826', 'C00341'], ['R01658', 'C00341', 'C00235']]<=====
--This is the 7th chromsome---
=====> after trim_chrom:  长度是27---[['R04742', 'C00024', 'C05263'], ['R04742', 'C05263', 'C05274'], ['R04754', 'C05274', 'C05275'], ['R04754', 'C05275', 'C00016'], ['R00807', 'C00016', 'C05731'], ['R00808', 'C05731', 'C00089'], ['R08616', 'C00089', 'C00492'], ['R03634', 'C00492', 'C01613'], ['R03635', 'C01613', 'C05404'], ['R05549', 'C05404', 'C05402'], ['R01101', 'C05402', 'C00124'], ['R01678', 'C00124', 'C00243'], ['R00503', 'C00243', 'C00031'], ['R01555', 'C00031', 'C00208'], ['R01557', 'C00208', 'C01083'], ['R08946', 'C01083', 'C00498'], ['R09665', 'C00498', 'C19792'], ['R12250', 'C19792', 'C00258'], ['R01511', 'C00258', 'C00197'], ['R01058', 'C00197', 'C00118'], ['R05636', 'C00118', 'C11437'], ['R05688', 'C11437', 'C11434'], ['R05633', 'C11434', 'C11435'], ['R05634', 'C11435', 'C11436'], ['R05637', 'C11436', 'C11453'], ['R10859', 'C11453', 'C11811'], ['R08210', 'C11811', 'C00235']]<=====
=====> after trim_chrom:  长度是6---[['R05672', 'C00024', 'C07028'], ['R05673', 'C07028', 'C07029'], ['R05674', 'C07029', 'C00021'], ['R12264', 'C00021', 'C16417'], ['R08004', 'C16417', 'C16416'], ['R08003', 'C16416', 'C00235']]<=====
--This is the 8th chromsome---
=====> after trim_chrom:  长度是19---[['R03778', 'C00024', 'C05265'], ['R04743', 'C05265', 'C05264'], ['R04744', 'C05264', 'C05275'], ['R04754', 'C05275', 'C00016'], ['R00160', 'C00016', 'C00061'], ['R05218', 'C00061', 'C06504'], ['R09599', 'C06504', 'C19724'], ['R09598', 'C19724', 'C00064'], ['R00986', 'C00064', 'C00025'], ['R06634', 'C00025', 'C12026'], ['R06634', 'C12026', 'C12325'], ['R06624', 'C12325', 'C12324'], ['R06625', 'C12324', 'C00083'], ['R06821', 'C00083', 'C10020'], ['R06821', 'C10020', 'C04608'], ['R03574', 'C04608', 'C01477'], ['R13066', 'C01477', 'C00509'], ['R08951', 'C00509', 'C18023'], ['R08951', 'C18023', 'C00235']]<=====
=====> after trim_chrom:  长度是23---[['R12566', 'C00024', 'C00406'], ['R05744', 'C00406', 'C01494'], ['R05700', 'C01494', 'C02666'], ['R06572', 'C02666', 'C12204'], ['R06570', 'C12204', 'C12205'], ['R06573', 'C12205', 'C00590'], ['R06575', 'C00590', 'C12206'], ['R06580', 'C12206', 'C02646'], ['R07437', 'C02646', 'C05608'], ['R06579', 'C05608', 'C10945'], ['R01941', 'C10945', 'C00323'], ['R07926', 'C00323', 'C16367'], ['R07926', 'C16367', 'C12138'], ['R07903', 'C12138', 'C16315'], ['R07903', 'C16315', 'C02199'], ['R08022', 'C02199', 'C09806'], ['R08022', 'C09806', 'C16422'], ['R08021', 'C16422', 'C01709'], ['R08026', 'C01709', 'C00509'], ['R08951', 'C00509', 'C18023'], ['R08922', 'C18023', 'C18024'], ['R08952', 'C18024', 'C18053'], ['R08952', 'C18053', 'C00235']]<=====
=====> after trim_chrom:  长度是21---[['R00743', 'C00024', 'C00083'], ['R07885', 'C00083', 'C16289'], ['R07885', 'C16289', 'C12643'], ['R06817', 'C12643', 'C08604'], ['R06535', 'C08604', 'C05905'], ['R05036', 'C05905', 'C05906'], ['R03636', 'C05906', 'C01617'], ['R13067', 'C01617', 'C00389'], ['R06538', 'C00389', 'C05903'], ['R09802', 'C05903', 'C16911'], ['R09802', 'C16911', 'C02199'], ['R09754', 'C02199', 'C08983'], ['R06500', 'C08983', 'C08980'], ['R06501', 'C08980', 'C08616'], ['R06469', 'C08616', 'C01054'], ['R12355', 'C01054', 'C00751'], ['R06223', 'C00751', 'C00448'], ['R02061', 'C00448', 'C00353'], ['R09730', 'C00353', 'C19852'], ['R09730', 'C19852', 'C00129'], ['R01123', 'C00129', 'C00235']]<=====
=====> after trim_chrom:  长度是14---[['R00237', 'C00024', 'C01011'], ['R02491', 'C01011', 'C00531'], ['R02407', 'C00531', 'C00490'], ['R11749', 'C00490', 'C02341'], ['R02244', 'C02341', 'C00417'], ['R01900', 'C00417', 'C00311'], ['R01899', 'C00311', 'C05379'], ['R08201', 'C05379', 'C00026'], ['R11299', 'C00026', 'C00025'], ['R04234', 'C00025', 'C03493'], ['R04234', 'C03493', 'C03590'], ['R06626', 'C03590', 'C01179'], ['R06757', 'C01179', 'C12456'], ['R06757', 'C12456', 'C00235']]<=====
=====> after trim_chrom:  长度是8---[['R07891', 'C00024', 'C16330'], ['R07891', 'C16330', 'C16331'], ['R07892', 'C16331', 'C16332'], ['R07892', 'C16332', 'C00016'], ['R12034', 'C00016', 'C19687'], ['R09570', 'C19687', 'C00078'], ['R01657', 'C00078', 'C04290'], ['R01657', 'C04290', 'C00235']]<=====
=====> after trim_chrom:  长度是16---[['R01177', 'C00024', 'C05269'], ['R04748', 'C05269', 'C05268'], ['R04749', 'C05268', 'C05271'], ['R04751', 'C05271', 'C05270'], ['R08797', 'C05270', 'C17746'], ['R08797', 'C17746', 'C00083'], ['R06643', 'C00083', 'C12354'], ['R09269', 'C12354', 'C18337'], ['R09355', 'C18337', 'C12366'], ['R06699', 'C12366', 'C12367'], ['R06700', 'C12367', 'C12368'], ['R06701', 'C12368', 'C12369'], ['R06713', 'C12369', 'C00021'], ['R00599', 'C00021', 'C17324'], ['R01122', 'C17324', 'C04432'], ['R01122', 'C04432', 'C00235']]<=====
=====> after trim_chrom:  长度是8---[['R10343', 'C00024', 'C00091'], ['R02084', 'C00091', 'C00356'], ['R02081', 'C00356', 'C00418'], ['R02245', 'C00418', 'C01107'], ['R03245', 'C01107', 'C01143'], ['R01121', 'C01143', 'C00129'], ['R12638', 'C00129', 'C19760'], ['R09633', 'C19760', 'C00235']]<=====
--This is the 9th chromsome---
=====> after trim_chrom:  长度是13---[['R08091', 'C00024', 'C16466'], ['R08090', 'C16466', 'C04675'], ['R03493', 'C04675', 'C01291'], ['R03494', 'C01291', 'C01920'], ['R08089', 'C01920', 'C16464'], ['R08088', 'C16464', 'C16462'], ['R08087', 'C16462', 'C09848'], ['R08399', 'C09848', 'C00341'], ['R08528', 'C00341', 'C16826'], ['R09244', 'C16826', 'C18321'], ['R09244', 'C18321', 'C00129'], ['R12638', 'C00129', 'C19760'], ['R09633', 'C19760', 'C00235']]<=====
=====> after trim_chrom:  长度是16---[['R05336', 'C00024', 'C11062'], ['R09279', 'C11062', 'C00989'], ['R09281', 'C00989', 'C00232'], ['R01650', 'C00232', 'C05715'], ['R01887', 'C05715', 'C00302'], ['R00896', 'C00302', 'C00026'], ['R02077', 'C00026', 'C04045'], ['R08920', 'C04045', 'C00355'], ['R07212', 'C00355', 'C00082'], ['R12759', 'C00082', 'C00146'], ['R01238', 'C00146', 'C00156'], ['R01308', 'C00156', 'C00811'], ['R12492', 'C00811', 'C03964'], ['R03339', 'C03964', 'C01179'], ['R06757', 'C01179', 'C12456'], ['R06757', 'C12456', 'C00235']]<=====
=====> after trim_chrom:  长度是21---[['R08095', 'C00024', 'C16471'], ['R08094', 'C16471', 'C16469'], ['R08093', 'C16469', 'C16468'], ['R08092', 'C16468', 'C16470'], ['R08091', 'C16470', 'C16466'], ['R08090', 'C16466', 'C04675'], ['R03493', 'C04675', 'C01291'], ['R03494', 'C01291', 'C01920'], ['R08098', 'C01920', 'C16465'], ['R08097', 'C16465', 'C16461'], ['R08086', 'C16461', 'C01499'], ['R10308', 'C01499', 'C01500'], ['R11866', 'C01500', 'C03985'], ['R04366', 'C03985', 'C04433'], ['R09922', 'C04433', 'C11389'], ['R07631', 'C11389', 'C00341'], ['R09250', 'C00341', 'C04145'], ['R08747', 'C04145', 'C17432'], ['R09249', 'C17432', 'C00129'], ['R01659', 'C00129', 'C02569'], ['R01659', 'C02569', 'C00235']]<=====
=====> after trim_chrom:  长度是21---[['R10614', 'C00024', 'C00313'], ['R07290', 'C00313', 'C00209'], ['R00466', 'C00209', 'C00048'], ['R00373', 'C00048', 'C00036'], ['R00344', 'C00036', 'C00022'], ['R02970', 'C00022', 'C00830'], ['R02970', 'C00830', 'C00872'], ['R02970', 'C00872', 'C00041'], ['R00453', 'C00041', 'C00047'], ['R12506', 'C00047', 'C00077'], ['R01343', 'C00077', 'C01165'], ['R00667', 'C01165', 'C00026'], ['R06539', 'C00026', 'C00042'], ['R00412', 'C00042', 'C00122'], ['R00490', 'C00122', 'C00049'], ['R00695', 'C00049', 'C00079'], ['R00688', 'C00079', 'C00166'], ['R01376', 'C00166', 'C00331'], ['R00684', 'C00331', 'C00078'], ['R01657', 'C00078', 'C04290'], ['R01657', 'C04290', 'C00235']]<=====
=====> after trim_chrom:  长度是13---[['R04742', 'C00024', 'C05263'], ['R04741', 'C05263', 'C05262'], ['R04170', 'C05262', 'C03221'], ['R03857', 'C03221', 'C00016'], ['R09744', 'C00016', 'C19841'], ['R09744', 'C19841', 'C19840'], ['R09719', 'C19840', 'C16144'], ['R07652', 'C16144', 'C00448'], ['R09248', 'C00448', 'C04146'], ['R05611', 'C04146', 'C04216'], ['R05612', 'C04216', 'C00129'], ['R09633', 'C00129', 'C19760'], ['R09633', 'C19760', 'C00235']]<=====
=====> after trim_chrom:  长度是17---[['R01807', 'C00024', 'C04016'], ['R01807', 'C04016', 'C00270'], ['R01117', 'C00270', 'C00128'], ['R04656', 'C00128', 'C04936'], ['R04656', 'C04936', 'C04922'], ['R09755', 'C04922', 'C04845'], ['R04493', 'C04845', 'C01290'], ['R03354', 'C01290', 'C01190'], ['R12969', 'C01190', 'C00221'], ['R13051', 'C00221', 'C10216'], ['R13051', 'C10216', 'C10208'], ['R06606', 'C10208', 'C02495'], ['R03962', 'C02495', 'C03567'], ['R07728', 'C03567', 'C04271'], ['R03452', 'C04271', 'C01263'], ['R07272', 'C01263', 'C15510'], ['R07272', 'C15510', 'C00235']]<=====
=====> after trim_chrom:  长度是14---[['R12566', 'C00024', 'C00406'], ['R06584', 'C00406', 'C12203'], ['R06578', 'C12203', 'C00021'], ['R07529', 'C00021', 'C15887'], ['R07528', 'C15887', 'C15886'], ['R07527', 'C15886', 'C19795'], ['R07519', 'C19795', 'C05432'], ['R09716', 'C05432', 'C05421'], ['R09692', 'C05421', 'C05414'], ['R04786', 'C05414', 'C05413'], ['R07916', 'C05413', 'C00353'], ['R02061', 'C00353', 'C00129'], ['R01659', 'C00129', 'C02569'], ['R01659', 'C02569', 'C00235']]<=====
=====> after trim_chrom:  长度是20---[['R07891', 'C00024', 'C16330'], ['R07891', 'C16330', 'C16331'], ['R07892', 'C16331', 'C16332'], ['R07892', 'C16332', 'C00016'], ['R00161', 'C00016', 'C00061'], ['R00549', 'C00061', 'C00255'], ['R00066', 'C00255', 'C04332'], ['R04457', 'C04332', 'C15556'], ['R07281', 'C15556', 'C00199'], ['R01529', 'C00199', 'C00231'], ['R01440', 'C00231', 'C00118'], ['R05636', 'C00118', 'C11437'], ['R05688', 'C11437', 'C11434'], ['R05633', 'C11434', 'C11435'], ['R05634', 'C11435', 'C11436'], ['R05637', 'C11436', 'C11453'], ['R10859', 'C11453', 'C11811'], ['R05884', 'C11811', 'C00129'], ['R12638', 'C00129', 'C19760'], ['R09633', 'C19760', 'C00235']]<=====
=====> after trim_chrom:  长度是13---[['R00393', 'C00024', 'C00040'], ['R01319', 'C00040', 'C00157'], ['R01312', 'C00157', 'C00641'], ['R02692', 'C00641', 'C01885'], ['R11527', 'C01885', 'C00681'], ['R09380', 'C00681', 'C00093'], ['R00841', 'C00093', 'C00116'], ['R07298', 'C00116', 'C00623'], ['R04158', 'C00623', 'C04590'], ['R04158', 'C04590', 'C00353'], ['R09251', 'C00353', 'C04145'], ['R09250', 'C04145', 'C00129'], ['R01123', 'C00129', 'C00235']]<=====
=====> after trim_chrom:  长度是9---[['R08091', 'C00024', 'C16466'], ['R08090', 'C16466', 'C04675'], ['R03493', 'C04675', 'C01291'], ['R03494', 'C01291', 'C01920'], ['R08089', 'C01920', 'C16464'], ['R08088', 'C16464', 'C16462'], ['R08087', 'C16462', 'C09848'], ['R08399', 'C09848', 'C00341'], ['R01658', 'C00341', 'C00235']]<=====
--This is the 10th chromsome---
=====> after trim_chrom:  长度是6---[['R08767', 'C00024', 'C00223'], ['R10529', 'C00223', 'C00170'], ['R01402', 'C00170', 'C00147'], ['R12621', 'C00147', 'C05198'], ['R10646', 'C05198', 'C04432'], ['R01122', 'C04432', 'C00235']]<=====
--This is the 11th chromsome---
=====> after trim_chrom:  长度是10---[['R00743', 'C00024', 'C00083'], ['R07721', 'C00083', 'C16191'], ['R07721', 'C16191', 'C10216'], ['R07720', 'C10216', 'C10208'], ['R06606', 'C10208', 'C02495'], ['R03962', 'C02495', 'C03567'], ['R07728', 'C03567', 'C04271'], ['R03452', 'C04271', 'C01263'], ['R07271', 'C01263', 'C15509'], ['R07271', 'C15509', 'C00235']]<=====
=====> after trim_chrom:  长度是6---[['R01160', 'C00024', 'C02997'], ['R01160', 'C02997', 'C00135'], ['R01166', 'C00135', 'C00386'], ['R02144', 'C00386', 'C00021'], ['R09940', 'C00021', 'C00341'], ['R01658', 'C00341', 'C00235']]<=====
=====> after trim_chrom:  长度是8---[['R00391', 'C00024', 'C00264'], ['R01780', 'C00264', 'C00091'], ['R00410', 'C00091', 'C00332'], ['R01365', 'C00332', 'C00164'], ['R05735', 'C00164', 'C00207'], ['R08207', 'C00207', 'C09276'], ['R08997', 'C09276', 'C18083'], ['R08996', 'C18083', 'C00235']]<=====
--This is the 12th chromsome---
=====> after trim_chrom:  长度是8---[['R08767', 'C00024', 'C00223'], ['R10529', 'C00223', 'C00170'], ['R01402', 'C00170', 'C00147'], ['R05708', 'C00147', 'C04083'], ['R08072', 'C04083', 'C16427'], ['R08069', 'C16427', 'C04713'], ['R08062', 'C04713', 'C16426'], ['R08052', 'C16426', 'C00235']]<=====
--This is the 13th chromsome---
=====> after trim_chrom:  长度是8---[['R05672', 'C00024', 'C07028'], ['R05673', 'C07028', 'C00021'], ['R04711', 'C00021', 'C05200'], ['R06865', 'C05200', 'C13425'], ['R05616', 'C13425', 'C00156'], ['R09040', 'C00156', 'C18131'], ['R09040', 'C18131', 'C00341'], ['R01658', 'C00341', 'C00235']]<=====
=====> after trim_chrom:  长度是10---[['R00354', 'C00024', 'C00566'], ['R01323', 'C00566', 'C00158'], ['R00352', 'C00158', 'C00036'], ['R00400', 'C00036', 'C00022'], ['R11038', 'C00022', 'C00041'], ['R11583', 'C00041', 'C00097'], ['R00891', 'C00097', 'C00065'], ['R02722', 'C00065', 'C00078'], ['R09638', 'C00078', 'C19767'], ['R09638', 'C19767', 'C00235']]<=====
=====> after trim_chrom:  长度是22---[['R01177', 'C00024', 'C05269'], ['R04748', 'C05269', 'C05268'], ['R04749', 'C05268', 'C05271'], ['R04751', 'C05271', 'C00016'], ['R00160', 'C00016', 'C00061'], ['R09559', 'C00061', 'C19686'], ['R09559', 'C19686', 'C18054'], ['R12937', 'C18054', 'C00251'], ['R08956', 'C00251', 'C00025'], ['R00253', 'C00025', 'C00064'], ['R12507', 'C00064', 'C00073'], ['R12238', 'C00073', 'C00828'], ['R12238', 'C00828', 'C05198'], ['R10645', 'C05198', 'C04432'], ['R10645', 'C04432', 'C00021'], ['R10169', 'C00021', 'C00751'], ['R06223', 'C00751', 'C00448'], ['R09248', 'C00448', 'C04146'], ['R07267', 'C04146', 'C04145'], ['R07267', 'C04145', 'C00129'], ['R01659', 'C00129', 'C02569'], ['R01659', 'C02569', 'C00235']]<=====
=====> after trim_chrom:  长度是9---[['R06307', 'C00024', 'C11896'], ['R06307', 'C11896', 'C11895'], ['R06306', 'C11895', 'C11894'], ['R06305', 'C11894', 'C00353'], ['R09251', 'C00353', 'C04145'], ['R09250', 'C04145', 'C00341'], ['R02003', 'C00341', 'C00448'], ['R02003', 'C00448', 'C00129'], ['R01123', 'C00129', 'C00235']]<=====
=====> after trim_chrom:  长度是5---[['R08532', 'C00024', 'C11338'], ['R08532', 'C11338', 'C01765'], ['R08529', 'C01765', 'C03190'], ['R02007', 'C03190', 'C00341'], ['R01658', 'C00341', 'C00235']]<=====
=====> after trim_chrom:  长度是9---[['R12841', 'C00024', 'C08797'], ['R08378', 'C08797', 'C01054'], ['R02874', 'C01054', 'C00751'], ['R02872', 'C00751', 'C03428'], ['R00702', 'C03428', 'C00448'], ['R09247', 'C00448', 'C04216'], ['R05612', 'C04216', 'C01230'], ['R09245', 'C01230', 'C00129'], ['R01123', 'C00129', 'C00235']]<=====
--This is the 14th chromsome---
=====> after trim_chrom:  长度是15---[['R02058', 'C00024', 'C00357'], ['R01201', 'C00357', 'C00140'], ['R01205', 'C00140', 'C00611'], ['R04531', 'C00611', 'C04847'], ['R04531', 'C04847', 'C00052'], ['R09755', 'C00052', 'C04922'], ['R04654', 'C04922', 'C04939'], ['R04654', 'C04939', 'C00043'], ['R05662', 'C00043', 'C05893'], ['R06178', 'C05893', 'C04574'], ['R07269', 'C04574', 'C00129'], ['R08747', 'C00129', 'C17432'], ['R09249', 'C17432', 'C00448'], ['R02003', 'C00448', 'C00341'], ['R01658', 'C00341', 'C00235']]<=====
=====> after trim_chrom:  长度是31---[['R05332', 'C00024', 'C04501'], ['R09942', 'C04501', 'C01674'], ['R09942', 'C01674', 'C00140'], ['R01206', 'C00140', 'C00461'], ['R02335', 'C00461', 'C00043'], ['R00414', 'C00043', 'C00645'], ['R01804', 'C00645', 'C00270'], ['R04634', 'C00270', 'C04884'], ['R04630', 'C04884', 'C06135'], ['R03492', 'C06135', 'C01290'], ['R03354', 'C01290', 'C01190'], ['R01498', 'C01190', 'C00031'], ['R01791', 'C00031', 'C00721'], ['R02112', 'C00721', 'C00369'], ['R02110', 'C00369', 'C00718'], ['R07261', 'C00718', 'C00454'], ['R02321', 'C00454', 'C00881'], ['R01666', 'C00881', 'C00239'], ['R01663', 'C00239', 'C00365'], ['R02102', 'C00365', 'C00526'], ['R01879', 'C00526', 'C00299'], ['R01080', 'C00299', 'C00121'], ['R08072', 'C00121', 'C16427'], ['R08072', 'C16427', 'C04083'], ['R08068', 'C04083', 'C00371'], ['R05702', 'C00371', 'C02029'], ['R08074', 'C02029', 'C16447'], ['R08071', 'C16447', 'C16445'], ['R08065', 'C16445', 'C16430'], ['R08055', 'C16430', 'C04713'], ['R04038', 'C04713', 'C00235']]<=====
=====> after trim_chrom:  长度是16---[['R01160', 'C00024', 'C02997'], ['R01160', 'C02997', 'C00135'], ['R12313', 'C00135', 'C06419'], ['R12341', 'C06419', 'C00170'], ['R03019', 'C00170', 'C00868'], ['R08700', 'C00868', 'C15811'], ['R08700', 'C15811', 'C15812'], ['R07461', 'C15812', 'C15814'], ['R10247', 'C15814', 'C15810'], ['R10247', 'C15810', 'C11437'], ['R05688', 'C11437', 'C11434'], ['R05633', 'C11434', 'C11435'], ['R05634', 'C11435', 'C11436'], ['R05637', 'C11436', 'C11453'], ['R08689', 'C11453', 'C11811'], ['R08210', 'C11811', 'C00235']]<=====
=====> after trim_chrom:  长度是11---[['R00238', 'C00024', 'C00332'], ['R01978', 'C00332', 'C00356'], ['R02085', 'C00356', 'C03231'], ['R04138', 'C03231', 'C03069'], ['R04096', 'C03069', 'C02939'], ['R10526', 'C02939', 'C00170'], ['R03726', 'C00170', 'C04083'], ['R08072', 'C04083', 'C16427'], ['R08069', 'C16427', 'C04713'], ['R08062', 'C04713', 'C16426'], ['R08052', 'C16426', 'C00235']]<=====
--This is the 15th chromsome---
-----Sampling Done-----
get_network_totalReactions -> original-rxn_list:
['R08091', 'R08090', 'R03493', 'R03494', 'R08098', 'R08097', 'R08086', 'R08398', 'R01658', 'R01123']
get_network_totalReactions -> original-cpd_list:
['C00024', 'C16466', 'C04675', 'C01291', 'C01920', 'C16465', 'C16461', 'C01499', 'C00341', 'C00129', 'C00235']
--- 0 expanding the path into a network
--- 1 expanding the path into a network
For this path,best_enzyme_pool:
['2.3.1.16', '4.1.3.4', '4.2.1.57', '6.4.1.5', '5.2.1.-', '2.8.3.-', '1.2.1.86', '2.5.1.1', '5.3.3.2']
Min-count: 11
开始代谢网络分支评估:
开始计算理论产率...
The current solver interface glpk doesn't support setting the optimality tolerance.
The current solver interface glpk doesn't support setting the optimality tolerance.
Compartment `e` sounds like an external compartment. Using this one without counting boundary reactions.
Compartment `e` sounds like an external compartment. Using this one without counting boundary reactions.
添加反应：R08091
添加反应：R08090
添加反应：R03493
添加反应：R03494
添加反应：R08098
添加反应：R08097
添加反应：R08086
添加反应：R08398
反应已存在：R01658 DMATT
反应已存在：R01123 IPDDI
最大生物量：15.802409638554229
理论产率 = 0.3950602409638557 mmol-Dgly/mmol-glc
Length: 10
Net_count: 5.8
Net_Tox: 2.9107758697782256
Network_yield: 0.3950602409638557
Gibbs: 6.705409947743718
Fitness: 3.5447190912152315

get_network_totalReactions -> original-rxn_list:
['R01978', 'R02081', 'R02245', 'R03245', 'R01121', 'R01658', 'R08393', 'R12672', 'R01659']
get_network_totalReactions -> original-cpd_list:
['C00024', 'C00356', 'C00418', 'C01107', 'C01143', 'C00129', 'C00341', 'C09871', 'C02569', 'C00235']
--- 0 expanding the path into a network
--- 1 expanding the path into a network
--- 2 expanding the path into a network
For this path,best_enzyme_pool:
['2.3.3.10', '1.1.1.88', '2.7.1.36', '2.7.4.2', '4.1.1.33', '2.5.1.1', '3.1.7.13', '2.5.1.28']
Min-count: 9
开始代谢网络分支评估:
开始计算理论产率...
The current solver interface glpk doesn't support setting the optimality tolerance.
The current solver interface glpk doesn't support setting the optimality tolerance.
Compartment `e` sounds like an external compartment. Using this one without counting boundary reactions.
Compartment `e` sounds like an external compartment. Using this one without counting boundary reactions.
添加反应：R01978
添加反应：R02081
添加反应：R02245 MEVK1
添加反应：R03245 PMEVK
添加反应：R01121 DPMVD
反应已存在：R01658 DMATT
添加反应：R08393
添加反应：R12672
添加反应：R01659
最大生物量：16.145864661654137
理论产率 = 0.8072932330827068 mmol-Dgly/mmol-glc
Length: 9
Net_count: 4.5
Net_Tox: 3.8512097608345104
Network_yield: 0.8072932330827068
Gibbs: 57.212202115700535
Fitness: 13.320494405382197

get_network_totalReactions -> original-rxn_list:
['R08091', 'R08090', 'R03493', 'R03494', 'R08098', 'R08097', 'R08086', 'R08398', 'R01658']
get_network_totalReactions -> original-cpd_list:
['C00024', 'C16466', 'C04675', 'C01291', 'C01920', 'C16465', 'C16461', 'C01499', 'C00341', 'C00235']
--- 0 expanding the path into a network
--- 1 expanding the path into a network
For this path,best_enzyme_pool:
['2.3.1.16', '4.1.3.4', '4.2.1.57', '6.4.1.5', '5.2.1.-', '2.8.3.-', '1.2.1.86', '2.5.1.1']
Min-count: 10
开始代谢网络分支评估:
开始计算理论产率...
The current solver interface glpk doesn't support setting the optimality tolerance.
The current solver interface glpk doesn't support setting the optimality tolerance.
Compartment `e` sounds like an external compartment. Using this one without counting boundary reactions.
Compartment `e` sounds like an external compartment. Using this one without counting boundary reactions.
添加反应：R08091
添加反应：R08090
添加反应：R03493
添加反应：R03494
添加反应：R08098
添加反应：R08097
添加反应：R08086
添加反应：R08398
反应已存在：R01658 DMATT
最大生物量：15.802409638554229
理论产率 = 0.3950602409638557 mmol-Dgly/mmol-glc
Length: 9
Net_count: 5.3
Net_Tox: 2.9107758697782256
Network_yield: 0.3950602409638557
Gibbs: 6.705409947743718
Fitness: 3.394719091215232

get_network_totalReactions -> original-rxn_list:
['R01360', 'R02082', 'R02245', 'R03245', 'R01121', 'R01123']
get_network_totalReactions -> original-cpd_list:
['C00024', 'C00356', 'C00418', 'C01107', 'C01143', 'C00129', 'C00235']
--- 0 expanding the path into a network
For this path,best_enzyme_pool:
['4.1.3.4', '1.1.1.34', '2.7.1.36', '2.7.4.2', '4.1.1.33', '5.3.3.2']
Min-count: 6
开始代谢网络分支评估:
开始计算理论产率...
The current solver interface glpk doesn't support setting the optimality tolerance.
The current solver interface glpk doesn't support setting the optimality tolerance.
Compartment `e` sounds like an external compartment. Using this one without counting boundary reactions.
Compartment `e` sounds like an external compartment. Using this one without counting boundary reactions.
添加反应：R01360
添加反应：R02082
添加反应：R02245 MEVK1
添加反应：R03245 PMEVK
添加反应：R01121 DPMVD
反应已存在：R01123 IPDDI
最大生物量：15.802409638554256
理论产率 = 0.7901204819277128 mmol-Dgly/mmol-glc
Length: 6
Net_count: 3.0
Net_Tox: 3.465567066518536
Network_yield: 0.7901204819277128
Gibbs: -14.88836180255976
Fitness: -1.6215950917865591

get_network_totalReactions -> original-rxn_list:
['R01360', 'R02081', 'R02245', 'R03245', 'R01121', 'R05884', 'R08210']
get_network_totalReactions -> original-cpd_list:
['C00024', 'C00356', 'C00418', 'C01107', 'C01143', 'C00129', 'C11811', 'C00235']
--- 0 expanding the path into a network
For this path,best_enzyme_pool:
['4.1.3.4', '1.1.1.88', '2.7.1.36', '2.7.4.2', '4.1.1.33', '1.17.7.4', '1.17.7.4']
Min-count: 7
开始代谢网络分支评估:
开始计算理论产率...
The current solver interface glpk doesn't support setting the optimality tolerance.
The current solver interface glpk doesn't support setting the optimality tolerance.
Compartment `e` sounds like an external compartment. Using this one without counting boundary reactions.
Compartment `e` sounds like an external compartment. Using this one without counting boundary reactions.
添加反应：R01360
添加反应：R02081
添加反应：R02245 MEVK1
添加反应：R03245 PMEVK
添加反应：R01121 DPMVD
添加反应：R05884
添加反应：R08210
最大生物量：15.802409638554233
理论产率 = 0.7901204819277117 mmol-Dgly/mmol-glc
Length: 7
Net_count: 3.5
Net_Tox: 1.7306909122535383
Network_yield: 0.7901204819277117
Gibbs: -14.88836180255976
Fitness: -1.8185703226395582

get_network_totalReactions -> original-rxn_list:
['R12566', 'R06584', 'R06578', 'R10709', 'R08782', 'R07267', 'R12638', 'R09633']
get_network_totalReactions -> original-cpd_list:
['C00024', 'C00406', 'C12203', 'C00021', 'C17570', 'C04145', 'C00129', 'C19760', 'C00235']
--- 0 expanding the path into a network
--- 1 expanding the path into a network
--- 2 expanding the path into a network
--- 3 expanding the path into a network
For this path,best_enzyme_pool:
['4.1.2.61', '2.1.1.104', '2.1.1.295', '2.5.1.117', '2.5.1.84', '2.5.1.92', '2.5.1.92']
Min-count: 13
开始代谢网络分支评估:
开始计算理论产率...
The current solver interface glpk doesn't support setting the optimality tolerance.
The current solver interface glpk doesn't support setting the optimality tolerance.
Compartment `e` sounds like an external compartment. Using this one without counting boundary reactions.
Compartment `e` sounds like an external compartment. Using this one without counting boundary reactions.
添加反应：R12566
添加反应：R06584
添加反应：R06578
添加反应：R10709
添加反应：R08782
添加反应：R07267
添加反应：R12638
添加反应：R09633
最大生物量：15.802409638554206
理论产率 = 0.23045180722891556 mmol-Dgly/mmol-glc
Length: 8
Net_count: 6.925
Net_Tox: 6.374526296943049
Network_yield: 0.23045180722891556
Gibbs: -13.365336312549871
Fitness: 0.6102024547099605

get_network_totalReactions -> original-rxn_list:
['R02058', 'R05199', 'R01266', 'R03421', 'R08707', 'R00417', 'R05032', 'R04519', 'R07269', 'R08747', 'R09249', 'R08746', 'R08528', 'R01658']
get_network_totalReactions -> original-cpd_list:
['C00024', 'C00357', 'C00140', 'C04540', 'C01239', 'C04375', 'C00043', 'C05898', 'C04574', 'C00129', 'C17432', 'C00448', 'C16826', 'C00341', 'C00235']
--- 0 expanding the path into a network
For this path,best_enzyme_pool:
['2.3.1.4', '2.7.1.193', '3.2.2.11', '3.5.1.26', '3.5.1.52', '2.4.1.94', '2.4.1.227', '2.4.1.129', '2.5.1.-', '2.5.1.-', '2.5.1.91', '2.5.1.68', '2.5.1.1']
Min-count: 21
开始代谢网络分支评估:
开始计算理论产率...
The current solver interface glpk doesn't support setting the optimality tolerance.
The current solver interface glpk doesn't support setting the optimality tolerance.
Compartment `e` sounds like an external compartment. Using this one without counting boundary reactions.
Compartment `e` sounds like an external compartment. Using this one without counting boundary reactions.
添加反应：R02058 ACGAM6PS
添加反应：R05199
添加反应：R01266
添加反应：R03421
添加反应：R08707
添加反应：R00417
反应已存在：R05032 UAGPT3
添加反应：R04519
添加反应：R07269
添加反应：R08747
添加反应：R09249 DPPS
添加反应：R08746
添加反应：R08528
反应已存在：R01658 DMATT
最大生物量：15.802409638554234
理论产率 = 0.7325075301204828 mmol-Dgly/mmol-glc
Length: 14
Net_count: 10.545833333333333
Net_Tox: 16.20910454894655
Network_yield: 0.7325075301204828
Gibbs: -15.285471224100029
Fitness: 3.1287244059331587

get_network_totalReactions -> original-rxn_list:
['R05672', 'R05673', 'R05674', 'R12264', 'R08004', 'R08003']
get_network_totalReactions -> original-cpd_list:
['C00024', 'C07028', 'C07029', 'C00021', 'C16417', 'C16416', 'C00235']
--- 0 expanding the path into a network
For this path,best_enzyme_pool:
['2.3.-.-', '2.-.-.-', '2.-.-.-', '2.1.1.339', '2.1.1.338']
Min-count: 6
开始代谢网络分支评估:
开始计算理论产率...
The current solver interface glpk doesn't support setting the optimality tolerance.
The current solver interface glpk doesn't support setting the optimality tolerance.
Compartment `e` sounds like an external compartment. Using this one without counting boundary reactions.
Compartment `e` sounds like an external compartment. Using this one without counting boundary reactions.
添加反应：R05672
添加反应：R05673
添加反应：R05674
添加反应：R12264
添加反应：R08004
添加反应：R08003
最大生物量：15.802409638554217
理论产率 = 0.7901204819277108 mmol-Dgly/mmol-glc
Length: 6
Net_count: 3.0
Net_Tox: 1.970341978721941
Network_yield: 0.7901204819277108
Gibbs: -5.662121167196629
Fitness: -0.07539198227325072

get_network_totalReactions -> original-rxn_list:
['R10343', 'R02084', 'R02081', 'R02245', 'R03245', 'R01121', 'R12638', 'R09633']
get_network_totalReactions -> original-cpd_list:
['C00024', 'C00091', 'C00356', 'C00418', 'C01107', 'C01143', 'C00129', 'C19760', 'C00235']
--- 0 expanding the path into a network
--- 1 expanding the path into a network
For this path,best_enzyme_pool:
['2.8.3.18', '2.8.3.13', '1.1.1.88', '2.7.1.36', '2.7.4.2', '4.1.1.33', '2.5.1.92', '2.5.1.92']
Min-count: 9
开始代谢网络分支评估:
开始计算理论产率...
The current solver interface glpk doesn't support setting the optimality tolerance.
The current solver interface glpk doesn't support setting the optimality tolerance.
Compartment `e` sounds like an external compartment. Using this one without counting boundary reactions.
Compartment `e` sounds like an external compartment. Using this one without counting boundary reactions.
添加反应：R10343 SUCOAACTr
添加反应：R02084
添加反应：R02081
添加反应：R02245 MEVK1
添加反应：R03245 PMEVK
添加反应：R01121 DPMVD
添加反应：R12638
添加反应：R09633
最大生物量：15.802409638554249
理论产率 = 0.7901204819277124 mmol-Dgly/mmol-glc
Length: 8
Net_count: 4.5
Net_Tox: 3.8564167729571164
Network_yield: 0.7901204819277124
Gibbs: -8.279824927710749
Fitness: 0.22828222447095925

get_network_totalReactions -> original-rxn_list:
['R08091', 'R08090', 'R03493', 'R03494', 'R08089', 'R08088', 'R08087', 'R08399', 'R01658']
get_network_totalReactions -> original-cpd_list:
['C00024', 'C16466', 'C04675', 'C01291', 'C01920', 'C16464', 'C16462', 'C09848', 'C00341', 'C00235']
--- 0 expanding the path into a network
--- 1 expanding the path into a network
For this path,best_enzyme_pool:
['2.3.1.16', '4.1.3.4', '4.2.1.57', '6.4.1.5', '1.3.99.-', '6.2.1.-', '1.2.1.-', '2.5.1.1']
Min-count: 11
开始代谢网络分支评估:
开始计算理论产率...
The current solver interface glpk doesn't support setting the optimality tolerance.
The current solver interface glpk doesn't support setting the optimality tolerance.
Compartment `e` sounds like an external compartment. Using this one without counting boundary reactions.
Compartment `e` sounds like an external compartment. Using this one without counting boundary reactions.
添加反应：R08091
添加反应：R08090
添加反应：R03493
添加反应：R03494
添加反应：R08089
添加反应：R08088
添加反应：R08087
添加反应：R08399
反应已存在：R01658 DMATT
最大生物量：15.802409638554229
理论产率 = 0.3386230636833049 mmol-Dgly/mmol-glc
Length: 9
Net_count: 5.8428571428571425
Net_Tox: 2.9107758697782256
Network_yield: 0.3386230636833049
Gibbs: 40.08815443388471
Fitness: 10.251056284484738

get_network_totalReactions -> original-rxn_list:
['R08767', 'R10529', 'R01402', 'R12621', 'R10646', 'R01122']
get_network_totalReactions -> original-cpd_list:
['C00024', 'C00223', 'C00170', 'C00147', 'C05198', 'C04432', 'C00235']
--- 0 expanding the path into a network
For this path,best_enzyme_pool:
['2.3.1.229', '2.4.2.28', '3.2.2.9', '2.8.4.3', '2.5.1.75']
Min-count: 9
开始代谢网络分支评估:
开始计算理论产率...
The current solver interface glpk doesn't support setting the optimality tolerance.
The current solver interface glpk doesn't support setting the optimality tolerance.
Compartment `e` sounds like an external compartment. Using this one without counting boundary reactions.
Compartment `e` sounds like an external compartment. Using this one without counting boundary reactions.
添加反应：R08767 4HBZCOAFm
添加反应：R10529
添加反应：R01402 MTAP
添加反应：R12621
添加反应：R10646
添加反应：R01122
最大生物量：15.802409638554266
理论产率 = 0.559668674698797 mmol-Dgly/mmol-glc
Length: 6
Net_count: 4.675
Net_Tox: 2.504775703299889
Network_yield: 0.559668674698797
Gibbs: -17.530729614047186
Fitness: -1.7705913845590988

get_network_totalReactions -> original-rxn_list:
['R00391', 'R01780', 'R00410', 'R01365', 'R05735', 'R08207', 'R08997', 'R08996']
get_network_totalReactions -> original-cpd_list:
['C00024', 'C00264', 'C00091', 'C00332', 'C00164', 'C00207', 'C09276', 'C18083', 'C00235']
--- 0 expanding the path into a network
For this path,best_enzyme_pool:
['2.3.1.16', '2.8.3.5', '2.8.3.5', '2.8.3.9', '6.4.1.6', '1.14.14.141', '1.14.14.66', '2.5.1.139']
Min-count: 12
开始代谢网络分支评估:
开始计算理论产率...
The current solver interface glpk doesn't support setting the optimality tolerance.
The current solver interface glpk doesn't support setting the optimality tolerance.
Compartment `e` sounds like an external compartment. Using this one without counting boundary reactions.
Compartment `e` sounds like an external compartment. Using this one without counting boundary reactions.
添加反应：R00391 KATp
添加反应：R01780
添加反应：R00410 OCOAT1
添加反应：R01365
添加反应：R05735
添加反应：R08207
添加反应：R08997
添加反应：R08996
最大生物量：15.802409638554224
理论产率 = 0.21947791164658645 mmol-Dgly/mmol-glc
Length: 8
Net_count: 6.433333333333334
Net_Tox: 3.320129524364682
Network_yield: 0.21947791164658645
Gibbs: -1.9962449115510381
Fitness: 2.128933549068753

get_network_totalReactions -> original-rxn_list:
['R08767', 'R10529', 'R01402', 'R05708', 'R08072', 'R08069', 'R08062', 'R08052']
get_network_totalReactions -> original-cpd_list:
['C00024', 'C00223', 'C00170', 'C00147', 'C04083', 'C16427', 'C04713', 'C16426', 'C00235']
--- 0 expanding the path into a network
For this path,best_enzyme_pool:
['2.3.1.229', '2.4.2.28', '1.5.99.12', '2.5.1.112']
Min-count: 8
开始代谢网络分支评估:
开始计算理论产率...
The current solver interface glpk doesn't support setting the optimality tolerance.
The current solver interface glpk doesn't support setting the optimality tolerance.
Compartment `e` sounds like an external compartment. Using this one without counting boundary reactions.
Compartment `e` sounds like an external compartment. Using this one without counting boundary reactions.
添加反应：R08767 4HBZCOAFm
添加反应：R10529
添加反应：R01402 MTAP
添加反应：R05708
添加反应：R08072
添加反应：R08069
添加反应：R08062
添加反应：R08052
最大生物量：15.802409638554352
理论产率 = 0.7901204819277176 mmol-Dgly/mmol-glc
Length: 8
Net_count: 4.0
Net_Tox: 3.223780235018351
Network_yield: 0.7901204819277176
Gibbs: -13.24725836692624
Fitness: -1.0417317709598932

get_network_totalReactions -> original-rxn_list:
['R12841', 'R08378', 'R02874', 'R02872', 'R00702', 'R09247', 'R05612', 'R09245', 'R01123']
get_network_totalReactions -> original-cpd_list:
['C00024', 'C08797', 'C01054', 'C00751', 'C03428', 'C00448', 'C04216', 'C01230', 'C00129', 'C00235']
--- 0 expanding the path into a network
--- 1 expanding the path into a network
--- 2 expanding the path into a network
--- 3 expanding the path into a network
--- 4 expanding the path into a network
--- 5 expanding the path into a network
For this path,best_enzyme_pool:
['2.3.1.-', '1.14.14.17', '1.3.1.96', '2.5.1.103', '2.5.1.30', '2.5.1.-', '2.5.1.83', '5.3.3.2']
Min-count: 19
开始代谢网络分支评估:
开始计算理论产率...
The current solver interface glpk doesn't support setting the optimality tolerance.
The current solver interface glpk doesn't support setting the optimality tolerance.
Compartment `e` sounds like an external compartment. Using this one without counting boundary reactions.
Compartment `e` sounds like an external compartment. Using this one without counting boundary reactions.
添加反应：R12841
添加反应：R08378
添加反应：R02874 SMO
添加反应：R02872 SS
添加反应：R00702 PSPPS
添加反应：R09247
添加反应：R05612 HEXTT
添加反应：R09245
反应已存在：R01123 IPDDI
最大生物量：15.80240963855422
理论产率 = 0.27160391566265063 mmol-Dgly/mmol-glc
Length: 9
Net_count: 9.908055555555556
Net_Tox: 17.117087423764026
Network_yield: 0.27160391566265063
Gibbs: -11.152134755911081
Fitness: 4.08392602553846

get_network_totalReactions -> original-rxn_list:
['R00238', 'R01978', 'R02085', 'R04138', 'R04096', 'R10526', 'R03726', 'R08072', 'R08069', 'R08062', 'R08052']
get_network_totalReactions -> original-cpd_list:
['C00024', 'C00332', 'C00356', 'C03231', 'C03069', 'C02939', 'C00170', 'C04083', 'C16427', 'C04713', 'C16426', 'C00235']
--- 0 expanding the path into a network
--- 1 expanding the path into a network
For this path,best_enzyme_pool:
['2.3.1.9', '2.3.3.10', '4.2.1.18', '6.4.1.4', '1.3.8.4', '2.3.1.228', '2.5.1.24', '2.5.1.112']
Min-count: 12
开始代谢网络分支评估:
开始计算理论产率...
The current solver interface glpk doesn't support setting the optimality tolerance.
The current solver interface glpk doesn't support setting the optimality tolerance.
Compartment `e` sounds like an external compartment. Using this one without counting boundary reactions.
Compartment `e` sounds like an external compartment. Using this one without counting boundary reactions.
反应已存在：R00238 ACACT1r
添加反应：R01978
添加反应：R02085
添加反应：R04138 MCCC
添加反应：R04096
添加反应：R10526
添加反应：R03726
添加反应：R08072
添加反应：R08069
添加反应：R08062
添加反应：R08052
最大生物量：15.802409638554227
理论产率 = 0.7571987951807234 mmol-Dgly/mmol-glc
Length: 11
Net_count: 6.025
Net_Tox: 3.025962347436307
Network_yield: 0.7571987951807234
Gibbs: -2.097230552327508
Fitness: 1.7660867204675428

----- Generation 1 -----
get_network_totalReactions -> original-rxn_list:
['R08091', 'R08090', 'R03493', 'R03494', 'R08098', 'R08097', 'R08086', 'R08398', 'R01658', 'R01123']
get_network_totalReactions -> original-cpd_list:
['C00024', 'C16466', 'C04675', 'C01291', 'C01920', 'C16465', 'C16461', 'C01499', 'C00341', 'C00129', 'C00235']
--- 0 expanding the path into a network
--- 1 expanding the path into a network
For this path,best_enzyme_pool:
['2.3.1.16', '4.1.3.4', '4.2.1.57', '6.4.1.5', '5.2.1.-', '2.8.3.-', '1.2.1.86', '2.5.1.1', '5.3.3.2']
Min-count: 11
开始代谢网络分支评估:
开始计算理论产率...
The current solver interface glpk doesn't support setting the optimality tolerance.
The current solver interface glpk doesn't support setting the optimality tolerance.
Compartment `e` sounds like an external compartment. Using this one without counting boundary reactions.
Compartment `e` sounds like an external compartment. Using this one without counting boundary reactions.
添加反应：R08091
添加反应：R08090
添加反应：R03493
添加反应：R03494
添加反应：R08098
添加反应：R08097
添加反应：R08086
添加反应：R08398
反应已存在：R01658 DMATT
反应已存在：R01123 IPDDI
最大生物量：15.802409638554229
理论产率 = 0.3950602409638557 mmol-Dgly/mmol-glc
Length: 10
Net_count: 5.8
Net_Tox: 2.9107758697782256
Network_yield: 0.3950602409638557
Gibbs: 6.705409947743718
Fitness: 3.5447190912152315

get_network_totalReactions -> original-rxn_list:
['R01978', 'R02081', 'R02245', 'R03245', 'R01121', 'R01658', 'R08393', 'R12672', 'R01659']
get_network_totalReactions -> original-cpd_list:
['C00024', 'C00356', 'C00418', 'C01107', 'C01143', 'C00129', 'C00341', 'C09871', 'C02569', 'C00235']
--- 0 expanding the path into a network
--- 1 expanding the path into a network
--- 2 expanding the path into a network
For this path,best_enzyme_pool:
['2.3.3.10', '1.1.1.88', '2.7.1.36', '2.7.4.2', '4.1.1.33', '2.5.1.1', '3.1.7.13', '2.5.1.28']
Min-count: 9
开始代谢网络分支评估:
开始计算理论产率...
The current solver interface glpk doesn't support setting the optimality tolerance.
The current solver interface glpk doesn't support setting the optimality tolerance.
Compartment `e` sounds like an external compartment. Using this one without counting boundary reactions.
Compartment `e` sounds like an external compartment. Using this one without counting boundary reactions.
添加反应：R01978
添加反应：R02081
添加反应：R02245 MEVK1
添加反应：R03245 PMEVK
添加反应：R01121 DPMVD
反应已存在：R01658 DMATT
添加反应：R08393
添加反应：R12672
添加反应：R01659
最大生物量：16.145864661654137
理论产率 = 0.8072932330827068 mmol-Dgly/mmol-glc
Length: 9
Net_count: 4.5
Net_Tox: 3.8512097608345104
Network_yield: 0.8072932330827068
Gibbs: 57.212202115700535
Fitness: 13.320494405382197

=====> after trim_chrom:  长度是3---[['R01121', 'C01143', 'C00129'], ['R05884', 'C00129', 'C11811'], ['R08210', 'C11811', 'C00235']]<=====
get_network_totalReactions -> original-rxn_list:
['R08091', 'R08090', 'R03493', 'R03494', 'R08098', 'R08097', 'R08086', 'R08398', 'R01658']
get_network_totalReactions -> original-cpd_list:
['C00024', 'C16466', 'C04675', 'C01291', 'C01920', 'C16465', 'C16461', 'C01499', 'C00341', 'C00235']
--- 0 expanding the path into a network
--- 1 expanding the path into a network
For this path,best_enzyme_pool:
['2.3.1.16', '4.1.3.4', '4.2.1.57', '6.4.1.5', '5.2.1.-', '2.8.3.-', '1.2.1.86', '2.5.1.1']
Min-count: 10
开始代谢网络分支评估:
开始计算理论产率...
The current solver interface glpk doesn't support setting the optimality tolerance.
The current solver interface glpk doesn't support setting the optimality tolerance.
Compartment `e` sounds like an external compartment. Using this one without counting boundary reactions.
Compartment `e` sounds like an external compartment. Using this one without counting boundary reactions.
添加反应：R08091
添加反应：R08090
添加反应：R03493
添加反应：R03494
添加反应：R08098
添加反应：R08097
添加反应：R08086
添加反应：R08398
反应已存在：R01658 DMATT
最大生物量：15.802409638554229
理论产率 = 0.3950602409638557 mmol-Dgly/mmol-glc
Length: 9
Net_count: 5.3
Net_Tox: 2.9107758697782256
Network_yield: 0.3950602409638557
Gibbs: 6.705409947743718
Fitness: 3.394719091215232

=====> after trim_chrom:  长度是6---[['R03581', 'C01499', 'C01500'], ['R09708', 'C01500', 'C11389'], ['R09922', 'C11389', 'C04433'], ['R09923', 'C04433', 'C11388'], ['R07632', 'C11388', 'C00341'], ['R01658', 'C00341', 'C00235']]<=====
get_network_totalReactions -> original-rxn_list:
['R01360', 'R02082', 'R02245', 'R03245', 'R01121', 'R01123']
get_network_totalReactions -> original-cpd_list:
['C00024', 'C00356', 'C00418', 'C01107', 'C01143', 'C00129', 'C00235']
--- 0 expanding the path into a network
For this path,best_enzyme_pool:
['4.1.3.4', '1.1.1.34', '2.7.1.36', '2.7.4.2', '4.1.1.33', '5.3.3.2']
Min-count: 6
开始代谢网络分支评估:
开始计算理论产率...
The current solver interface glpk doesn't support setting the optimality tolerance.
The current solver interface glpk doesn't support setting the optimality tolerance.
Compartment `e` sounds like an external compartment. Using this one without counting boundary reactions.
Compartment `e` sounds like an external compartment. Using this one without counting boundary reactions.
添加反应：R01360
添加反应：R02082
添加反应：R02245 MEVK1
添加反应：R03245 PMEVK
添加反应：R01121 DPMVD
反应已存在：R01123 IPDDI
最大生物量：15.802409638554256
理论产率 = 0.7901204819277128 mmol-Dgly/mmol-glc
Length: 6
Net_count: 3.0
Net_Tox: 3.465567066518536
Network_yield: 0.7901204819277128
Gibbs: -14.88836180255976
Fitness: -1.6215950917865591

=====> after trim_chrom:  长度是6---[['R02081', 'C00356', 'C00418'], ['R02245', 'C00418', 'C01107'], ['R03245', 'C01107', 'C01143'], ['R01121', 'C01143', 'C00129'], ['R05884', 'C00129', 'C11811'], ['R08210', 'C11811', 'C00235']]<=====
get_network_totalReactions -> original-rxn_list:
['R01360', 'R02081', 'R02245', 'R03245', 'R01121', 'R05884', 'R08210']
get_network_totalReactions -> original-cpd_list:
['C00024', 'C00356', 'C00418', 'C01107', 'C01143', 'C00129', 'C11811', 'C00235']
--- 0 expanding the path into a network
For this path,best_enzyme_pool:
['4.1.3.4', '1.1.1.88', '2.7.1.36', '2.7.4.2', '4.1.1.33', '1.17.7.4', '1.17.7.4']
Min-count: 7
开始代谢网络分支评估:
开始计算理论产率...
The current solver interface glpk doesn't support setting the optimality tolerance.
The current solver interface glpk doesn't support setting the optimality tolerance.
Compartment `e` sounds like an external compartment. Using this one without counting boundary reactions.
Compartment `e` sounds like an external compartment. Using this one without counting boundary reactions.
添加反应：R01360
添加反应：R02081
添加反应：R02245 MEVK1
添加反应：R03245 PMEVK
添加反应：R01121 DPMVD
添加反应：R05884
添加反应：R08210
最大生物量：15.802409638554233
理论产率 = 0.7901204819277117 mmol-Dgly/mmol-glc
Length: 7
Net_count: 3.5
Net_Tox: 1.7306909122535383
Network_yield: 0.7901204819277117
Gibbs: -14.88836180255976
Fitness: -1.8185703226395582

Warning: worst_frog not found in chrom_list
get_network_totalReactions -> original-rxn_list:
['R12566', 'R06584', 'R06578', 'R10709', 'R08782', 'R07267', 'R12638', 'R09633']
get_network_totalReactions -> original-cpd_list:
['C00024', 'C00406', 'C12203', 'C00021', 'C17570', 'C04145', 'C00129', 'C19760', 'C00235']
--- 0 expanding the path into a network
--- 1 expanding the path into a network
--- 2 expanding the path into a network
--- 3 expanding the path into a network
For this path,best_enzyme_pool:
['4.1.2.61', '2.1.1.104', '2.1.1.295', '2.5.1.117', '2.5.1.84', '2.5.1.92', '2.5.1.92']
Min-count: 13
开始代谢网络分支评估:
开始计算理论产率...
The current solver interface glpk doesn't support setting the optimality tolerance.
The current solver interface glpk doesn't support setting the optimality tolerance.
Compartment `e` sounds like an external compartment. Using this one without counting boundary reactions.
Compartment `e` sounds like an external compartment. Using this one without counting boundary reactions.
添加反应：R12566
添加反应：R06584
添加反应：R06578
添加反应：R10709
添加反应：R08782
添加反应：R07267
添加反应：R12638
添加反应：R09633
最大生物量：15.802409638554206
理论产率 = 0.42798192771084315 mmol-Dgly/mmol-glc
Length: 8
Net_count: 6.775
Net_Tox: 6.374526296943049
Network_yield: 0.42798192771084315
Gibbs: -13.365336312549871
Fitness: 0.505943418565383

get_network_totalReactions -> original-rxn_list:
['R02058', 'R05199', 'R01266', 'R03421', 'R08707', 'R00417', 'R05032', 'R04519', 'R07269', 'R08747', 'R09249', 'R08746', 'R08528', 'R01658']
get_network_totalReactions -> original-cpd_list:
['C00024', 'C00357', 'C00140', 'C04540', 'C01239', 'C04375', 'C00043', 'C05898', 'C04574', 'C00129', 'C17432', 'C00448', 'C16826', 'C00341', 'C00235']
--- 0 expanding the path into a network
For this path,best_enzyme_pool:
['2.3.1.4', '2.7.1.193', '3.2.2.11', '3.5.1.26', '3.5.1.52', '2.4.1.94', '2.4.1.227', '2.4.1.129', '2.5.1.-', '2.5.1.-', '2.5.1.91', '2.5.1.68', '2.5.1.1']
Min-count: 21
开始代谢网络分支评估:
开始计算理论产率...
The current solver interface glpk doesn't support setting the optimality tolerance.
The current solver interface glpk doesn't support setting the optimality tolerance.
Compartment `e` sounds like an external compartment. Using this one without counting boundary reactions.
Compartment `e` sounds like an external compartment. Using this one without counting boundary reactions.
添加反应：R02058 ACGAM6PS
添加反应：R05199
添加反应：R01266
添加反应：R03421
添加反应：R08707
添加反应：R00417
反应已存在：R05032 UAGPT3
添加反应：R04519
添加反应：R07269
添加反应：R08747
添加反应：R09249 DPPS
添加反应：R08746
添加反应：R08528
反应已存在：R01658 DMATT
最大生物量：15.802409638554234
理论产率 = 0.7325075301204828 mmol-Dgly/mmol-glc
Length: 14
Net_count: 10.545833333333333
Net_Tox: 16.20910454894655
Network_yield: 0.7325075301204828
Gibbs: -15.285471224100029
Fitness: 3.1287244059331587

=====> after trim_chrom:  长度是8---[['R00417', 'C04375', 'C00043'], ['R08856', 'C00043', 'C01289'], ['R08856', 'C01289', 'C17556'], ['R05627', 'C17556', 'C04574'], ['R06447', 'C04574', 'C00448'], ['R05556', 'C00448', 'C05859'], ['R05556', 'C05859', 'C00129'], ['R01123', 'C00129', 'C00235']]<=====
=====> after trim_chrom:  长度是17---[['R00417', 'C04375', 'C00043'], ['R05327', 'C00043', 'C00518'], ['R05327', 'C00518', 'C00167'], ['R01384', 'C00167', 'C00190'], ['R01473', 'C00190', 'C00935'], ['R02636', 'C00935', 'C00617'], ['R04343', 'C00617', 'C00470'], ['R02361', 'C00470', 'C06118'], ['R04382', 'C06118', 'C04053'], ['R04383', 'C04053', 'C04349'], ['R01542', 'C04349', 'C00204'], ['R01541', 'C00204', 'C04442'], ['R05605', 'C04442', 'C00118'], ['R02722', 'C00118', 'C03506'], ['R02722', 'C03506', 'C00078'], ['R09638', 'C00078', 'C19767'], ['R09638', 'C19767', 'C00235']]<=====
=====> after trim_chrom:  长度是21---[['R00417', 'C04375', 'C00043'], ['R01007', 'C00043', 'C04500'], ['R04494', 'C04500', 'C04537'], ['R04331', 'C04537', 'C04615'], ['R04331', 'C04615', 'C00096'], ['R08858', 'C00096', 'C04724'], ['R08858', 'C04724', 'C17959'], ['R08857', 'C17959', 'C03319'], ['R10955', 'C03319', 'C00363'], ['R02094', 'C00363', 'C00364'], ['R01571', 'C00364', 'C00214'], ['R01570', 'C00214', 'C00178'], ['R09937', 'C00178', 'C00061'], ['R07664', 'C00061', 'C02137'], ['R01764', 'C02137', 'C00261'], ['R01419', 'C00261', 'C00180'], ['R01295', 'C00180', 'C00156'], ['R07273', 'C00156', 'C03885'], ['R07273', 'C03885', 'C04145'], ['R09250', 'C04145', 'C00129'], ['R01123', 'C00129', 'C00235']]<=====
=====> after trim_chrom:  长度是8---[['R00417', 'C04375', 'C00043'], ['R05662', 'C00043', 'C05893'], ['R06178', 'C05893', 'C11826'], ['R06178', 'C11826', 'C04574'], ['R06447', 'C04574', 'C00129'], ['R12638', 'C00129', 'C19760'], ['R12638', 'C19760', 'C02569'], ['R01659', 'C02569', 'C00235']]<=====
=====> after trim_chrom:  长度是15---[['R08707', 'C04375', 'C01239'], ['R03421', 'C01239', 'C04540'], ['R01266', 'C04540', 'C00140'], ['R01200', 'C00140', 'C00329'], ['R01961', 'C00329', 'C00352'], ['R00765', 'C00352', 'C00085'], ['R00762', 'C00085', 'C00354'], ['R01068', 'C00354', 'C00111'], ['R05679', 'C00111', 'C00623'], ['R04158', 'C00623', 'C04590'], ['R04158', 'C04590', 'C00353'], ['R09251', 'C00353', 'C04145'], ['R09250', 'C04145', 'C00129'], ['R05884', 'C00129', 'C11811'], ['R08210', 'C11811', 'C00235']]<=====
=====> after trim_chrom:  长度是17---[['R00417', 'C04375', 'C03021'], ['R04216', 'C03021', 'C11572'], ['R04216', 'C11572', 'C04213'], ['R04272', 'C04213', 'C00110'], ['R03356', 'C00110', 'C01191'], ['R01472', 'C01191', 'C00190'], ['R02119', 'C00190', 'C03300'], ['R02119', 'C03300', 'C00371'], ['R05702', 'C00371', 'C02029'], ['R08074', 'C02029', 'C16447'], ['R08071', 'C16447', 'C16445'], ['R08065', 'C16445', 'C16430'], ['R08064', 'C16430', 'C16429'], ['R08063', 'C16429', 'C16428'], ['R08053', 'C16428', 'C16424'], ['R08061', 'C16424', 'C16426'], ['R08052', 'C16426', 'C00235']]<=====
=====> after trim_chrom:  长度是15---[['R00417', 'C04375', 'C00043'], ['R05662', 'C00043', 'C05893'], ['R06178', 'C05893', 'C11826'], ['R06178', 'C11826', 'C04574'], ['R06447', 'C04574', 'C00448'], ['R05555', 'C00448', 'C11356'], ['R08748', 'C11356', 'C17435'], ['R08749', 'C17435', 'C17434'], ['R08750', 'C17434', 'C17436'], ['R08751', 'C17436', 'C17437'], ['R08751', 'C17437', 'C00129'], ['R01659', 'C00129', 'C02569'], ['R12672', 'C02569', 'C09871'], ['R08393', 'C09871', 'C00341'], ['R01658', 'C00341', 'C00235']]<=====
=====> after trim_chrom:  长度是11---[['R08707', 'C04375', 'C01239'], ['R03421', 'C01239', 'C04540'], ['R01266', 'C04540', 'C00140'], ['R01206', 'C00140', 'C00461'], ['R02335', 'C00461', 'C00043'], ['R08856', 'C00043', 'C01289'], ['R08856', 'C01289', 'C17556'], ['R05627', 'C17556', 'C04574'], ['R06447', 'C04574', 'C00129'], ['R05884', 'C00129', 'C11811'], ['R08210', 'C11811', 'C00235']]<=====
=====> after trim_chrom:  长度是18---[['R00417', 'C04375', 'C03021'], ['R04216', 'C03021', 'C11572'], ['R04216', 'C11572', 'C04213'], ['R04272', 'C04213', 'C00110'], ['R01328', 'C00110', 'C03862'], ['R01009', 'C03862', 'C00096'], ['R09734', 'C00096', 'C19857'], ['R09760', 'C19857', 'C19870'], ['R09760', 'C19870', 'C00074'], ['R01012', 'C00074', 'C00022'], ['R00216', 'C00022', 'C00149'], ['R01257', 'C00149', 'C00036'], ['R00355', 'C00036', 'C00026'], ['R07396', 'C00026', 'C01180'], ['R12055', 'C01180', 'C00331'], ['R12055', 'C00331', 'C00078'], ['R09638', 'C00078', 'C19767'], ['R09638', 'C19767', 'C00235']]<=====
=====> after trim_chrom:  长度是13---[['R00417', 'C04375', 'C03021'], ['R05976', 'C03021', 'C00621'], ['R01004', 'C00621', 'C00110'], ['R01472', 'C00110', 'C01191'], ['R01472', 'C01191', 'C00190'], ['R02119', 'C00190', 'C03300'], ['R02119', 'C03300', 'C00371'], ['R05702', 'C00371', 'C02029'], ['R08074', 'C02029', 'C16447'], ['R08071', 'C16447', 'C16445'], ['R08065', 'C16445', 'C16430'], ['R08055', 'C16430', 'C04713'], ['R04038', 'C04713', 'C00235']]<=====
=====> after trim_chrom:  长度是6---[['R00417', 'C04375', 'C00043'], ['R05032', 'C00043', 'C05898'], ['R04519', 'C05898', 'C04574'], ['R06447', 'C04574', 'C00129'], ['R01659', 'C00129', 'C02569'], ['R01659', 'C02569', 'C00235']]<=====
=====> after trim_chrom:  长度是14---[['R08707', 'C04375', 'C01239'], ['R03421', 'C01239', 'C04540'], ['R01266', 'C04540', 'C00152'], ['R00578', 'C00152', 'C00049'], ['R01954', 'C00049', 'C03406'], ['R01086', 'C03406', 'C00062'], ['R03646', 'C00062', 'C02163'], ['R00167', 'C02163', 'C00613'], ['R12788', 'C00613', 'C00021'], ['R09940', 'C00021', 'C00341'], ['R09250', 'C00341', 'C04145'], ['R07267', 'C04145', 'C00129'], ['R05884', 'C00129', 'C11811'], ['R08210', 'C11811', 'C00235']]<=====
get_network_totalReactions -> original-rxn_list:
['R05672', 'R05673', 'R05674', 'R12264', 'R08004', 'R08003']
get_network_totalReactions -> original-cpd_list:
['C00024', 'C07028', 'C07029', 'C00021', 'C16417', 'C16416', 'C00235']
--- 0 expanding the path into a network
For this path,best_enzyme_pool:
['2.3.-.-', '2.-.-.-', '2.-.-.-', '2.1.1.339', '2.1.1.338']
Min-count: 6
开始代谢网络分支评估:
开始计算理论产率...
The current solver interface glpk doesn't support setting the optimality tolerance.
The current solver interface glpk doesn't support setting the optimality tolerance.
Compartment `e` sounds like an external compartment. Using this one without counting boundary reactions.
Compartment `e` sounds like an external compartment. Using this one without counting boundary reactions.
添加反应：R05672
添加反应：R05673
添加反应：R05674
添加反应：R12264
添加反应：R08004
添加反应：R08003
最大生物量：15.802409638554217
理论产率 = 0.7901204819277108 mmol-Dgly/mmol-glc
Length: 6
Net_count: 3.0
Net_Tox: 1.970341978721941
Network_yield: 0.7901204819277108
Gibbs: -5.662121167196629
Fitness: -0.07539198227325072

get_network_totalReactions -> original-rxn_list:
['R10343', 'R02084', 'R02081', 'R02245', 'R03245', 'R01121', 'R12638', 'R09633']
get_network_totalReactions -> original-cpd_list:
['C00024', 'C00091', 'C00356', 'C00418', 'C01107', 'C01143', 'C00129', 'C19760', 'C00235']
--- 0 expanding the path into a network
--- 1 expanding the path into a network
For this path,best_enzyme_pool:
['2.8.3.18', '2.8.3.13', '1.1.1.88', '2.7.1.36', '2.7.4.2', '4.1.1.33', '2.5.1.92', '2.5.1.92']
Min-count: 9
开始代谢网络分支评估:
开始计算理论产率...
The current solver interface glpk doesn't support setting the optimality tolerance.
The current solver interface glpk doesn't support setting the optimality tolerance.
Compartment `e` sounds like an external compartment. Using this one without counting boundary reactions.
Compartment `e` sounds like an external compartment. Using this one without counting boundary reactions.
添加反应：R10343 SUCOAACTr
添加反应：R02084
添加反应：R02081
添加反应：R02245 MEVK1
添加反应：R03245 PMEVK
添加反应：R01121 DPMVD
添加反应：R12638
添加反应：R09633
最大生物量：15.802409638554249
理论产率 = 0.7901204819277124 mmol-Dgly/mmol-glc
Length: 8
Net_count: 4.5
Net_Tox: 3.8564167729571164
Network_yield: 0.7901204819277124
Gibbs: -8.279824927710749
Fitness: 0.22828222447095925

get_network_totalReactions -> original-rxn_list:
['R08091', 'R08090', 'R03493', 'R03494', 'R08089', 'R08088', 'R08087', 'R08399', 'R01658']
get_network_totalReactions -> original-cpd_list:
['C00024', 'C16466', 'C04675', 'C01291', 'C01920', 'C16464', 'C16462', 'C09848', 'C00341', 'C00235']
--- 0 expanding the path into a network
--- 1 expanding the path into a network
For this path,best_enzyme_pool:
['2.3.1.16', '4.1.3.4', '4.2.1.57', '6.4.1.5', '1.3.99.-', '6.2.1.-', '1.2.1.-', '2.5.1.1']
Min-count: 11
开始代谢网络分支评估:
开始计算理论产率...
The current solver interface glpk doesn't support setting the optimality tolerance.
The current solver interface glpk doesn't support setting the optimality tolerance.
Compartment `e` sounds like an external compartment. Using this one without counting boundary reactions.
Compartment `e` sounds like an external compartment. Using this one without counting boundary reactions.
添加反应：R08091
添加反应：R08090
添加反应：R03493
添加反应：R03494
添加反应：R08089
添加反应：R08088
添加反应：R08087
添加反应：R08399
反应已存在：R01658 DMATT
最大生物量：15.802409638554229
理论产率 = 0.3386230636833049 mmol-Dgly/mmol-glc
Length: 9
Net_count: 5.8428571428571425
Net_Tox: 2.9107758697782256
Network_yield: 0.3386230636833049
Gibbs: 40.08815443388471
Fitness: 10.251056284484738

get_network_totalReactions -> original-rxn_list:
['R08767', 'R10529', 'R01402', 'R12621', 'R10646', 'R01122']
get_network_totalReactions -> original-cpd_list:
['C00024', 'C00223', 'C00170', 'C00147', 'C05198', 'C04432', 'C00235']
--- 0 expanding the path into a network
For this path,best_enzyme_pool:
['2.3.1.229', '2.4.2.28', '3.2.2.9', '2.8.4.3', '2.5.1.75']
Min-count: 9
开始代谢网络分支评估:
开始计算理论产率...
The current solver interface glpk doesn't support setting the optimality tolerance.
The current solver interface glpk doesn't support setting the optimality tolerance.
Compartment `e` sounds like an external compartment. Using this one without counting boundary reactions.
Compartment `e` sounds like an external compartment. Using this one without counting boundary reactions.
添加反应：R08767 4HBZCOAFm
添加反应：R10529
添加反应：R01402 MTAP
添加反应：R12621
添加反应：R10646
添加反应：R01122
最大生物量：15.802409638554266
理论产率 = 0.559668674698797 mmol-Dgly/mmol-glc
Length: 6
Net_count: 4.675
Net_Tox: 2.504775703299889
Network_yield: 0.559668674698797
Gibbs: -17.530729614047186
Fitness: -1.7705913845590988

get_network_totalReactions -> original-rxn_list:
['R00391', 'R01780', 'R00410', 'R01365', 'R05735', 'R08207', 'R08997', 'R08996']
get_network_totalReactions -> original-cpd_list:
['C00024', 'C00264', 'C00091', 'C00332', 'C00164', 'C00207', 'C09276', 'C18083', 'C00235']
--- 0 expanding the path into a network
For this path,best_enzyme_pool:
['2.3.1.16', '2.8.3.5', '2.8.3.5', '2.8.3.9', '6.4.1.6', '1.14.14.141', '1.14.14.66', '2.5.1.139']
Min-count: 12
开始代谢网络分支评估:
开始计算理论产率...
The current solver interface glpk doesn't support setting the optimality tolerance.
The current solver interface glpk doesn't support setting the optimality tolerance.
Compartment `e` sounds like an external compartment. Using this one without counting boundary reactions.
Compartment `e` sounds like an external compartment. Using this one without counting boundary reactions.
添加反应：R00391 KATp
添加反应：R01780
添加反应：R00410 OCOAT1
添加反应：R01365
添加反应：R05735
添加反应：R08207
添加反应：R08997
添加反应：R08996
最大生物量：15.802409638554224
理论产率 = 0.21947791164658645 mmol-Dgly/mmol-glc
Length: 8
Net_count: 6.433333333333334
Net_Tox: 3.320129524364682
Network_yield: 0.21947791164658645
Gibbs: -1.9962449115510381
Fitness: 2.128933549068753

get_network_totalReactions -> original-rxn_list:
['R08767', 'R10529', 'R01402', 'R05708', 'R08072', 'R08069', 'R08062', 'R08052']
get_network_totalReactions -> original-cpd_list:
['C00024', 'C00223', 'C00170', 'C00147', 'C04083', 'C16427', 'C04713', 'C16426', 'C00235']
--- 0 expanding the path into a network
For this path,best_enzyme_pool:
['2.3.1.229', '2.4.2.28', '1.5.99.12', '2.5.1.112']
Min-count: 8
开始代谢网络分支评估:
开始计算理论产率...
The current solver interface glpk doesn't support setting the optimality tolerance.
The current solver interface glpk doesn't support setting the optimality tolerance.
Compartment `e` sounds like an external compartment. Using this one without counting boundary reactions.
Compartment `e` sounds like an external compartment. Using this one without counting boundary reactions.
添加反应：R08767 4HBZCOAFm
添加反应：R10529
添加反应：R01402 MTAP
添加反应：R05708
添加反应：R08072
添加反应：R08069
添加反应：R08062
添加反应：R08052
最大生物量：15.802409638554352
理论产率 = 0.7901204819277176 mmol-Dgly/mmol-glc
Length: 8
Net_count: 4.0
Net_Tox: 3.223780235018351
Network_yield: 0.7901204819277176
Gibbs: -13.24725836692624
Fitness: -1.0417317709598932

Warning: worst_frog not found in chrom_list
get_network_totalReactions -> original-rxn_list:
['R12841', 'R08378', 'R02874', 'R02872', 'R00702', 'R09247', 'R05612', 'R09245', 'R01123']
get_network_totalReactions -> original-cpd_list:
['C00024', 'C08797', 'C01054', 'C00751', 'C03428', 'C00448', 'C04216', 'C01230', 'C00129', 'C00235']
--- 0 expanding the path into a network
--- 1 expanding the path into a network
--- 2 expanding the path into a network
--- 3 expanding the path into a network
--- 4 expanding the path into a network
--- 5 expanding the path into a network
For this path,best_enzyme_pool:
['2.3.1.-', '1.14.14.17', '1.3.1.96', '2.5.1.103', '2.5.1.30', '2.5.1.-', '2.5.1.83', '5.3.3.2']
Min-count: 19
开始代谢网络分支评估:
开始计算理论产率...
The current solver interface glpk doesn't support setting the optimality tolerance.
The current solver interface glpk doesn't support setting the optimality tolerance.
Compartment `e` sounds like an external compartment. Using this one without counting boundary reactions.
Compartment `e` sounds like an external compartment. Using this one without counting boundary reactions.
添加反应：R12841
添加反应：R08378
添加反应：R02874 SMO
添加反应：R02872 SS
添加反应：R00702 PSPPS
添加反应：R09247
添加反应：R05612 HEXTT
添加反应：R09245
反应已存在：R01123 IPDDI
最大生物量：15.80240963855422
理论产率 = 0.3021250627510041 mmol-Dgly/mmol-glc
Length: 9
Net_count: 9.890277777777778
Net_Tox: 17.117087423764026
Network_yield: 0.3021250627510041
Gibbs: -11.152134755911081
Fitness: 4.0694363480786215

=====> after trim_chrom:  长度是8---[['R05611', 'C04216', 'C04146'], ['R07267', 'C04146', 'C04145'], ['R07267', 'C04145', 'C00129'], ['R01658', 'C00129', 'C00341'], ['R08394', 'C00341', 'C09847'], ['R08083', 'C09847', 'C09871'], ['R12672', 'C09871', 'C02569'], ['R01659', 'C02569', 'C00235']]<=====
=====> after trim_chrom:  长度是3---[['R09247', 'C04216', 'C00129'], ['R09633', 'C00129', 'C19760'], ['R09633', 'C19760', 'C00235']]<=====
=====> after trim_chrom:  长度是3---[['R05612', 'C04216', 'C00129'], ['R09633', 'C00129', 'C19760'], ['R09633', 'C19760', 'C00235']]<=====
=====> after trim_chrom:  长度是4---[['R05612', 'C04216', 'C01230'], ['R09246', 'C01230', 'C00129'], ['R05884', 'C00129', 'C11811'], ['R08210', 'C11811', 'C00235']]<=====
get_network_totalReactions -> original-rxn_list:
['R00238', 'R01978', 'R02085', 'R04138', 'R04096', 'R10526', 'R03726', 'R08072', 'R08069', 'R08062', 'R08052']
get_network_totalReactions -> original-cpd_list:
['C00024', 'C00332', 'C00356', 'C03231', 'C03069', 'C02939', 'C00170', 'C04083', 'C16427', 'C04713', 'C16426', 'C00235']
--- 0 expanding the path into a network
--- 1 expanding the path into a network
For this path,best_enzyme_pool:
['2.3.1.9', '2.3.3.10', '4.2.1.18', '6.4.1.4', '1.3.8.4', '2.3.1.228', '2.5.1.24', '2.5.1.112']
Min-count: 12
开始代谢网络分支评估:
开始计算理论产率...
The current solver interface glpk doesn't support setting the optimality tolerance.
The current solver interface glpk doesn't support setting the optimality tolerance.
Compartment `e` sounds like an external compartment. Using this one without counting boundary reactions.
Compartment `e` sounds like an external compartment. Using this one without counting boundary reactions.
反应已存在：R00238 ACACT1r
添加反应：R01978
添加反应：R02085
添加反应：R04138 MCCC
添加反应：R04096
添加反应：R10526
添加反应：R03726
添加反应：R08072
添加反应：R08069
添加反应：R08062
添加反应：R08052
最大生物量：15.802409638554227
理论产率 = 0.7571987951807234 mmol-Dgly/mmol-glc
Length: 11
Net_count: 6.025
Net_Tox: 3.025962347436307
Network_yield: 0.7571987951807234
Gibbs: -2.097230552327508
Fitness: 1.7660867204675428

=====> after trim_chrom:  长度是10---[['R03726', 'C00170', 'C04083'], ['R08068', 'C04083', 'C00371'], ['R05702', 'C00371', 'C02029'], ['R08074', 'C02029', 'C16447'], ['R08067', 'C16447', 'C16431'], ['R08070', 'C16431', 'C16430'], ['R08064', 'C16430', 'C16429'], ['R08054', 'C16429', 'C16426'], ['R08061', 'C16426', 'C16424'], ['R08051', 'C16424', 'C00235']]<=====
get_network_totalReactions -> original-rxn_list:
['R05672', 'R05673', 'R05674', 'R12264', 'R08004', 'R08003']
get_network_totalReactions -> original-cpd_list:
['C00024', 'C07028', 'C07029', 'C00021', 'C16417', 'C16416', 'C00235']
--- 0 expanding the path into a network
For this path,best_enzyme_pool:
['2.3.-.-', '2.-.-.-', '2.-.-.-', '2.1.1.339', '2.1.1.338']
Min-count: 6
开始代谢网络分支评估:
开始计算理论产率...
The current solver interface glpk doesn't support setting the optimality tolerance.
The current solver interface glpk doesn't support setting the optimality tolerance.
Compartment `e` sounds like an external compartment. Using this one without counting boundary reactions.
Compartment `e` sounds like an external compartment. Using this one without counting boundary reactions.
添加反应：R05672
添加反应：R05673
添加反应：R05674
添加反应：R12264
添加反应：R08004
添加反应：R08003
最大生物量：15.802409638554217
理论产率 = 0.7901204819277108 mmol-Dgly/mmol-glc
Length: 6
Net_count: 3.0
Net_Tox: 1.970341978721941
Network_yield: 0.7901204819277108
Gibbs: -5.662121167196629
Fitness: -0.07539198227325072

get_network_totalReactions -> original-rxn_list:
['R10343', 'R02084', 'R02081', 'R02245', 'R03245', 'R01121', 'R12638', 'R09633']
get_network_totalReactions -> original-cpd_list:
['C00024', 'C00091', 'C00356', 'C00418', 'C01107', 'C01143', 'C00129', 'C19760', 'C00235']
--- 0 expanding the path into a network
--- 1 expanding the path into a network
For this path,best_enzyme_pool:
['2.8.3.18', '2.8.3.13', '1.1.1.88', '2.7.1.36', '2.7.4.2', '4.1.1.33', '2.5.1.92', '2.5.1.92']
Min-count: 9
开始代谢网络分支评估:
开始计算理论产率...
The current solver interface glpk doesn't support setting the optimality tolerance.
The current solver interface glpk doesn't support setting the optimality tolerance.
Compartment `e` sounds like an external compartment. Using this one without counting boundary reactions.
Compartment `e` sounds like an external compartment. Using this one without counting boundary reactions.
添加反应：R10343 SUCOAACTr
添加反应：R02084
添加反应：R02081
添加反应：R02245 MEVK1
添加反应：R03245 PMEVK
添加反应：R01121 DPMVD
添加反应：R12638
添加反应：R09633
最大生物量：15.802409638554249
理论产率 = 0.7901204819277124 mmol-Dgly/mmol-glc
Length: 8
Net_count: 4.5
Net_Tox: 3.8564167729571164
Network_yield: 0.7901204819277124
Gibbs: -8.279824927710749
Fitness: 0.22828222447095925

get_network_totalReactions -> original-rxn_list:
['R00238', 'R01978', 'R02085', 'R04138', 'R04096', 'R10526', 'R03726', 'R08068', 'R05702', 'R08074', 'R08067', 'R08070', 'R08064', 'R08054', 'R08061', 'R08051']
get_network_totalReactions -> original-cpd_list:
['C00024', 'C00332', 'C00356', 'C03231', 'C03069', 'C02939', 'C00170', 'C04083', 'C00371', 'C02029', 'C16447', 'C16431', 'C16430', 'C16429', 'C16426', 'C16424', 'C00235']
--- 0 expanding the path into a network
--- 1 expanding the path into a network
For this path,best_enzyme_pool:
['2.3.1.9', '2.3.3.10', '4.2.1.18', '6.4.1.4', '1.3.8.4', '2.3.1.228', '2.5.1.24', '1.3.1.69', '2.5.1.112']
Min-count: 17
开始代谢网络分支评估:
开始计算理论产率...
The current solver interface glpk doesn't support setting the optimality tolerance.
The current solver interface glpk doesn't support setting the optimality tolerance.
Compartment `e` sounds like an external compartment. Using this one without counting boundary reactions.
Compartment `e` sounds like an external compartment. Using this one without counting boundary reactions.
反应已存在：R00238 ACACT1r
添加反应：R01978
添加反应：R02085
添加反应：R04138 MCCC
添加反应：R04096
添加反应：R10526
添加反应：R03726
添加反应：R08068
添加反应：R05702
添加反应：R08074
添加反应：R08067
添加反应：R08070
添加反应：R08064
添加反应：R08054
添加反应：R08061
添加反应：R08051
最大生物量：15.802409638554126
理论产率 = 0.7901204819277063 mmol-Dgly/mmol-glc
Length: 16
Net_count: 8.5
Net_Tox: 7.579570933939694
Network_yield: 0.7901204819277063
Gibbs: -2.097230552327508
Fitness: 3.409431931744126

get_network_totalReactions -> original-rxn_list:
['R01360', 'R02081', 'R02245', 'R03245', 'R01121', 'R05884', 'R08210']
get_network_totalReactions -> original-cpd_list:
['C00024', 'C00356', 'C00418', 'C01107', 'C01143', 'C00129', 'C11811', 'C00235']
--- 0 expanding the path into a network
For this path,best_enzyme_pool:
['4.1.3.4', '1.1.1.88', '2.7.1.36', '2.7.4.2', '4.1.1.33', '1.17.7.4', '1.17.7.4']
Min-count: 7
开始代谢网络分支评估:
开始计算理论产率...
The current solver interface glpk doesn't support setting the optimality tolerance.
The current solver interface glpk doesn't support setting the optimality tolerance.
Compartment `e` sounds like an external compartment. Using this one without counting boundary reactions.
Compartment `e` sounds like an external compartment. Using this one without counting boundary reactions.
添加反应：R01360
添加反应：R02081
添加反应：R02245 MEVK1
添加反应：R03245 PMEVK
添加反应：R01121 DPMVD
添加反应：R05884
添加反应：R08210
最大生物量：15.802409638554233
理论产率 = 0.7901204819277117 mmol-Dgly/mmol-glc
Length: 7
Net_count: 3.5
Net_Tox: 1.7306909122535383
Network_yield: 0.7901204819277117
Gibbs: -14.88836180255976
Fitness: -1.8185703226395582

get_network_totalReactions -> original-rxn_list:
['R00391', 'R01780', 'R00410', 'R01365', 'R05735', 'R08207', 'R08997', 'R08996']
get_network_totalReactions -> original-cpd_list:
['C00024', 'C00264', 'C00091', 'C00332', 'C00164', 'C00207', 'C09276', 'C18083', 'C00235']
--- 0 expanding the path into a network
For this path,best_enzyme_pool:
['2.3.1.16', '2.8.3.5', '2.8.3.5', '2.8.3.9', '6.4.1.6', '1.14.14.141', '1.14.14.66', '2.5.1.139']
Min-count: 12
开始代谢网络分支评估:
开始计算理论产率...
The current solver interface glpk doesn't support setting the optimality tolerance.
The current solver interface glpk doesn't support setting the optimality tolerance.
Compartment `e` sounds like an external compartment. Using this one without counting boundary reactions.
Compartment `e` sounds like an external compartment. Using this one without counting boundary reactions.
添加反应：R00391 KATp
添加反应：R01780
添加反应：R00410 OCOAT1
添加反应：R01365
添加反应：R05735
添加反应：R08207
添加反应：R08997
添加反应：R08996
最大生物量：15.802409638554224
理论产率 = 0.21947791164658645 mmol-Dgly/mmol-glc
Length: 8
Net_count: 6.433333333333334
Net_Tox: 3.320129524364682
Network_yield: 0.21947791164658645
Gibbs: -1.9962449115510381
Fitness: 2.128933549068753

get_network_totalReactions -> original-rxn_list:
['R08767', 'R10529', 'R01402', 'R12621', 'R10646', 'R01122']
get_network_totalReactions -> original-cpd_list:
['C00024', 'C00223', 'C00170', 'C00147', 'C05198', 'C04432', 'C00235']
--- 0 expanding the path into a network
For this path,best_enzyme_pool:
['2.3.1.229', '2.4.2.28', '3.2.2.9', '2.8.4.3', '2.5.1.75']
Min-count: 9
开始代谢网络分支评估:
开始计算理论产率...
The current solver interface glpk doesn't support setting the optimality tolerance.
The current solver interface glpk doesn't support setting the optimality tolerance.
Compartment `e` sounds like an external compartment. Using this one without counting boundary reactions.
Compartment `e` sounds like an external compartment. Using this one without counting boundary reactions.
添加反应：R08767 4HBZCOAFm
添加反应：R10529
添加反应：R01402 MTAP
添加反应：R12621
添加反应：R10646
添加反应：R01122
最大生物量：15.802409638554266
理论产率 = 0.559668674698797 mmol-Dgly/mmol-glc
Length: 6
Net_count: 4.675
Net_Tox: 2.504775703299889
Network_yield: 0.559668674698797
Gibbs: -17.530729614047186
Fitness: -1.7705913845590988

get_network_totalReactions -> original-rxn_list:
['R01978', 'R02081', 'R02245', 'R03245', 'R01121', 'R05884', 'R08210']
get_network_totalReactions -> original-cpd_list:
['C00024', 'C00356', 'C00418', 'C01107', 'C01143', 'C00129', 'C11811', 'C00235']
--- 0 expanding the path into a network
For this path,best_enzyme_pool:
['2.3.3.10', '1.1.1.88', '2.7.1.36', '2.7.4.2', '4.1.1.33', '1.17.7.4', '1.17.7.4']
Min-count: 7
开始代谢网络分支评估:
开始计算理论产率...
The current solver interface glpk doesn't support setting the optimality tolerance.
The current solver interface glpk doesn't support setting the optimality tolerance.
Compartment `e` sounds like an external compartment. Using this one without counting boundary reactions.
Compartment `e` sounds like an external compartment. Using this one without counting boundary reactions.
添加反应：R01978
添加反应：R02081
添加反应：R02245 MEVK1
添加反应：R03245 PMEVK
添加反应：R01121 DPMVD
添加反应：R05884
添加反应：R08210
最大生物量：16.14586466165414
理论产率 = 0.8072932330827071 mmol-Dgly/mmol-glc
Length: 7
Net_count: 3.5
Net_Tox: 1.7306909122535383
Network_yield: 0.8072932330827071
Gibbs: -7.09523046202563
Fitness: -0.26509587987923044

get_network_totalReactions -> original-rxn_list:
['R12841', 'R08378', 'R02874', 'R02872', 'R00702', 'R09247', 'R05612', 'R09246', 'R05884', 'R08210']
get_network_totalReactions -> original-cpd_list:
['C00024', 'C08797', 'C01054', 'C00751', 'C03428', 'C00448', 'C04216', 'C01230', 'C00129', 'C11811', 'C00235']
--- 0 expanding the path into a network
--- 1 expanding the path into a network
--- 2 expanding the path into a network
--- 3 expanding the path into a network
--- 4 expanding the path into a network
--- 5 expanding the path into a network
For this path,best_enzyme_pool:
['2.3.1.-', '1.14.14.17', '1.3.1.96', '2.5.1.103', '2.5.1.30', '2.5.1.-', '2.5.1.82', '1.17.7.4', '1.17.7.4']
Min-count: 20
开始代谢网络分支评估:
开始计算理论产率...
The current solver interface glpk doesn't support setting the optimality tolerance.
The current solver interface glpk doesn't support setting the optimality tolerance.
Compartment `e` sounds like an external compartment. Using this one without counting boundary reactions.
Compartment `e` sounds like an external compartment. Using this one without counting boundary reactions.
添加反应：R12841
添加反应：R08378
添加反应：R02874 SMO
添加反应：R02872 SS
添加反应：R00702 PSPPS
添加反应：R09247
添加反应：R05612 HEXTT
添加反应：R09246
添加反应：R05884
添加反应：R08210
最大生物量：15.802409638554236
理论产率 = 0.27434738955823323 mmol-Dgly/mmol-glc
Length: 10
Net_count: 10.390595238095239
Net_Tox: 18.062728326942917
Network_yield: 0.27434738955823323
Gibbs: -11.152134755911081
Fitness: 4.416993068767468

get_network_totalReactions -> original-rxn_list:
['R02058', 'R05199', 'R01266', 'R01266', 'R00578', 'R01954', 'R01086', 'R03646', 'R00167', 'R12788', 'R09940', 'R09250', 'R07267', 'R05884', 'R08210']
get_network_totalReactions -> original-cpd_list:
['C00024', 'C00357', 'C00140', 'C04540', 'C00152', 'C00049', 'C03406', 'C00062', 'C02163', 'C00613', 'C00021', 'C00341', 'C04145', 'C00129', 'C11811', 'C00235']
--- 0 expanding the path into a network
--- 1 expanding the path into a network
For this path,best_enzyme_pool:
['2.3.1.4', '2.7.1.193', '3.2.2.11', '3.2.2.11', '6.3.5.4', '6.3.4.5', '4.3.2.1', '6.1.1.19', '2.1.1.379', '2.1.1.255', '2.5.1.84', '2.5.1.84', '1.17.7.4', '1.17.7.4']
Min-count: 16
开始代谢网络分支评估:
